240715-17:47:11	MODULE_ID:	M5UL5B2010182A2
240715-17:47:11	[INFO]	TEST_CENTER: GSI
240715-17:47:11	[INFO]	OPERATOR_ID: Dairon Rodriguez Garces
240715-17:47:11	[INFO]	MODULE ID: 	M5UL5B2010182A2
240715-17:47:11	[INFO]	SENSOR_SIZE [mm]: 	124
240715-17:47:11	[INFO]	SENSOR_QGRADE: 	D
240715-17:47:40	[INFO]	-->> RUNNING SYNCHRONIZATION
240715-17:48:10	[INFO]	<<-- FINISHED SYNCHRONIZATION
240715-17:48:10	[INFO]	-->> READING LV VALUES BEFORE CONFIGURATION
240715-17:48:10	[INFO]	<<-- FINISHED READING LV VALUES BEFORE CONFIGURATION
240715-17:48:10	[INFO]	-->> LOADING STANDARD CONFIGURATION
240715-17:48:17	[INFO]	<<-- FINISHED LOADING STANDARD CONFIGURATION
240715-17:48:17	[INFO]	-->> READING ASICs ID
240715-17:48:18	[INFO]	<<-- FINISHED READING ASICs ID
240715-17:48:18	[INFO]	-->> LOADING DEFAULT TRIM VALUES
240715-17:51:43	MODULE_ID:	M5UL5B2010182A2_240715_1751
240715-17:51:43	[INFO]	TEST_CENTER: GSI
240715-17:51:43	[INFO]	OPERATOR_ID: Dairon Rodriguez Garces
240715-17:51:43	[INFO]	MODULE ID: 	M5UL5B2010182A2
240715-17:51:43	[INFO]	SENSOR_SIZE [mm]: 	124
240715-17:51:43	[INFO]	SENSOR_QGRADE: 	D
240715-17:52:13	[INFO]	-->> RUNNING SYNCHRONIZATION
240715-17:52:43	[INFO]	<<-- FINISHED SYNCHRONIZATION
240715-17:52:43	[INFO]	-->> READING LV VALUES BEFORE CONFIGURATION
240715-17:52:44	[INFO]	<<-- FINISHED READING LV VALUES BEFORE CONFIGURATION
240715-17:52:44	[INFO]	-->> LOADING STANDARD CONFIGURATION
240715-17:52:52	[INFO]	<<-- FINISHED LOADING STANDARD CONFIGURATION
240715-17:52:52	[INFO]	-->> READING ASICs ID
240715-17:52:53	[INFO]	<<-- FINISHED READING ASICs ID
240715-17:52:53	[INFO]	-->> LOADING DEFAULT TRIM VALUES
240715-17:53:52	[INFO]	<<-- FINISHED LOADING DEFAULT TRIM VALUES
240715-17:53:52	[INFO]	-->> READING LV VALUES AFTER CONFIGURATION
240715-17:54:02	[INFO]	<<-- FINISHED READING LV VALUES AFTER CONFIGURATION
240715-17:54:02	[INFO]	-->> READING VDDM & TEMPERATURE
240715-17:54:06	[INFO]	<<-- FINISHED READING VDDM & TEMPERATURE
240715-17:54:06	[INFO]	-->> LOADING DEFAULT TRIM VALUES
240715-17:55:03	[INFO]	<<-- FINISHED LOADING DEFAULT TRIM VALUES
240715-17:55:03	[INFO]	-->> FINDING VREF_P, VREF_N & THR@_GLB FOR CALIBRATION
240715-18:00:50	MODULE_ID:	M5UL5B2010182A2_240715_1800
240715-18:00:50	[INFO]	TEST_CENTER: GSI
240715-18:00:50	[INFO]	OPERATOR_ID: Dairon Rodriguez Garces
240715-18:00:50	[INFO]	MODULE ID: 	M5UL5B2010182A2
240715-18:00:50	[INFO]	SENSOR_SIZE [mm]: 	124
240715-18:00:50	[INFO]	SENSOR_QGRADE: 	D
240715-18:01:17	[INFO]	-->> RUNNING SYNCHRONIZATION
240715-18:01:46	[INFO]	<<-- FINISHED SYNCHRONIZATION
240715-18:01:46	[INFO]	-->> READING LV VALUES BEFORE CONFIGURATION
240715-18:01:46	[INFO]	<<-- FINISHED READING LV VALUES BEFORE CONFIGURATION
240715-18:01:46	[INFO]	-->> LOADING STANDARD CONFIGURATION
240715-18:01:53	[INFO]	<<-- FINISHED LOADING STANDARD CONFIGURATION
240715-18:01:53	[INFO]	-->> READING ASICs ID
240715-18:01:54	[INFO]	<<-- FINISHED READING ASICs ID
240715-18:01:54	[INFO]	-->> LOADING DEFAULT TRIM VALUES
240715-18:02:49	[INFO]	<<-- FINISHED LOADING DEFAULT TRIM VALUES
240715-18:02:49	[INFO]	-->> READING LV VALUES AFTER CONFIGURATION
240715-18:02:59	[INFO]	<<-- FINISHED READING LV VALUES AFTER CONFIGURATION
240715-18:02:59	[INFO]	-->> READING VDDM & TEMPERATURE
240715-18:03:03	[INFO]	<<-- FINISHED READING VDDM & TEMPERATURE
240715-18:03:03	[INFO]	-->> LOADING DEFAULT TRIM VALUES
240715-18:03:59	[INFO]	<<-- FINISHED LOADING DEFAULT TRIM VALUES
240715-18:03:59	[INFO]	-->> FINDING VREF_P, VREF_N & THR@_GLB FOR CALIBRATION
240715-18:10:59	[INFO]	<<-- FINISHED FINDING VREF_P, VREF_N & THR@_GLB FOR CALIBRATION
240715-18:10:59	[INFO]	--> SETTING THE CALIBRATION PARAMETERS
240715-18:10:59	[INFO]	<<-- FINISHED SETTING THE CALIBRATION PARAMETERS
240715-18:10:59	[INFO]	-->> CALIBRATING THE MODULE
240715-18:20:05	[INFO]	CAL_ASIC_HW_ADDR_1: ftrim_XA-000-08-003-000-001-183-10_HW_1_SET_57_28_118_53_R_30_247_elect.txt
240715-18:29:09	[INFO]	CAL_ASIC_HW_ADDR_0: ftrim_XA-000-08-003-000-001-219-01_HW_0_SET_58_24_118_43_R_30_247_elect.txt
240715-18:38:14	[INFO]	CAL_ASIC_HW_ADDR_3: ftrim_XA-000-08-003-000-001-188-10_HW_3_SET_55_25_118_42_R_30_247_elect.txt
240715-18:47:16	[INFO]	CAL_ASIC_HW_ADDR_2: ftrim_XA-000-08-003-000-002-016-00_HW_2_SET_56_23_118_39_R_30_247_elect.txt
240715-18:56:38	[INFO]	CAL_ASIC_HW_ADDR_5: ftrim_XA-000-08-003-000-001-233-08_HW_5_SET_58_24_118_39_R_30_247_elect.txt
240715-19:05:49	[INFO]	CAL_ASIC_HW_ADDR_4: ftrim_XA-000-08-003-000-001-229-08_HW_4_SET_58_24_118_32_R_30_247_elect.txt
240715-19:15:01	[INFO]	CAL_ASIC_HW_ADDR_7: ftrim_XA-000-08-003-000-001-225-08_HW_7_SET_57_24_118_37_R_30_247_elect.txt
240715-19:24:03	[INFO]	CAL_ASIC_HW_ADDR_6: ftrim_XA-000-08-003-000-001-230-08_HW_6_SET_58_26_118_47_R_30_247_elect.txt
240715-19:33:02	[INFO]	CAL_ASIC_HW_ADDR_7: ftrim_XA-000-08-003-000-001-187-10_HW_7_SET_58_21_118_10_R_30_247_holes.txt
240715-19:41:59	[INFO]	CAL_ASIC_HW_ADDR_6: ftrim_XA-000-08-003-000-001-193-06_HW_6_SET_58_21_118_10_R_30_247_holes.txt
240715-19:50:58	[INFO]	CAL_ASIC_HW_ADDR_5: ftrim_XA-000-08-003-000-001-195-06_HW_5_SET_55_20_118_58_R_30_247_holes.txt
240715-19:59:53	[INFO]	CAL_ASIC_HW_ADDR_4: ftrim_XA-000-08-003-000-001-189-10_HW_4_SET_56_20_118_47_R_30_247_holes.txt
240715-20:09:09	[INFO]	CAL_ASIC_HW_ADDR_3: ftrim_XA-000-08-003-000-001-190-10_HW_3_SET_57_19_118_53_R_30_247_holes.txt
240715-20:18:20	[INFO]	CAL_ASIC_HW_ADDR_2: ftrim_XA-000-08-003-000-001-185-10_HW_2_SET_58_19_118_49_R_30_247_holes.txt
240715-20:27:35	[INFO]	CAL_ASIC_HW_ADDR_1: ftrim_XA-000-08-003-000-001-186-10_HW_1_SET_56_21_118_48_R_30_247_holes.txt
240715-20:36:59	[INFO]	CAL_ASIC_HW_ADDR_0: ftrim_XA-000-08-003-000-001-192-06_HW_0_SET_56_20_118_49_R_30_247_holes.txt
240715-20:36:59	[INFO]	<<-- FINISHED CALIBRATING THE MODULE
240715-20:36:59	[INFO]	--> SETTING THE CALIBRATION TRIM
240715-20:38:51	[INFO]	<<-- FINISHED SETTING THE CALIBRATION TRIM
240715-20:38:51	[INFO]	--> MEASURING ENC AND CHECKING CALIBRATION
240715-20:46:03	[INFO]	PSCAN_ASIC_HW_ADDR_1: pscan_240715_2038_XA-000-08-003-000-001-183-10_HW_1_SET_57_28_118_53_VP_0_255_1_NP_100_elect.txt
240715-20:53:16	[INFO]	PSCAN_ASIC_HW_ADDR_0: pscan_240715_2046_XA-000-08-003-000-001-219-01_HW_0_SET_58_24_118_43_VP_0_255_1_NP_100_elect.txt
240715-21:00:30	[INFO]	PSCAN_ASIC_HW_ADDR_3: pscan_240715_2053_XA-000-08-003-000-001-188-10_HW_3_SET_55_25_118_42_VP_0_255_1_NP_100_elect.txt
240715-21:07:49	[INFO]	PSCAN_ASIC_HW_ADDR_2: pscan_240715_2100_XA-000-08-003-000-002-016-00_HW_2_SET_56_23_118_39_VP_0_255_1_NP_100_elect.txt
240715-21:15:04	[INFO]	PSCAN_ASIC_HW_ADDR_5: pscan_240715_2107_XA-000-08-003-000-001-233-08_HW_5_SET_58_24_118_39_VP_0_255_1_NP_100_elect.txt
240715-21:22:21	[INFO]	PSCAN_ASIC_HW_ADDR_4: pscan_240715_2115_XA-000-08-003-000-001-229-08_HW_4_SET_58_24_118_32_VP_0_255_1_NP_100_elect.txt
240715-21:29:38	[INFO]	PSCAN_ASIC_HW_ADDR_7: pscan_240715_2122_XA-000-08-003-000-001-225-08_HW_7_SET_57_24_118_37_VP_0_255_1_NP_100_elect.txt
240715-21:36:47	[INFO]	PSCAN_ASIC_HW_ADDR_6: pscan_240715_2129_XA-000-08-003-000-001-230-08_HW_6_SET_58_26_118_47_VP_0_255_1_NP_100_elect.txt
240715-21:43:56	[INFO]	PSCAN_ASIC_HW_ADDR_7: pscan_240715_2136_XA-000-08-003-000-001-187-10_HW_7_SET_58_21_118_10_VP_0_255_1_NP_100_holes.txt
240715-21:51:04	[INFO]	PSCAN_ASIC_HW_ADDR_6: pscan_240715_2143_XA-000-08-003-000-001-193-06_HW_6_SET_58_21_118_10_VP_0_255_1_NP_100_holes.txt
240715-21:58:14	[INFO]	PSCAN_ASIC_HW_ADDR_5: pscan_240715_2151_XA-000-08-003-000-001-195-06_HW_5_SET_55_20_118_58_VP_0_255_1_NP_100_holes.txt
240715-22:05:24	[INFO]	PSCAN_ASIC_HW_ADDR_4: pscan_240715_2158_XA-000-08-003-000-001-189-10_HW_4_SET_56_20_118_47_VP_0_255_1_NP_100_holes.txt
240715-22:12:49	[INFO]	PSCAN_ASIC_HW_ADDR_3: pscan_240715_2205_XA-000-08-003-000-001-190-10_HW_3_SET_57_19_118_53_VP_0_255_1_NP_100_holes.txt
240715-22:20:36	[INFO]	PSCAN_ASIC_HW_ADDR_2: pscan_240715_2212_XA-000-08-003-000-001-185-10_HW_2_SET_58_19_118_49_VP_0_255_1_NP_100_holes.txt
240715-22:28:47	[INFO]	PSCAN_ASIC_HW_ADDR_1: pscan_240715_2220_XA-000-08-003-000-001-186-10_HW_1_SET_56_21_118_48_VP_0_255_1_NP_100_holes.txt
240715-22:36:45	[INFO]	PSCAN_ASIC_HW_ADDR_0: pscan_240715_2228_XA-000-08-003-000-001-192-06_HW_0_SET_56_20_118_49_VP_0_255_1_NP_100_holes.txt
240715-22:36:45	[INFO]	<<-- FINISHED MEASURING ENC AND CHECKING CALIBRATION
240716-09:31:32	MODULE_ID:	M5UL5B2010182A2_240716_0931
240716-09:31:32	[INFO]	TEST_CENTER: GSI
240716-09:31:32	[INFO]	OPERATOR_ID: Dairon Rodriguez Garces
240716-09:31:32	[INFO]	MODULE ID: 	M5UL5B2010182A2
240716-09:31:32	[INFO]	SENSOR_SIZE [mm]: 	124
240716-09:31:32	[INFO]	SENSOR_QGRADE: 	D
240716-09:31:43	[INFO]	-->> RUNNING SYNCHRONIZATION
240716-09:38:33	MODULE_ID:	M5UL5B2010182A2_240716_0938
240716-09:38:33	[INFO]	TEST_CENTER: GSI
240716-09:38:33	[INFO]	OPERATOR_ID: Dairon Rodriguez Garces
240716-09:38:33	[INFO]	MODULE ID: 	M5UL5B2010182A2
240716-09:38:33	[INFO]	SENSOR_SIZE [mm]: 	124
240716-09:38:33	[INFO]	SENSOR_QGRADE: 	D
240716-09:38:43	[INFO]	-->> RUNNING SYNCHRONIZATION
240716-09:39:13	[INFO]	<<-- FINISHED SYNCHRONIZATION
240716-09:39:13	[INFO]	-->> READING LV VALUES BEFORE CONFIGURATION
240716-09:39:14	[INFO]	<<-- FINISHED READING LV VALUES BEFORE CONFIGURATION
240716-09:39:14	[INFO]	-->> LOADING STANDARD CONFIGURATION
240716-09:39:22	[INFO]	<<-- FINISHED LOADING STANDARD CONFIGURATION
240716-09:39:22	[INFO]	-->> READING ASICs ID
240716-09:39:23	[INFO]	<<-- FINISHED READING ASICs ID
240716-09:39:23	[INFO]	-->> LOADING DEFAULT TRIM VALUES
240716-09:40:21	[INFO]	<<-- FINISHED LOADING DEFAULT TRIM VALUES
240716-09:40:21	[INFO]	-->> READING LV VALUES AFTER CONFIGURATION
240716-09:40:31	[INFO]	<<-- FINISHED READING LV VALUES AFTER CONFIGURATION
240716-09:40:31	[INFO]	-->> READING VDDM & TEMPERATURE
240716-09:40:34	[INFO]	<<-- FINISHED READING VDDM & TEMPERATURE
240716-09:40:34	[INFO]	--> SETTING THE CALIBRATION TRIM
240716-09:42:59	[INFO]	<<-- FINISHED SETTING THE CALIBRATION TRIM
240716-09:42:59	[INFO]	--> CHECKING CHANNELS' CONNECTIVITY
240716-09:42:59	[INFO]	CONN-CHECK_ASIC_HW_ADDR_1: elect
240716-09:43:19	[INFO]	CONN-CHECK_ASIC_HW_ADDR_0: elect
240716-09:43:39	[INFO]	CONN-CHECK_ASIC_HW_ADDR_3: elect
240716-09:43:59	[INFO]	CONN-CHECK_ASIC_HW_ADDR_2: elect
240716-09:44:19	[INFO]	CONN-CHECK_ASIC_HW_ADDR_5: elect
240716-09:44:39	[INFO]	CONN-CHECK_ASIC_HW_ADDR_4: elect
240716-09:44:58	[INFO]	CONN-CHECK_ASIC_HW_ADDR_7: elect
240716-09:45:18	[INFO]	CONN-CHECK_ASIC_HW_ADDR_6: elect
240716-09:45:38	[INFO]	CONN-CHECK_ASIC_HW_ADDR_7: holes
240716-09:46:01	[INFO]	CONN-CHECK_ASIC_HW_ADDR_6: holes
240716-09:46:25	[INFO]	CONN-CHECK_ASIC_HW_ADDR_5: holes
240716-09:46:47	[INFO]	CONN-CHECK_ASIC_HW_ADDR_4: holes
240716-09:47:10	[INFO]	CONN-CHECK_ASIC_HW_ADDR_3: holes
240716-09:47:32	[INFO]	CONN-CHECK_ASIC_HW_ADDR_2: holes
240716-09:47:53	[INFO]	CONN-CHECK_ASIC_HW_ADDR_1: holes
240716-09:48:13	[INFO]	CONN-CHECK_ASIC_HW_ADDR_0: holes
240716-09:48:33	[INFO]	<<-- FINISHED CHECKING CHANNELS' CONNECTIVITY
