240624-10:42:07	MODULE_ID:	M5UL5B0010180A2
240624-10:42:07	[INFO]	TEST_CENTER: GSI
240624-10:42:07	[INFO]	OPERATOR_ID: Dairon Rodriguez Garces
240624-10:42:07	[INFO]	MODULE ID: 	M5UL5B0010180A2
240624-10:42:07	[INFO]	SENSOR_SIZE [mm]: 	62
240624-10:42:07	[INFO]	SENSOR_QGRADE: 	C
240624-10:42:24	[INFO]	-->> RUNNING SYNCHRONIZATION
240624-10:42:53	[INFO]	<<-- FINISHED SYNCHRONIZATION
240624-10:42:53	[INFO]	-->> READING LV VALUES BEFORE CONFIGURATION
240624-10:42:54	[INFO]	<<-- FINISHED READING LV VALUES BEFORE CONFIGURATION
240624-10:42:54	[INFO]	-->> LOADING STANDARD CONFIGURATION
240624-10:43:01	[INFO]	<<-- FINISHED LOADING STANDARD CONFIGURATION
240624-10:43:01	[INFO]	-->> READING ASICs ID
240624-10:43:02	[INFO]	<<-- FINISHED READING ASICs ID
240624-10:43:02	[INFO]	-->> LOADING DEFAULT TRIM VALUES
240624-10:43:58	[INFO]	<<-- FINISHED LOADING DEFAULT TRIM VALUES
240624-10:43:58	[INFO]	-->> READING LV VALUES AFTER CONFIGURATION
240624-10:44:08	[INFO]	<<-- FINISHED READING LV VALUES AFTER CONFIGURATION
240624-10:44:08	[INFO]	-->> READING VDDM & TEMPERATURE
240624-10:44:12	[INFO]	<<-- FINISHED READING VDDM & TEMPERATURE
240624-10:44:12	[INFO]	-->> LOADING DEFAULT TRIM VALUES
240624-10:45:08	[INFO]	<<-- FINISHED LOADING DEFAULT TRIM VALUES
240624-10:45:08	[INFO]	-->> FINDING VREF_P, VREF_N & THR@_GLB FOR CALIBRATION
240624-10:52:24	[INFO]	<<-- FINISHED FINDING VREF_P, VREF_N & THR@_GLB FOR CALIBRATION
240624-10:52:24	[INFO]	--> SETTING THE CALIBRATION PARAMETERS
240624-10:52:24	[INFO]	<<-- FINISHED SETTING THE CALIBRATION PARAMETERS
240624-10:52:24	[INFO]	-->> CALIBRATING THE MODULE
240624-11:01:30	[INFO]	CAL_ASIC_HW_ADDR_1: ftrim_XA-000-08-003-000-001-111-02_HW_1_SET_57_22_118_44_R_30_247_elect.txt
240624-11:10:29	[INFO]	CAL_ASIC_HW_ADDR_0: ftrim_XA-000-08-003-000-001-160-13_HW_0_SET_56_24_118_47_R_30_247_elect.txt
240624-11:19:31	[INFO]	CAL_ASIC_HW_ADDR_3: ftrim_XA-000-08-003-000-001-164-13_HW_3_SET_58_23_118_46_R_30_247_elect.txt
240624-11:28:30	[INFO]	CAL_ASIC_HW_ADDR_2: ftrim_XA-000-08-003-000-001-156-04_HW_2_SET_57_23_118_37_R_30_247_elect.txt
240624-11:37:43	[INFO]	CAL_ASIC_HW_ADDR_5: ftrim_XA-000-08-003-000-001-155-04_HW_5_SET_57_26_118_44_R_30_247_elect.txt
240624-11:47:15	[INFO]	CAL_ASIC_HW_ADDR_4: ftrim_XA-000-08-003-000-001-166-13_HW_4_SET_56_21_118_55_R_30_247_elect.txt
240624-11:56:34	[INFO]	CAL_ASIC_HW_ADDR_7: ftrim_XA-000-08-003-000-001-165-13_HW_7_SET_55_24_118_55_R_30_247_elect.txt
240624-12:05:30	[INFO]	CAL_ASIC_HW_ADDR_6: ftrim_XA-000-08-003-000-001-162-13_HW_6_SET_57_22_118_60_R_30_247_elect.txt
240624-12:14:18	[INFO]	CAL_ASIC_HW_ADDR_7: ftrim_XA-000-08-003-000-001-103-02_HW_7_SET_57_21_118_69_R_30_247_holes.txt
240624-12:23:04	[INFO]	CAL_ASIC_HW_ADDR_6: ftrim_XA-000-08-003-000-001-109-02_HW_6_SET_58_20_118_48_R_30_247_holes.txt
240624-12:31:49	[INFO]	CAL_ASIC_HW_ADDR_5: ftrim_XA-000-08-003-000-001-108-02_HW_5_SET_57_20_118_56_R_30_247_holes.txt
240624-12:40:36	[INFO]	CAL_ASIC_HW_ADDR_4: ftrim_XA-000-08-003-000-001-110-02_HW_4_SET_56_20_118_45_R_30_247_holes.txt
240624-12:49:30	[INFO]	CAL_ASIC_HW_ADDR_3: ftrim_XA-000-08-003-000-001-099-02_HW_3_SET_56_21_118_57_R_30_247_holes.txt
240624-12:58:27	[INFO]	CAL_ASIC_HW_ADDR_2: ftrim_XA-000-08-003-000-001-105-02_HW_2_SET_58_21_118_50_R_30_247_holes.txt
240624-13:07:13	[INFO]	CAL_ASIC_HW_ADDR_1: ftrim_XA-000-08-003-000-001-104-02_HW_1_SET_55_20_118_58_R_30_247_holes.txt
240624-13:15:58	[INFO]	CAL_ASIC_HW_ADDR_0: ftrim_XA-000-08-003-000-001-100-02_HW_0_SET_54_20_118_58_R_30_247_holes.txt
240624-13:15:58	[INFO]	<<-- FINISHED CALIBRATING THE MODULE
240624-13:15:58	[INFO]	--> SETTING THE CALIBRATION TRIM
240624-13:17:46	[INFO]	<<-- FINISHED SETTING THE CALIBRATION TRIM
240624-13:17:46	[INFO]	--> MEASURING ENC AND CHECKING CALIBRATION
240624-13:24:51	[INFO]	PSCAN_ASIC_HW_ADDR_1: pscan_240624_1317_XA-000-08-003-000-001-111-02_HW_1_SET_57_22_118_44_VP_0_255_1_NP_100_elect.txt
240624-13:31:58	[INFO]	PSCAN_ASIC_HW_ADDR_0: pscan_240624_1324_XA-000-08-003-000-001-160-13_HW_0_SET_56_24_118_47_VP_0_255_1_NP_100_elect.txt
240624-13:39:08	[INFO]	PSCAN_ASIC_HW_ADDR_3: pscan_240624_1331_XA-000-08-003-000-001-164-13_HW_3_SET_58_23_118_46_VP_0_255_1_NP_100_elect.txt
240624-13:46:15	[INFO]	PSCAN_ASIC_HW_ADDR_2: pscan_240624_1339_XA-000-08-003-000-001-156-04_HW_2_SET_57_23_118_37_VP_0_255_1_NP_100_elect.txt
240624-13:53:24	[INFO]	PSCAN_ASIC_HW_ADDR_5: pscan_240624_1346_XA-000-08-003-000-001-155-04_HW_5_SET_57_26_118_44_VP_0_255_1_NP_100_elect.txt
240624-14:00:28	[INFO]	PSCAN_ASIC_HW_ADDR_4: pscan_240624_1353_XA-000-08-003-000-001-166-13_HW_4_SET_56_21_118_55_VP_0_255_1_NP_100_elect.txt
240624-14:07:31	[INFO]	PSCAN_ASIC_HW_ADDR_7: pscan_240624_1400_XA-000-08-003-000-001-165-13_HW_7_SET_55_24_118_55_VP_0_255_1_NP_100_elect.txt
240624-14:14:31	[INFO]	PSCAN_ASIC_HW_ADDR_6: pscan_240624_1407_XA-000-08-003-000-001-162-13_HW_6_SET_57_22_118_60_VP_0_255_1_NP_100_elect.txt
240624-14:21:31	[INFO]	PSCAN_ASIC_HW_ADDR_7: pscan_240624_1414_XA-000-08-003-000-001-103-02_HW_7_SET_57_21_118_69_VP_0_255_1_NP_100_holes.txt
240624-14:28:34	[INFO]	PSCAN_ASIC_HW_ADDR_6: pscan_240624_1421_XA-000-08-003-000-001-109-02_HW_6_SET_58_20_118_48_VP_0_255_1_NP_100_holes.txt
240624-14:35:33	[INFO]	PSCAN_ASIC_HW_ADDR_5: pscan_240624_1428_XA-000-08-003-000-001-108-02_HW_5_SET_57_20_118_56_VP_0_255_1_NP_100_holes.txt
240624-14:42:38	[INFO]	PSCAN_ASIC_HW_ADDR_4: pscan_240624_1435_XA-000-08-003-000-001-110-02_HW_4_SET_56_20_118_45_VP_0_255_1_NP_100_holes.txt
240624-14:49:47	[INFO]	PSCAN_ASIC_HW_ADDR_3: pscan_240624_1442_XA-000-08-003-000-001-099-02_HW_3_SET_56_21_118_57_VP_0_255_1_NP_100_holes.txt
240624-14:56:52	[INFO]	PSCAN_ASIC_HW_ADDR_2: pscan_240624_1449_XA-000-08-003-000-001-105-02_HW_2_SET_58_21_118_50_VP_0_255_1_NP_100_holes.txt
240624-15:04:04	[INFO]	PSCAN_ASIC_HW_ADDR_1: pscan_240624_1456_XA-000-08-003-000-001-104-02_HW_1_SET_55_20_118_58_VP_0_255_1_NP_100_holes.txt
240624-15:11:11	[INFO]	PSCAN_ASIC_HW_ADDR_0: pscan_240624_1504_XA-000-08-003-000-001-100-02_HW_0_SET_54_20_118_58_VP_0_255_1_NP_100_holes.txt
240624-15:11:11	[INFO]	<<-- FINISHED MEASURING ENC AND CHECKING CALIBRATION
240624-15:45:23	MODULE_ID:	M5UL5B0010180A2_240624_1545
240624-15:45:23	[INFO]	TEST_CENTER: GSI
240624-15:45:23	[INFO]	OPERATOR_ID: Dairon Rodriguez Garces
240624-15:45:23	[INFO]	MODULE ID: 	M5UL5B0010180A2
240624-15:45:23	[INFO]	SENSOR_SIZE [mm]: 	62
240624-15:45:23	[INFO]	SENSOR_QGRADE: 	C
240624-15:45:38	[INFO]	-->> RUNNING SYNCHRONIZATION
240624-15:46:09	[INFO]	<<-- FINISHED SYNCHRONIZATION
240624-15:46:09	[INFO]	-->> READING LV VALUES BEFORE CONFIGURATION
240624-15:46:09	[INFO]	<<-- FINISHED READING LV VALUES BEFORE CONFIGURATION
240624-15:46:09	[INFO]	-->> LOADING STANDARD CONFIGURATION
240624-15:46:17	[INFO]	<<-- FINISHED LOADING STANDARD CONFIGURATION
240624-15:46:17	[INFO]	-->> READING ASICs ID
240624-15:46:19	[INFO]	<<-- FINISHED READING ASICs ID
240624-15:46:19	[INFO]	-->> LOADING DEFAULT TRIM VALUES
240624-15:47:19	[INFO]	<<-- FINISHED LOADING DEFAULT TRIM VALUES
240624-15:47:19	[INFO]	-->> READING LV VALUES AFTER CONFIGURATION
240624-15:47:29	[INFO]	<<-- FINISHED READING LV VALUES AFTER CONFIGURATION
240624-15:47:29	[INFO]	-->> READING VDDM & TEMPERATURE
240624-15:47:32	[INFO]	<<-- FINISHED READING VDDM & TEMPERATURE
240624-15:47:32	[INFO]	--> SETTING THE CALIBRATION TRIM
240624-15:49:28	[INFO]	<<-- FINISHED SETTING THE CALIBRATION TRIM
240624-15:49:28	[INFO]	--> CHECKING CHANNELS' CONNECTIVITY
240624-15:49:28	[INFO]	CONN-CHECK_ASIC_HW_ADDR_1: elect
240624-15:49:47	[INFO]	CONN-CHECK_ASIC_HW_ADDR_0: elect
240624-15:50:08	[INFO]	CONN-CHECK_ASIC_HW_ADDR_3: elect
240624-15:50:28	[INFO]	CONN-CHECK_ASIC_HW_ADDR_2: elect
240624-15:50:49	[INFO]	CONN-CHECK_ASIC_HW_ADDR_5: elect
240624-15:51:09	[INFO]	CONN-CHECK_ASIC_HW_ADDR_4: elect
240624-15:51:28	[INFO]	CONN-CHECK_ASIC_HW_ADDR_7: elect
240624-15:51:47	[INFO]	CONN-CHECK_ASIC_HW_ADDR_6: elect
240624-15:52:06	[INFO]	CONN-CHECK_ASIC_HW_ADDR_7: holes
240624-15:52:24	[INFO]	CONN-CHECK_ASIC_HW_ADDR_6: holes
240624-15:52:42	[INFO]	CONN-CHECK_ASIC_HW_ADDR_5: holes
240624-15:53:01	[INFO]	CONN-CHECK_ASIC_HW_ADDR_4: holes
240624-15:53:19	[INFO]	CONN-CHECK_ASIC_HW_ADDR_3: holes
240624-15:53:38	[INFO]	CONN-CHECK_ASIC_HW_ADDR_2: holes
240624-15:53:57	[INFO]	CONN-CHECK_ASIC_HW_ADDR_1: holes
240624-15:54:17	[INFO]	CONN-CHECK_ASIC_HW_ADDR_0: holes
240624-15:54:36	[INFO]	<<-- FINISHED CHECKING CHANNELS' CONNECTIVITY
