240620-10:49:19	MODULE_ID:	M5UL5B1010181A2
240620-10:49:19	[INFO]	TEST_CENTER: GSI
240620-10:49:19	[INFO]	OPERATOR_ID: Dairon Rodriguez Garces
240620-10:49:19	[INFO]	MODULE ID: 	M5UL5B1010181A2
240620-10:49:19	[INFO]	SENSOR_SIZE [mm]: 	124
240620-10:49:19	[INFO]	SENSOR_QGRADE: 	C
240620-10:52:14	[INFO]	-->> RUNNING SYNCHRONIZATION
240620-10:52:44	[INFO]	<<-- FINISHED SYNCHRONIZATION
240620-10:52:44	[INFO]	-->> READING LV VALUES BEFORE CONFIGURATION
240620-10:52:44	[INFO]	<<-- FINISHED READING LV VALUES BEFORE CONFIGURATION
240620-10:52:44	[INFO]	-->> LOADING STANDARD CONFIGURATION
240620-10:52:51	[INFO]	<<-- FINISHED LOADING STANDARD CONFIGURATION
240620-10:52:51	[INFO]	-->> READING ASICs ID
240620-10:52:52	[INFO]	<<-- FINISHED READING ASICs ID
240620-10:52:52	[INFO]	-->> READING LV VALUES AFTER CONFIGURATION
240620-10:53:02	[INFO]	<<-- FINISHED READING LV VALUES AFTER CONFIGURATION
240620-10:53:02	[INFO]	-->> READING VDDM & TEMPERATURE
240620-10:53:06	[INFO]	<<-- FINISHED READING VDDM & TEMPERATURE
240620-10:53:06	[INFO]	-->> LOADING DEFAULT TRIM VALUES
240620-10:54:00	[INFO]	<<-- FINISHED LOADING DEFAULT TRIM VALUES
240620-10:54:00	[INFO]	-->> FINDING VREF_P, VREF_N & THR@_GLB FOR CALIBRATION
240620-11:01:04	[INFO]	<<-- FINISHED FINDING VREF_P, VREF_N & THR@_GLB FOR CALIBRATION
240620-11:01:04	[INFO]	--> SETTING THE CALIBRATION PARAMETERS
240620-11:01:04	[INFO]	<<-- FINISHED SETTING THE CALIBRATION PARAMETERS
240620-11:01:04	[INFO]	-->> CALIBRATING THE MODULE
240620-11:10:15	[INFO]	CAL_ASIC_HW_ADDR_1: ftrim_XA-000-08-003-000-001-171-13_HW_1_SET_52_28_118_10_R_30_247_elect.txt
240620-11:19:26	[INFO]	CAL_ASIC_HW_ADDR_0: ftrim_XA-000-08-003-000-001-169-13_HW_0_SET_53_28_118_10_R_30_247_elect.txt
240620-11:28:42	[INFO]	CAL_ASIC_HW_ADDR_3: ftrim_XA-000-08-003-000-001-170-13_HW_3_SET_53_27_118_10_R_30_247_elect.txt
240620-11:37:56	[INFO]	CAL_ASIC_HW_ADDR_2: ftrim_XA-000-08-003-000-001-173-13_HW_2_SET_53_29_118_10_R_30_247_elect.txt
240620-11:47:12	[INFO]	CAL_ASIC_HW_ADDR_5: ftrim_XA-000-08-003-000-001-174-13_HW_5_SET_52_29_118_10_R_30_247_elect.txt
240620-11:56:21	[INFO]	CAL_ASIC_HW_ADDR_4: ftrim_XA-000-08-003-000-001-177-10_HW_4_SET_51_30_118_10_R_30_247_elect.txt
240620-12:05:27	[INFO]	CAL_ASIC_HW_ADDR_7: ftrim_XA-000-08-003-000-001-178-10_HW_7_SET_52_29_118_10_R_30_247_elect.txt
240620-12:14:37	[INFO]	CAL_ASIC_HW_ADDR_6: ftrim_XA-000-08-003-000-001-191-10_HW_6_SET_51_27_118_10_R_30_247_elect.txt
240620-12:23:50	[INFO]	CAL_ASIC_HW_ADDR_7: ftrim_XA-000-08-003-000-001-151-04_HW_7_SET_51_22_118_10_R_30_247_holes.txt
240620-12:33:05	[INFO]	CAL_ASIC_HW_ADDR_6: ftrim_XA-000-08-003-000-001-176-10_HW_6_SET_49_25_118_10_R_30_247_holes.txt
240620-12:42:13	[INFO]	CAL_ASIC_HW_ADDR_5: ftrim_XA-000-08-003-000-001-150-04_HW_5_SET_50_23_118_10_R_30_247_holes.txt
240620-12:51:41	[INFO]	CAL_ASIC_HW_ADDR_4: ftrim_XA-000-08-003-000-001-172-13_HW_4_SET_51_25_118_10_R_30_247_holes.txt
240620-13:01:10	[INFO]	CAL_ASIC_HW_ADDR_3: ftrim_XA-000-08-003-000-001-143-03_HW_3_SET_48_22_118_10_R_30_247_holes.txt
240620-13:10:27	[INFO]	CAL_ASIC_HW_ADDR_2: ftrim_XA-000-08-003-000-001-181-10_HW_2_SET_50_22_118_10_R_30_247_holes.txt
240620-13:19:57	[INFO]	CAL_ASIC_HW_ADDR_1: ftrim_XA-000-08-003-000-001-182-10_HW_1_SET_47_24_118_10_R_30_247_holes.txt
240620-13:29:28	[INFO]	CAL_ASIC_HW_ADDR_0: ftrim_XA-000-08-003-000-001-175-13_HW_0_SET_51_20_118_10_R_30_247_holes.txt
240620-13:29:28	[INFO]	<<-- FINISHED CALIBRATING THE MODULE
240620-13:29:28	[INFO]	--> SETTING THE CALIBRATION TRIM
240620-13:31:30	[INFO]	<<-- FINISHED SETTING THE CALIBRATION TRIM
240620-13:31:30	[INFO]	--> MEASURING ENC AND CHECKING CALIBRATION
240620-13:38:51	[INFO]	PSCAN_ASIC_HW_ADDR_1: pscan_240620_1331_XA-000-08-003-000-001-171-13_HW_1_SET_52_28_118_10_VP_0_255_1_NP_100_elect.txt
240620-13:45:58	[INFO]	PSCAN_ASIC_HW_ADDR_0: pscan_240620_1338_XA-000-08-003-000-001-169-13_HW_0_SET_53_28_118_10_VP_0_255_1_NP_100_elect.txt
240620-13:53:08	[INFO]	PSCAN_ASIC_HW_ADDR_3: pscan_240620_1345_XA-000-08-003-000-001-170-13_HW_3_SET_53_27_118_10_VP_0_255_1_NP_100_elect.txt
240620-14:00:18	[INFO]	PSCAN_ASIC_HW_ADDR_2: pscan_240620_1353_XA-000-08-003-000-001-173-13_HW_2_SET_53_29_118_10_VP_0_255_1_NP_100_elect.txt
240620-14:07:25	[INFO]	PSCAN_ASIC_HW_ADDR_5: pscan_240620_1400_XA-000-08-003-000-001-174-13_HW_5_SET_52_29_118_10_VP_0_255_1_NP_100_elect.txt
240620-14:14:38	[INFO]	PSCAN_ASIC_HW_ADDR_4: pscan_240620_1407_XA-000-08-003-000-001-177-10_HW_4_SET_51_30_118_10_VP_0_255_1_NP_100_elect.txt
240620-14:21:48	[INFO]	PSCAN_ASIC_HW_ADDR_7: pscan_240620_1414_XA-000-08-003-000-001-178-10_HW_7_SET_52_29_118_10_VP_0_255_1_NP_100_elect.txt
240620-14:29:06	[INFO]	PSCAN_ASIC_HW_ADDR_6: pscan_240620_1421_XA-000-08-003-000-001-191-10_HW_6_SET_51_27_118_10_VP_0_255_1_NP_100_elect.txt
240620-14:36:13	[INFO]	PSCAN_ASIC_HW_ADDR_7: pscan_240620_1429_XA-000-08-003-000-001-151-04_HW_7_SET_51_22_118_10_VP_0_255_1_NP_100_holes.txt
240620-14:43:22	[INFO]	PSCAN_ASIC_HW_ADDR_6: pscan_240620_1436_XA-000-08-003-000-001-176-10_HW_6_SET_49_25_118_10_VP_0_255_1_NP_100_holes.txt
240620-14:50:37	[INFO]	PSCAN_ASIC_HW_ADDR_5: pscan_240620_1443_XA-000-08-003-000-001-150-04_HW_5_SET_50_23_118_10_VP_0_255_1_NP_100_holes.txt
240620-14:58:01	[INFO]	PSCAN_ASIC_HW_ADDR_4: pscan_240620_1450_XA-000-08-003-000-001-172-13_HW_4_SET_51_25_118_10_VP_0_255_1_NP_100_holes.txt
240620-15:05:43	[INFO]	PSCAN_ASIC_HW_ADDR_3: pscan_240620_1458_XA-000-08-003-000-001-143-03_HW_3_SET_48_22_118_10_VP_0_255_1_NP_100_holes.txt
240620-15:12:58	[INFO]	PSCAN_ASIC_HW_ADDR_2: pscan_240620_1505_XA-000-08-003-000-001-181-10_HW_2_SET_50_22_118_10_VP_0_255_1_NP_100_holes.txt
240620-15:20:17	[INFO]	PSCAN_ASIC_HW_ADDR_1: pscan_240620_1512_XA-000-08-003-000-001-182-10_HW_1_SET_47_24_118_10_VP_0_255_1_NP_100_holes.txt
240620-15:27:41	[INFO]	PSCAN_ASIC_HW_ADDR_0: pscan_240620_1520_XA-000-08-003-000-001-175-13_HW_0_SET_51_20_118_10_VP_0_255_1_NP_100_holes.txt
240620-15:27:41	[INFO]	<<-- FINISHED MEASURING ENC AND CHECKING CALIBRATION
240620-15:35:10	MODULE_ID:	M5UL5B1010181A2_240620_1535
240620-15:35:10	[INFO]	TEST_CENTER: GSI
240620-15:35:10	[INFO]	OPERATOR_ID: Dairon Rodriguez Garces
240620-15:35:10	[INFO]	MODULE ID: 	M5UL5B1010181A2
240620-15:35:10	[INFO]	SENSOR_SIZE [mm]: 	124
240620-15:35:10	[INFO]	SENSOR_QGRADE: 	C
240620-15:40:22	[INFO]	-->> RUNNING SYNCHRONIZATION
240620-15:40:52	[INFO]	<<-- FINISHED SYNCHRONIZATION
240620-15:40:52	[INFO]	-->> READING LV VALUES BEFORE CONFIGURATION
240620-15:40:52	[INFO]	<<-- FINISHED READING LV VALUES BEFORE CONFIGURATION
240620-15:40:52	[INFO]	-->> LOADING STANDARD CONFIGURATION
240620-15:41:00	[INFO]	<<-- FINISHED LOADING STANDARD CONFIGURATION
240620-15:41:00	[INFO]	-->> READING ASICs ID
240620-15:41:01	[INFO]	<<-- FINISHED READING ASICs ID
240620-15:41:01	[INFO]	-->> READING LV VALUES AFTER CONFIGURATION
240620-15:41:11	[INFO]	<<-- FINISHED READING LV VALUES AFTER CONFIGURATION
240620-15:41:11	[INFO]	-->> READING VDDM & TEMPERATURE
240620-15:41:15	[INFO]	<<-- FINISHED READING VDDM & TEMPERATURE
240620-15:41:15	[INFO]	--> SETTING THE CALIBRATION TRIM
240620-15:43:17	[INFO]	<<-- FINISHED SETTING THE CALIBRATION TRIM
240620-15:43:17	[INFO]	--> CHECKING CHANNELS' CONNECTIVITY
240620-15:43:17	[INFO]	CONN-CHECK_ASIC_HW_ADDR_1: elect
240620-15:43:36	[INFO]	CONN-CHECK_ASIC_HW_ADDR_0: elect
240620-15:43:54	[INFO]	CONN-CHECK_ASIC_HW_ADDR_3: elect
240620-15:44:12	[INFO]	CONN-CHECK_ASIC_HW_ADDR_2: elect
240620-15:44:31	[INFO]	CONN-CHECK_ASIC_HW_ADDR_5: elect
240620-15:44:52	[INFO]	CONN-CHECK_ASIC_HW_ADDR_4: elect
240620-15:45:12	[INFO]	CONN-CHECK_ASIC_HW_ADDR_7: elect
240620-15:45:33	[INFO]	CONN-CHECK_ASIC_HW_ADDR_6: elect
240620-15:45:53	[INFO]	CONN-CHECK_ASIC_HW_ADDR_7: holes
240620-15:46:13	[INFO]	CONN-CHECK_ASIC_HW_ADDR_6: holes
240620-15:46:33	[INFO]	CONN-CHECK_ASIC_HW_ADDR_5: holes
240620-15:46:54	[INFO]	CONN-CHECK_ASIC_HW_ADDR_4: holes
240620-15:47:13	[INFO]	CONN-CHECK_ASIC_HW_ADDR_3: holes
240620-15:47:33	[INFO]	CONN-CHECK_ASIC_HW_ADDR_2: holes
240620-15:47:53	[INFO]	CONN-CHECK_ASIC_HW_ADDR_1: holes
240620-15:48:14	[INFO]	CONN-CHECK_ASIC_HW_ADDR_0: holes
240620-15:48:32	[INFO]	<<-- FINISHED CHECKING CHANNELS' CONNECTIVITY
240620-16:25:46	MODULE_ID:	M5UL5B1010181A2_240620_1625
240620-16:25:46	[INFO]	TEST_CENTER: GSI
240620-16:25:46	[INFO]	OPERATOR_ID: Dairon Rodriguez Garces
240620-16:25:46	[INFO]	MODULE ID: 	M5UL5B1010181A2
240620-16:25:46	[INFO]	SENSOR_SIZE [mm]: 	124
240620-16:25:46	[INFO]	SENSOR_QGRADE: 	C
240620-16:26:17	[INFO]	-->> RUNNING SYNCHRONIZATION
240620-16:26:47	[INFO]	<<-- FINISHED SYNCHRONIZATION
240620-16:26:47	[INFO]	-->> READING LV VALUES BEFORE CONFIGURATION
240620-16:26:48	[INFO]	<<-- FINISHED READING LV VALUES BEFORE CONFIGURATION
240620-16:26:48	[INFO]	-->> LOADING STANDARD CONFIGURATION
240620-16:26:55	[INFO]	<<-- FINISHED LOADING STANDARD CONFIGURATION
240620-16:26:55	[INFO]	-->> READING ASICs ID
240620-16:26:56	[INFO]	<<-- FINISHED READING ASICs ID
240620-16:26:56	[INFO]	-->> READING LV VALUES AFTER CONFIGURATION
240620-16:27:06	[INFO]	<<-- FINISHED READING LV VALUES AFTER CONFIGURATION
240620-16:27:06	[INFO]	-->> READING VDDM & TEMPERATURE
240620-16:27:10	[INFO]	<<-- FINISHED READING VDDM & TEMPERATURE
240620-16:27:10	[INFO]	-->> LOADING DEFAULT TRIM VALUES
240620-16:28:10	[INFO]	<<-- FINISHED LOADING DEFAULT TRIM VALUES
240620-16:28:10	[INFO]	-->> FINDING VREF_P, VREF_N & THR@_GLB FOR CALIBRATION
240620-16:35:09	[INFO]	<<-- FINISHED FINDING VREF_P, VREF_N & THR@_GLB FOR CALIBRATION
240620-16:35:09	[INFO]	--> SETTING THE CALIBRATION PARAMETERS
240620-16:35:09	[INFO]	<<-- FINISHED SETTING THE CALIBRATION PARAMETERS
240620-16:35:09	[INFO]	-->> CALIBRATING THE MODULE
240620-16:44:07	[INFO]	CAL_ASIC_HW_ADDR_1: ftrim_XA-000-08-003-000-001-171-13_HW_1_SET_52_26_118_10_R_30_247_elect.txt
240620-16:53:06	[INFO]	CAL_ASIC_HW_ADDR_0: ftrim_XA-000-08-003-000-001-169-13_HW_0_SET_53_26_118_10_R_30_247_elect.txt
240620-17:02:10	[INFO]	CAL_ASIC_HW_ADDR_3: ftrim_XA-000-08-003-000-001-170-13_HW_3_SET_53_25_118_10_R_30_247_elect.txt
240620-17:11:13	[INFO]	CAL_ASIC_HW_ADDR_2: ftrim_XA-000-08-003-000-001-173-13_HW_2_SET_53_27_118_10_R_30_247_elect.txt
240620-17:20:59	[INFO]	CAL_ASIC_HW_ADDR_5: ftrim_XA-000-08-003-000-001-174-13_HW_5_SET_52_27_118_10_R_30_247_elect.txt
240620-17:30:06	[INFO]	CAL_ASIC_HW_ADDR_4: ftrim_XA-000-08-003-000-001-177-10_HW_4_SET_51_28_118_10_R_30_247_elect.txt
240620-17:39:18	[INFO]	CAL_ASIC_HW_ADDR_7: ftrim_XA-000-08-003-000-001-178-10_HW_7_SET_52_27_118_10_R_30_247_elect.txt
240620-17:48:24	[INFO]	CAL_ASIC_HW_ADDR_6: ftrim_XA-000-08-003-000-001-191-10_HW_6_SET_51_25_118_10_R_30_247_elect.txt
240620-17:57:27	[INFO]	CAL_ASIC_HW_ADDR_7: ftrim_XA-000-08-003-000-001-151-04_HW_7_SET_50_22_118_10_R_30_247_holes.txt
240620-18:06:33	[INFO]	CAL_ASIC_HW_ADDR_6: ftrim_XA-000-08-003-000-001-176-10_HW_6_SET_48_25_118_10_R_30_247_holes.txt
240620-18:15:42	[INFO]	CAL_ASIC_HW_ADDR_5: ftrim_XA-000-08-003-000-001-150-04_HW_5_SET_50_23_118_10_R_30_247_holes.txt
240620-18:24:42	[INFO]	CAL_ASIC_HW_ADDR_4: ftrim_XA-000-08-003-000-001-172-13_HW_4_SET_51_24_118_10_R_30_247_holes.txt
240620-18:33:45	[INFO]	CAL_ASIC_HW_ADDR_3: ftrim_XA-000-08-003-000-001-143-03_HW_3_SET_48_22_118_10_R_30_247_holes.txt
240620-18:42:44	[INFO]	CAL_ASIC_HW_ADDR_2: ftrim_XA-000-08-003-000-001-181-10_HW_2_SET_51_22_118_10_R_30_247_holes.txt
240620-18:51:46	[INFO]	CAL_ASIC_HW_ADDR_1: ftrim_XA-000-08-003-000-001-182-10_HW_1_SET_47_24_118_10_R_30_247_holes.txt
240620-19:00:51	[INFO]	CAL_ASIC_HW_ADDR_0: ftrim_XA-000-08-003-000-001-175-13_HW_0_SET_51_20_118_40_R_30_247_holes.txt
240620-19:00:51	[INFO]	<<-- FINISHED CALIBRATING THE MODULE
240620-19:00:51	[INFO]	--> SETTING THE CALIBRATION TRIM
240620-19:02:44	[INFO]	<<-- FINISHED SETTING THE CALIBRATION TRIM
240620-19:02:44	[INFO]	--> MEASURING ENC AND CHECKING CALIBRATION
240620-19:09:52	[INFO]	PSCAN_ASIC_HW_ADDR_1: pscan_240620_1902_XA-000-08-003-000-001-171-13_HW_1_SET_52_26_118_10_VP_0_255_1_NP_100_elect.txt
240620-19:17:01	[INFO]	PSCAN_ASIC_HW_ADDR_0: pscan_240620_1909_XA-000-08-003-000-001-169-13_HW_0_SET_53_26_118_10_VP_0_255_1_NP_100_elect.txt
240620-19:24:12	[INFO]	PSCAN_ASIC_HW_ADDR_3: pscan_240620_1917_XA-000-08-003-000-001-170-13_HW_3_SET_53_25_118_10_VP_0_255_1_NP_100_elect.txt
240620-19:31:21	[INFO]	PSCAN_ASIC_HW_ADDR_2: pscan_240620_1924_XA-000-08-003-000-001-173-13_HW_2_SET_53_27_118_10_VP_0_255_1_NP_100_elect.txt
240620-19:38:25	[INFO]	PSCAN_ASIC_HW_ADDR_5: pscan_240620_1931_XA-000-08-003-000-001-174-13_HW_5_SET_52_27_118_10_VP_0_255_1_NP_100_elect.txt
240620-19:45:31	[INFO]	PSCAN_ASIC_HW_ADDR_4: pscan_240620_1938_XA-000-08-003-000-001-177-10_HW_4_SET_51_28_118_10_VP_0_255_1_NP_100_elect.txt
240620-19:52:39	[INFO]	PSCAN_ASIC_HW_ADDR_7: pscan_240620_1945_XA-000-08-003-000-001-178-10_HW_7_SET_52_27_118_10_VP_0_255_1_NP_100_elect.txt
240620-19:59:43	[INFO]	PSCAN_ASIC_HW_ADDR_6: pscan_240620_1952_XA-000-08-003-000-001-191-10_HW_6_SET_51_25_118_10_VP_0_255_1_NP_100_elect.txt
240620-20:06:49	[INFO]	PSCAN_ASIC_HW_ADDR_7: pscan_240620_1959_XA-000-08-003-000-001-151-04_HW_7_SET_50_22_118_10_VP_0_255_1_NP_100_holes.txt
240620-20:13:55	[INFO]	PSCAN_ASIC_HW_ADDR_6: pscan_240620_2006_XA-000-08-003-000-001-176-10_HW_6_SET_48_25_118_10_VP_0_255_1_NP_100_holes.txt
240620-20:20:57	[INFO]	PSCAN_ASIC_HW_ADDR_5: pscan_240620_2013_XA-000-08-003-000-001-150-04_HW_5_SET_50_23_118_10_VP_0_255_1_NP_100_holes.txt
240620-20:28:00	[INFO]	PSCAN_ASIC_HW_ADDR_4: pscan_240620_2020_XA-000-08-003-000-001-172-13_HW_4_SET_51_24_118_10_VP_0_255_1_NP_100_holes.txt
240620-20:35:00	[INFO]	PSCAN_ASIC_HW_ADDR_3: pscan_240620_2028_XA-000-08-003-000-001-143-03_HW_3_SET_48_22_118_10_VP_0_255_1_NP_100_holes.txt
240620-20:41:59	[INFO]	PSCAN_ASIC_HW_ADDR_2: pscan_240620_2035_XA-000-08-003-000-001-181-10_HW_2_SET_51_22_118_10_VP_0_255_1_NP_100_holes.txt
240620-20:48:55	[INFO]	PSCAN_ASIC_HW_ADDR_1: pscan_240620_2041_XA-000-08-003-000-001-182-10_HW_1_SET_47_24_118_10_VP_0_255_1_NP_100_holes.txt
240620-20:55:55	[INFO]	PSCAN_ASIC_HW_ADDR_0: pscan_240620_2048_XA-000-08-003-000-001-175-13_HW_0_SET_51_20_118_40_VP_0_255_1_NP_100_holes.txt
240620-20:55:55	[INFO]	<<-- FINISHED MEASURING ENC AND CHECKING CALIBRATION
240621-09:30:21	MODULE_ID:	M5UL5B1010181A2_240621_0930
240621-09:30:21	[INFO]	TEST_CENTER: GSI
240621-09:30:21	[INFO]	OPERATOR_ID: Dairon Rodriguez Garces
240621-09:30:21	[INFO]	MODULE ID: 	M5UL5B1010181A2
240621-09:30:21	[INFO]	SENSOR_SIZE [mm]: 	124
240621-09:30:21	[INFO]	SENSOR_QGRADE: 	C
240621-09:30:41	[INFO]	-->> RUNNING SYNCHRONIZATION
240621-09:31:12	[INFO]	<<-- FINISHED SYNCHRONIZATION
240621-09:31:12	[INFO]	-->> READING LV VALUES BEFORE CONFIGURATION
240621-09:31:12	[INFO]	<<-- FINISHED READING LV VALUES BEFORE CONFIGURATION
240621-09:31:12	[INFO]	-->> LOADING STANDARD CONFIGURATION
240621-09:31:20	[INFO]	<<-- FINISHED LOADING STANDARD CONFIGURATION
240621-09:31:20	[INFO]	-->> READING ASICs ID
240621-09:31:22	[INFO]	<<-- FINISHED READING ASICs ID
240621-09:31:22	[INFO]	-->> READING LV VALUES AFTER CONFIGURATION
240621-09:31:32	[INFO]	<<-- FINISHED READING LV VALUES AFTER CONFIGURATION
240621-09:31:32	[INFO]	-->> READING VDDM & TEMPERATURE
240621-09:31:35	[INFO]	<<-- FINISHED READING VDDM & TEMPERATURE
240621-09:31:35	[INFO]	--> SETTING THE CALIBRATION TRIM
240621-09:33:27	[INFO]	<<-- FINISHED SETTING THE CALIBRATION TRIM
240621-09:33:27	[INFO]	--> CHECKING CHANNELS' CONNECTIVITY
240621-09:33:27	[INFO]	CONN-CHECK_ASIC_HW_ADDR_1: elect
240621-09:33:45	[INFO]	CONN-CHECK_ASIC_HW_ADDR_0: elect
240621-09:34:02	[INFO]	CONN-CHECK_ASIC_HW_ADDR_3: elect
240621-09:34:20	[INFO]	CONN-CHECK_ASIC_HW_ADDR_2: elect
240621-09:34:37	[INFO]	CONN-CHECK_ASIC_HW_ADDR_5: elect
240621-09:34:55	[INFO]	CONN-CHECK_ASIC_HW_ADDR_4: elect
240621-09:35:12	[INFO]	CONN-CHECK_ASIC_HW_ADDR_7: elect
240621-09:35:30	[INFO]	CONN-CHECK_ASIC_HW_ADDR_6: elect
240621-09:35:48	[INFO]	CONN-CHECK_ASIC_HW_ADDR_7: holes
240621-09:36:05	[INFO]	CONN-CHECK_ASIC_HW_ADDR_6: holes
240621-09:36:23	[INFO]	CONN-CHECK_ASIC_HW_ADDR_5: holes
240621-09:36:41	[INFO]	CONN-CHECK_ASIC_HW_ADDR_4: holes
240621-09:36:59	[INFO]	CONN-CHECK_ASIC_HW_ADDR_3: holes
240621-09:37:16	[INFO]	CONN-CHECK_ASIC_HW_ADDR_2: holes
240621-09:37:34	[INFO]	CONN-CHECK_ASIC_HW_ADDR_1: holes
240621-09:37:52	[INFO]	CONN-CHECK_ASIC_HW_ADDR_0: holes
240621-09:38:09	[INFO]	<<-- FINISHED CHECKING CHANNELS' CONNECTIVITY
240624-17:26:57	MODULE_ID:	M5UL5B1010181A2_240624_1726
240624-17:26:57	[INFO]	TEST_CENTER: GSI
240624-17:26:57	[INFO]	OPERATOR_ID: Dairon Rodriguez Garces
240624-17:26:57	[INFO]	MODULE ID: 	M5UL5B1010181A2
240624-17:26:57	[INFO]	SENSOR_SIZE [mm]: 	124
240624-17:26:57	[INFO]	SENSOR_QGRADE: 	C
240624-17:30:55	[INFO]	-->> RUNNING SYNCHRONIZATION
240624-17:31:26	[INFO]	<<-- FINISHED SYNCHRONIZATION
240624-17:31:26	[INFO]	-->> READING LV VALUES BEFORE CONFIGURATION
240624-17:31:26	[INFO]	<<-- FINISHED READING LV VALUES BEFORE CONFIGURATION
240624-17:31:26	[INFO]	-->> LOADING STANDARD CONFIGURATION
240624-17:31:34	[INFO]	<<-- FINISHED LOADING STANDARD CONFIGURATION
240624-17:31:34	[INFO]	-->> READING ASICs ID
240624-17:31:35	[INFO]	<<-- FINISHED READING ASICs ID
240624-17:31:35	[INFO]	-->> LOADING DEFAULT TRIM VALUES
240624-17:32:31	[INFO]	<<-- FINISHED LOADING DEFAULT TRIM VALUES
240624-17:32:31	[INFO]	-->> READING LV VALUES AFTER CONFIGURATION
240624-17:32:41	[INFO]	<<-- FINISHED READING LV VALUES AFTER CONFIGURATION
240624-17:32:41	[INFO]	-->> READING VDDM & TEMPERATURE
240624-17:32:44	[INFO]	<<-- FINISHED READING VDDM & TEMPERATURE
240624-17:32:44	[INFO]	-->> LOADING DEFAULT TRIM VALUES
240624-17:33:40	[INFO]	<<-- FINISHED LOADING DEFAULT TRIM VALUES
240624-17:33:40	[INFO]	-->> FINDING VREF_P, VREF_N & THR@_GLB FOR CALIBRATION
240624-17:40:48	[INFO]	<<-- FINISHED FINDING VREF_P, VREF_N & THR@_GLB FOR CALIBRATION
240624-17:40:48	[INFO]	--> SETTING THE CALIBRATION PARAMETERS
240624-17:40:48	[INFO]	<<-- FINISHED SETTING THE CALIBRATION PARAMETERS
240624-17:40:48	[INFO]	-->> CALIBRATING THE MODULE
240624-17:49:48	[INFO]	CAL_ASIC_HW_ADDR_1: ftrim_XA-000-08-003-000-001-171-13_HW_1_SET_57_25_118_37_R_30_247_elect.txt
240624-17:58:45	[INFO]	CAL_ASIC_HW_ADDR_0: ftrim_XA-000-08-003-000-001-169-13_HW_0_SET_57_25_118_36_R_30_247_elect.txt
240624-18:07:44	[INFO]	CAL_ASIC_HW_ADDR_3: ftrim_XA-000-08-003-000-001-170-13_HW_3_SET_57_24_118_38_R_30_247_elect.txt
240624-18:16:45	[INFO]	CAL_ASIC_HW_ADDR_2: ftrim_XA-000-08-003-000-001-173-13_HW_2_SET_57_26_118_38_R_30_247_elect.txt
240624-18:25:46	[INFO]	CAL_ASIC_HW_ADDR_5: ftrim_XA-000-08-003-000-001-174-13_HW_5_SET_56_26_118_38_R_30_247_elect.txt
240624-18:34:46	[INFO]	CAL_ASIC_HW_ADDR_4: ftrim_XA-000-08-003-000-001-177-10_HW_4_SET_56_27_118_39_R_30_247_elect.txt
240624-18:43:45	[INFO]	CAL_ASIC_HW_ADDR_7: ftrim_XA-000-08-003-000-001-178-10_HW_7_SET_57_26_118_35_R_30_247_elect.txt
240624-18:52:45	[INFO]	CAL_ASIC_HW_ADDR_6: ftrim_XA-000-08-003-000-001-191-10_HW_6_SET_56_25_118_35_R_30_247_elect.txt
240624-19:01:44	[INFO]	CAL_ASIC_HW_ADDR_7: ftrim_XA-000-08-003-000-001-151-04_HW_7_SET_58_22_118_63_R_30_247_holes.txt
240624-19:10:40	[INFO]	CAL_ASIC_HW_ADDR_6: ftrim_XA-000-08-003-000-001-176-10_HW_6_SET_57_25_118_45_R_30_247_holes.txt
240624-19:19:35	[INFO]	CAL_ASIC_HW_ADDR_5: ftrim_XA-000-08-003-000-001-150-04_HW_5_SET_55_23_118_47_R_30_247_holes.txt
240624-19:28:36	[INFO]	CAL_ASIC_HW_ADDR_4: ftrim_XA-000-08-003-000-001-172-13_HW_4_SET_58_25_118_47_R_30_247_holes.txt
240624-19:37:34	[INFO]	CAL_ASIC_HW_ADDR_3: ftrim_XA-000-08-003-000-001-143-03_HW_3_SET_57_21_118_32_R_30_247_holes.txt
240624-19:46:35	[INFO]	CAL_ASIC_HW_ADDR_2: ftrim_XA-000-08-003-000-001-181-10_HW_2_SET_57_22_118_48_R_30_247_holes.txt
240624-19:55:37	[INFO]	CAL_ASIC_HW_ADDR_1: ftrim_XA-000-08-003-000-001-182-10_HW_1_SET_57_24_118_34_R_30_247_holes.txt
240624-20:04:44	[INFO]	CAL_ASIC_HW_ADDR_0: ftrim_XA-000-08-003-000-001-175-13_HW_0_SET_55_20_118_37_R_30_247_holes.txt
240624-20:04:44	[INFO]	<<-- FINISHED CALIBRATING THE MODULE
240624-20:04:44	[INFO]	--> SETTING THE CALIBRATION TRIM
240624-20:06:36	[INFO]	<<-- FINISHED SETTING THE CALIBRATION TRIM
240624-20:06:36	[INFO]	--> MEASURING ENC AND CHECKING CALIBRATION
240624-20:13:45	[INFO]	PSCAN_ASIC_HW_ADDR_1: pscan_240624_2006_XA-000-08-003-000-001-171-13_HW_1_SET_57_25_118_37_VP_0_255_1_NP_100_elect.txt
240624-20:20:54	[INFO]	PSCAN_ASIC_HW_ADDR_0: pscan_240624_2013_XA-000-08-003-000-001-169-13_HW_0_SET_57_25_118_36_VP_0_255_1_NP_100_elect.txt
240624-20:28:01	[INFO]	PSCAN_ASIC_HW_ADDR_3: pscan_240624_2020_XA-000-08-003-000-001-170-13_HW_3_SET_53_25_118_10_VP_0_255_1_NP_100_elect.txt
240624-20:35:08	[INFO]	PSCAN_ASIC_HW_ADDR_2: pscan_240624_2028_XA-000-08-003-000-001-173-13_HW_2_SET_57_26_118_38_VP_0_255_1_NP_100_elect.txt
240624-20:42:14	[INFO]	PSCAN_ASIC_HW_ADDR_5: pscan_240624_2035_XA-000-08-003-000-001-174-13_HW_5_SET_56_26_118_38_VP_0_255_1_NP_100_elect.txt
240624-20:49:19	[INFO]	PSCAN_ASIC_HW_ADDR_4: pscan_240624_2042_XA-000-08-003-000-001-177-10_HW_4_SET_51_28_118_10_VP_0_255_1_NP_100_elect.txt
240624-20:56:28	[INFO]	PSCAN_ASIC_HW_ADDR_7: pscan_240624_2049_XA-000-08-003-000-001-178-10_HW_7_SET_52_27_118_10_VP_0_255_1_NP_100_elect.txt
240624-21:03:35	[INFO]	PSCAN_ASIC_HW_ADDR_6: pscan_240624_2056_XA-000-08-003-000-001-191-10_HW_6_SET_56_25_118_35_VP_0_255_1_NP_100_elect.txt
240624-21:10:44	[INFO]	PSCAN_ASIC_HW_ADDR_7: pscan_240624_2103_XA-000-08-003-000-001-151-04_HW_7_SET_58_22_118_63_VP_0_255_1_NP_100_holes.txt
240624-21:17:52	[INFO]	PSCAN_ASIC_HW_ADDR_6: pscan_240624_2110_XA-000-08-003-000-001-176-10_HW_6_SET_57_25_118_45_VP_0_255_1_NP_100_holes.txt
240624-21:25:02	[INFO]	PSCAN_ASIC_HW_ADDR_5: pscan_240624_2117_XA-000-08-003-000-001-150-04_HW_5_SET_50_23_118_10_VP_0_255_1_NP_100_holes.txt
240624-21:32:08	[INFO]	PSCAN_ASIC_HW_ADDR_4: pscan_240624_2125_XA-000-08-003-000-001-172-13_HW_4_SET_58_25_118_47_VP_0_255_1_NP_100_holes.txt
240624-21:39:18	[INFO]	PSCAN_ASIC_HW_ADDR_3: pscan_240624_2132_XA-000-08-003-000-001-143-03_HW_3_SET_57_21_118_32_VP_0_255_1_NP_100_holes.txt
240624-21:46:28	[INFO]	PSCAN_ASIC_HW_ADDR_2: pscan_240624_2139_XA-000-08-003-000-001-181-10_HW_2_SET_57_22_118_48_VP_0_255_1_NP_100_holes.txt
240624-21:53:46	[INFO]	PSCAN_ASIC_HW_ADDR_1: pscan_240624_2146_XA-000-08-003-000-001-182-10_HW_1_SET_47_24_118_10_VP_0_255_1_NP_100_holes.txt
240624-22:01:49	[INFO]	PSCAN_ASIC_HW_ADDR_0: pscan_240624_2153_XA-000-08-003-000-001-175-13_HW_0_SET_51_20_118_40_VP_0_255_1_NP_100_holes.txt
240624-22:01:49	[INFO]	<<-- FINISHED MEASURING ENC AND CHECKING CALIBRATION
240625-09:51:07	MODULE_ID:	M5UL5B1010181A2_240625_0951
240625-09:51:07	[INFO]	TEST_CENTER: GSI
240625-09:51:07	[INFO]	OPERATOR_ID: Dairon Rodriguez Garces
240625-09:51:07	[INFO]	MODULE ID: 	M5UL5B1010181A2
240625-09:51:07	[INFO]	SENSOR_SIZE [mm]: 	124
240625-09:51:07	[INFO]	SENSOR_QGRADE: 	C
240625-09:51:27	[INFO]	-->> RUNNING SYNCHRONIZATION
240625-09:51:59	[INFO]	<<-- FINISHED SYNCHRONIZATION
240625-09:51:59	[INFO]	-->> READING LV VALUES BEFORE CONFIGURATION
240625-09:51:59	[INFO]	<<-- FINISHED READING LV VALUES BEFORE CONFIGURATION
240625-09:51:59	[INFO]	-->> LOADING STANDARD CONFIGURATION
240625-09:52:07	[INFO]	<<-- FINISHED LOADING STANDARD CONFIGURATION
240625-09:52:07	[INFO]	-->> READING ASICs ID
240625-09:52:08	[INFO]	<<-- FINISHED READING ASICs ID
240625-09:52:08	[INFO]	-->> LOADING DEFAULT TRIM VALUES
240625-09:53:04	[INFO]	<<-- FINISHED LOADING DEFAULT TRIM VALUES
240625-09:53:04	[INFO]	-->> READING LV VALUES AFTER CONFIGURATION
240625-09:53:14	[INFO]	<<-- FINISHED READING LV VALUES AFTER CONFIGURATION
240625-09:53:14	[INFO]	-->> READING VDDM & TEMPERATURE
240625-09:53:18	[INFO]	<<-- FINISHED READING VDDM & TEMPERATURE
240625-09:53:18	[INFO]	--> SETTING THE CALIBRATION TRIM
240625-09:55:14	[INFO]	<<-- FINISHED SETTING THE CALIBRATION TRIM
240625-09:55:14	[INFO]	--> CHECKING CHANNELS' CONNECTIVITY
240625-09:55:14	[INFO]	CONN-CHECK_ASIC_HW_ADDR_1: elect
240625-09:55:33	[INFO]	CONN-CHECK_ASIC_HW_ADDR_0: elect
240625-09:55:51	[INFO]	CONN-CHECK_ASIC_HW_ADDR_3: elect
240625-09:56:09	[INFO]	CONN-CHECK_ASIC_HW_ADDR_2: elect
240625-09:56:28	[INFO]	CONN-CHECK_ASIC_HW_ADDR_5: elect
240625-09:56:46	[INFO]	CONN-CHECK_ASIC_HW_ADDR_4: elect
240625-09:57:04	[INFO]	CONN-CHECK_ASIC_HW_ADDR_7: elect
240625-09:57:22	[INFO]	CONN-CHECK_ASIC_HW_ADDR_6: elect
240625-09:57:40	[INFO]	CONN-CHECK_ASIC_HW_ADDR_7: holes
240625-09:57:58	[INFO]	CONN-CHECK_ASIC_HW_ADDR_6: holes
240625-09:58:16	[INFO]	CONN-CHECK_ASIC_HW_ADDR_5: holes
240625-09:58:35	[INFO]	CONN-CHECK_ASIC_HW_ADDR_4: holes
240625-09:58:53	[INFO]	CONN-CHECK_ASIC_HW_ADDR_3: holes
240625-09:59:12	[INFO]	CONN-CHECK_ASIC_HW_ADDR_2: holes
240625-09:59:30	[INFO]	CONN-CHECK_ASIC_HW_ADDR_1: holes
240625-09:59:48	[INFO]	CONN-CHECK_ASIC_HW_ADDR_0: holes
240625-10:00:07	[INFO]	<<-- FINISHED CHECKING CHANNELS' CONNECTIVITY
240710-17:58:32	MODULE_ID:	M5UL5B1010181A2_240710_1758
240710-17:58:32	[INFO]	TEST_CENTER: GSI
240710-17:58:32	[INFO]	OPERATOR_ID: Dairon Rodriguez Garces
240710-17:58:32	[INFO]	MODULE ID: 	M5UL5B1010181A2
240710-17:58:32	[INFO]	SENSOR_SIZE [mm]: 	124
240710-17:58:32	[INFO]	SENSOR_QGRADE: 	C
240710-18:02:24	[INFO]	-->> RUNNING SYNCHRONIZATION
240710-18:02:55	[INFO]	<<-- FINISHED SYNCHRONIZATION
240710-18:02:55	[INFO]	-->> READING LV VALUES BEFORE CONFIGURATION
240710-18:02:55	[INFO]	<<-- FINISHED READING LV VALUES BEFORE CONFIGURATION
240710-18:02:55	[INFO]	-->> LOADING STANDARD CONFIGURATION
240710-18:03:02	[INFO]	<<-- FINISHED LOADING STANDARD CONFIGURATION
240710-18:03:02	[INFO]	-->> READING ASICs ID
240710-18:03:03	[INFO]	<<-- FINISHED READING ASICs ID
240710-18:03:03	[INFO]	-->> LOADING DEFAULT TRIM VALUES
240710-18:03:59	[INFO]	<<-- FINISHED LOADING DEFAULT TRIM VALUES
240710-18:03:59	[INFO]	-->> READING LV VALUES AFTER CONFIGURATION
240710-18:04:09	[INFO]	<<-- FINISHED READING LV VALUES AFTER CONFIGURATION
240710-18:04:09	[INFO]	-->> READING VDDM & TEMPERATURE
240710-18:04:12	[INFO]	<<-- FINISHED READING VDDM & TEMPERATURE
240710-18:04:12	[INFO]	-->> LOADING DEFAULT TRIM VALUES
240710-18:05:09	[INFO]	<<-- FINISHED LOADING DEFAULT TRIM VALUES
240710-18:05:09	[INFO]	-->> FINDING VREF_P, VREF_N & THR@_GLB FOR CALIBRATION
240710-18:12:14	[INFO]	<<-- FINISHED FINDING VREF_P, VREF_N & THR@_GLB FOR CALIBRATION
240710-18:12:14	[INFO]	--> SETTING THE CALIBRATION PARAMETERS
240710-18:12:14	[INFO]	<<-- FINISHED SETTING THE CALIBRATION PARAMETERS
240710-18:12:14	[INFO]	-->> CALIBRATING THE MODULE
240710-18:21:29	[INFO]	CAL_ASIC_HW_ADDR_1: ftrim_XA-000-08-003-000-001-171-13_HW_1_SET_57_25_118_40_R_30_247_elect.txt
240710-18:30:39	[INFO]	CAL_ASIC_HW_ADDR_0: ftrim_XA-000-08-003-000-001-169-13_HW_0_SET_57_25_118_42_R_30_247_elect.txt
240710-18:39:50	[INFO]	CAL_ASIC_HW_ADDR_3: ftrim_XA-000-08-003-000-001-170-13_HW_3_SET_57_24_118_40_R_30_247_elect.txt
240710-18:49:03	[INFO]	CAL_ASIC_HW_ADDR_2: ftrim_XA-000-08-003-000-001-173-13_HW_2_SET_57_26_118_38_R_30_247_elect.txt
240710-18:58:17	[INFO]	CAL_ASIC_HW_ADDR_5: ftrim_XA-000-08-003-000-001-174-13_HW_5_SET_56_26_118_36_R_30_247_elect.txt
240710-19:07:31	[INFO]	CAL_ASIC_HW_ADDR_4: ftrim_XA-000-08-003-000-001-177-10_HW_4_SET_56_26_118_41_R_30_247_elect.txt
240710-19:16:44	[INFO]	CAL_ASIC_HW_ADDR_7: ftrim_XA-000-08-003-000-001-178-10_HW_7_SET_57_26_118_38_R_30_247_elect.txt
240710-19:26:02	[INFO]	CAL_ASIC_HW_ADDR_6: ftrim_XA-000-08-003-000-001-191-10_HW_6_SET_56_25_118_38_R_30_247_elect.txt
240710-19:35:14	[INFO]	CAL_ASIC_HW_ADDR_7: ftrim_XA-000-08-003-000-001-151-04_HW_7_SET_57_21_118_47_R_30_247_holes.txt
240710-19:44:30	[INFO]	CAL_ASIC_HW_ADDR_6: ftrim_XA-000-08-003-000-001-176-10_HW_6_SET_58_24_118_40_R_30_247_holes.txt
240710-19:53:51	[INFO]	CAL_ASIC_HW_ADDR_5: ftrim_XA-000-08-003-000-001-150-04_HW_5_SET_55_22_118_51_R_30_247_holes.txt
240710-20:03:10	[INFO]	CAL_ASIC_HW_ADDR_4: ftrim_XA-000-08-003-000-001-172-13_HW_4_SET_58_24_118_46_R_30_247_holes.txt
240710-20:12:31	[INFO]	CAL_ASIC_HW_ADDR_3: ftrim_XA-000-08-003-000-001-143-03_HW_3_SET_57_21_118_41_R_30_247_holes.txt
240710-20:21:50	[INFO]	CAL_ASIC_HW_ADDR_2: ftrim_XA-000-08-003-000-001-181-10_HW_2_SET_57_21_118_45_R_30_247_holes.txt
240710-20:31:08	[INFO]	CAL_ASIC_HW_ADDR_1: ftrim_XA-000-08-003-000-001-182-10_HW_1_SET_57_23_118_39_R_30_247_holes.txt
240710-20:40:46	[INFO]	CAL_ASIC_HW_ADDR_0: ftrim_XA-000-08-003-000-001-175-13_HW_0_SET_55_19_118_31_R_30_247_holes.txt
240710-20:40:46	[INFO]	<<-- FINISHED CALIBRATING THE MODULE
240710-20:40:46	[INFO]	--> SETTING THE CALIBRATION TRIM
240710-20:42:47	[INFO]	<<-- FINISHED SETTING THE CALIBRATION TRIM
240710-20:42:47	[INFO]	--> MEASURING ENC AND CHECKING CALIBRATION
240710-20:50:21	[INFO]	PSCAN_ASIC_HW_ADDR_1: pscan_240710_2042_XA-000-08-003-000-001-171-13_HW_1_SET_57_25_118_40_VP_0_255_1_NP_100_elect.txt
240710-20:57:54	[INFO]	PSCAN_ASIC_HW_ADDR_0: pscan_240710_2050_XA-000-08-003-000-001-169-13_HW_0_SET_57_25_118_42_VP_0_255_1_NP_100_elect.txt
240710-21:05:30	[INFO]	PSCAN_ASIC_HW_ADDR_3: pscan_240710_2057_XA-000-08-003-000-001-170-13_HW_3_SET_57_24_118_40_VP_0_255_1_NP_100_elect.txt
240710-21:13:04	[INFO]	PSCAN_ASIC_HW_ADDR_2: pscan_240710_2105_XA-000-08-003-000-001-173-13_HW_2_SET_57_26_118_38_VP_0_255_1_NP_100_elect.txt
240710-21:20:40	[INFO]	PSCAN_ASIC_HW_ADDR_5: pscan_240710_2113_XA-000-08-003-000-001-174-13_HW_5_SET_56_26_118_36_VP_0_255_1_NP_100_elect.txt
240710-21:28:10	[INFO]	PSCAN_ASIC_HW_ADDR_4: pscan_240710_2120_XA-000-08-003-000-001-177-10_HW_4_SET_56_26_118_41_VP_0_255_1_NP_100_elect.txt
240710-21:35:43	[INFO]	PSCAN_ASIC_HW_ADDR_7: pscan_240710_2128_XA-000-08-003-000-001-178-10_HW_7_SET_57_26_118_38_VP_0_255_1_NP_100_elect.txt
240710-21:43:16	[INFO]	PSCAN_ASIC_HW_ADDR_6: pscan_240710_2135_XA-000-08-003-000-001-191-10_HW_6_SET_56_25_118_38_VP_0_255_1_NP_100_elect.txt
240710-21:50:52	[INFO]	PSCAN_ASIC_HW_ADDR_7: pscan_240710_2143_XA-000-08-003-000-001-151-04_HW_7_SET_57_21_118_47_VP_0_255_1_NP_100_holes.txt
240710-21:58:27	[INFO]	PSCAN_ASIC_HW_ADDR_6: pscan_240710_2150_XA-000-08-003-000-001-176-10_HW_6_SET_58_24_118_40_VP_0_255_1_NP_100_holes.txt
240710-22:06:04	[INFO]	PSCAN_ASIC_HW_ADDR_5: pscan_240710_2158_XA-000-08-003-000-001-150-04_HW_5_SET_55_22_118_51_VP_0_255_1_NP_100_holes.txt
240710-22:13:37	[INFO]	PSCAN_ASIC_HW_ADDR_4: pscan_240710_2206_XA-000-08-003-000-001-172-13_HW_4_SET_58_24_118_46_VP_0_255_1_NP_100_holes.txt
240710-22:21:10	[INFO]	PSCAN_ASIC_HW_ADDR_3: pscan_240710_2213_XA-000-08-003-000-001-143-03_HW_3_SET_57_21_118_41_VP_0_255_1_NP_100_holes.txt
240710-22:28:42	[INFO]	PSCAN_ASIC_HW_ADDR_2: pscan_240710_2221_XA-000-08-003-000-001-181-10_HW_2_SET_57_21_118_45_VP_0_255_1_NP_100_holes.txt
240710-22:36:43	[INFO]	PSCAN_ASIC_HW_ADDR_1: pscan_240710_2228_XA-000-08-003-000-001-182-10_HW_1_SET_57_23_118_39_VP_0_255_1_NP_100_holes.txt
240710-22:45:32	[INFO]	PSCAN_ASIC_HW_ADDR_0: pscan_240710_2236_XA-000-08-003-000-001-175-13_HW_0_SET_55_19_118_31_VP_0_255_1_NP_100_holes.txt
240710-22:45:32	[INFO]	<<-- FINISHED MEASURING ENC AND CHECKING CALIBRATION
240711-09:35:15	MODULE_ID:	M5UL5B1010181A2_240711_0935
240711-09:35:15	[INFO]	TEST_CENTER: GSI
240711-09:35:15	[INFO]	OPERATOR_ID: Dairon Rodriguez Garces
240711-09:35:15	[INFO]	MODULE ID: 	M5UL5B1010181A2
240711-09:35:15	[INFO]	SENSOR_SIZE [mm]: 	124
240711-09:35:15	[INFO]	SENSOR_QGRADE: 	C
240711-09:35:29	[INFO]	-->> RUNNING SYNCHRONIZATION
240711-09:36:00	[INFO]	<<-- FINISHED SYNCHRONIZATION
240711-09:36:00	[INFO]	-->> READING LV VALUES BEFORE CONFIGURATION
240711-09:36:00	[INFO]	<<-- FINISHED READING LV VALUES BEFORE CONFIGURATION
240711-09:36:00	[INFO]	-->> LOADING STANDARD CONFIGURATION
240711-09:36:07	[INFO]	<<-- FINISHED LOADING STANDARD CONFIGURATION
240711-09:36:07	[INFO]	-->> READING ASICs ID
240711-09:36:08	[INFO]	<<-- FINISHED READING ASICs ID
240711-09:36:08	[INFO]	-->> LOADING DEFAULT TRIM VALUES
240711-09:37:05	[INFO]	<<-- FINISHED LOADING DEFAULT TRIM VALUES
240711-09:37:05	[INFO]	-->> READING LV VALUES AFTER CONFIGURATION
240711-09:37:15	[INFO]	<<-- FINISHED READING LV VALUES AFTER CONFIGURATION
240711-09:37:15	[INFO]	-->> READING VDDM & TEMPERATURE
240711-09:37:18	[INFO]	<<-- FINISHED READING VDDM & TEMPERATURE
240711-09:37:18	[INFO]	--> SETTING THE CALIBRATION TRIM
240711-09:39:15	[INFO]	<<-- FINISHED SETTING THE CALIBRATION TRIM
240711-09:39:15	[INFO]	--> CHECKING CHANNELS' CONNECTIVITY
240711-09:39:15	[INFO]	CONN-CHECK_ASIC_HW_ADDR_1: elect
240711-09:39:32	[INFO]	CONN-CHECK_ASIC_HW_ADDR_0: elect
240711-09:39:50	[INFO]	CONN-CHECK_ASIC_HW_ADDR_3: elect
240711-09:40:09	[INFO]	CONN-CHECK_ASIC_HW_ADDR_2: elect
240711-09:40:27	[INFO]	CONN-CHECK_ASIC_HW_ADDR_5: elect
240711-09:40:46	[INFO]	CONN-CHECK_ASIC_HW_ADDR_4: elect
240711-09:41:04	[INFO]	CONN-CHECK_ASIC_HW_ADDR_7: elect
240711-09:41:23	[INFO]	CONN-CHECK_ASIC_HW_ADDR_6: elect
240711-09:41:41	[INFO]	CONN-CHECK_ASIC_HW_ADDR_7: holes
240711-09:41:59	[INFO]	CONN-CHECK_ASIC_HW_ADDR_6: holes
240711-09:42:18	[INFO]	CONN-CHECK_ASIC_HW_ADDR_5: holes
240711-09:42:36	[INFO]	CONN-CHECK_ASIC_HW_ADDR_4: holes
240711-09:42:56	[INFO]	CONN-CHECK_ASIC_HW_ADDR_3: holes
240711-09:43:16	[INFO]	CONN-CHECK_ASIC_HW_ADDR_2: holes
240711-09:43:35	[INFO]	CONN-CHECK_ASIC_HW_ADDR_1: holes
240711-09:43:55	[INFO]	CONN-CHECK_ASIC_HW_ADDR_0: holes
240711-09:44:15	[INFO]	<<-- FINISHED CHECKING CHANNELS' CONNECTIVITY
240711-11:42:59	MODULE_ID:	M5UL5B1010181A2_240711_1142
240711-11:42:59	[INFO]	TEST_CENTER: GSI
240711-11:42:59	[INFO]	OPERATOR_ID: Dairon Rodriguez Garces
240711-11:42:59	[INFO]	MODULE ID: 	M5UL5B1010181A2
240711-11:42:59	[INFO]	SENSOR_SIZE [mm]: 	124
240711-11:42:59	[INFO]	SENSOR_QGRADE: 	C
240711-11:43:56	[INFO]	-->> RUNNING SYNCHRONIZATION
240711-11:44:26	[INFO]	<<-- FINISHED SYNCHRONIZATION
240711-11:44:26	[INFO]	-->> READING LV VALUES BEFORE CONFIGURATION
240711-11:44:27	[INFO]	<<-- FINISHED READING LV VALUES BEFORE CONFIGURATION
240711-11:44:27	[INFO]	-->> LOADING STANDARD CONFIGURATION
240711-11:44:34	[INFO]	<<-- FINISHED LOADING STANDARD CONFIGURATION
240711-11:44:34	[INFO]	-->> READING ASICs ID
240711-11:44:35	[INFO]	<<-- FINISHED READING ASICs ID
240711-11:44:35	[INFO]	-->> LOADING DEFAULT TRIM VALUES
240711-11:45:33	[INFO]	<<-- FINISHED LOADING DEFAULT TRIM VALUES
240711-11:45:33	[INFO]	-->> READING LV VALUES AFTER CONFIGURATION
240711-11:45:43	[INFO]	<<-- FINISHED READING LV VALUES AFTER CONFIGURATION
240711-11:45:43	[INFO]	-->> READING VDDM & TEMPERATURE
240711-11:45:47	[INFO]	<<-- FINISHED READING VDDM & TEMPERATURE
240711-11:45:47	[INFO]	-->> LOADING DEFAULT TRIM VALUES
240711-11:46:46	[INFO]	<<-- FINISHED LOADING DEFAULT TRIM VALUES
240711-11:46:46	[INFO]	-->> FINDING VREF_P, VREF_N & THR@_GLB FOR CALIBRATION
240711-11:47:27	MODULE_ID:	M5UL5B1010181A2_240711_1147
240711-11:47:27	[INFO]	TEST_CENTER: GSI
240711-11:47:27	[INFO]	OPERATOR_ID: Dairon Rodriguez Garces
240711-11:47:27	[INFO]	MODULE ID: 	M5UL5B1010181A2
240711-11:47:27	[INFO]	SENSOR_SIZE [mm]: 	124
240711-11:47:27	[INFO]	SENSOR_QGRADE: 	C
240711-11:47:59	[INFO]	-->> RUNNING SYNCHRONIZATION
240711-11:48:30	[INFO]	<<-- FINISHED SYNCHRONIZATION
240711-11:48:30	[INFO]	-->> READING LV VALUES BEFORE CONFIGURATION
240711-11:48:31	[INFO]	<<-- FINISHED READING LV VALUES BEFORE CONFIGURATION
240711-11:48:31	[INFO]	-->> LOADING STANDARD CONFIGURATION
240711-11:48:39	[INFO]	<<-- FINISHED LOADING STANDARD CONFIGURATION
240711-11:48:39	[INFO]	-->> READING ASICs ID
240711-11:48:40	[INFO]	<<-- FINISHED READING ASICs ID
240711-11:48:40	[INFO]	-->> LOADING DEFAULT TRIM VALUES
240711-11:49:38	[INFO]	<<-- FINISHED LOADING DEFAULT TRIM VALUES
240711-11:49:38	[INFO]	-->> READING LV VALUES AFTER CONFIGURATION
240711-11:49:48	[INFO]	<<-- FINISHED READING LV VALUES AFTER CONFIGURATION
240711-11:49:48	[INFO]	-->> READING VDDM & TEMPERATURE
240711-11:49:52	[INFO]	<<-- FINISHED READING VDDM & TEMPERATURE
240711-11:49:52	[INFO]	--> SETTING THE CALIBRATION TRIM
240711-11:51:52	[INFO]	<<-- FINISHED SETTING THE CALIBRATION TRIM
240711-11:51:52	[INFO]	--> MEASURING ENC AND CHECKING CALIBRATION
240711-11:55:56	[INFO]	PSCAN_ASIC_HW_ADDR_1: pscan_240711_1151_XA-000-08-003-000-001-171-13_HW_1_SET_57_25_118_40_VP_0_255_1_NP_100_elect.txt
240711-12:00:03	[INFO]	PSCAN_ASIC_HW_ADDR_0: pscan_240711_1155_XA-000-08-003-000-001-169-13_HW_0_SET_57_25_118_42_VP_0_255_1_NP_100_elect.txt
240711-12:04:09	[INFO]	PSCAN_ASIC_HW_ADDR_3: pscan_240711_1200_XA-000-08-003-000-001-170-13_HW_3_SET_57_24_118_40_VP_0_255_1_NP_100_elect.txt
240711-12:08:11	[INFO]	PSCAN_ASIC_HW_ADDR_2: pscan_240711_1204_XA-000-08-003-000-001-173-13_HW_2_SET_57_26_118_38_VP_0_255_1_NP_100_elect.txt
240711-12:12:14	[INFO]	PSCAN_ASIC_HW_ADDR_5: pscan_240711_1208_XA-000-08-003-000-001-174-13_HW_5_SET_56_26_118_36_VP_0_255_1_NP_100_elect.txt
240711-12:16:20	[INFO]	PSCAN_ASIC_HW_ADDR_4: pscan_240711_1212_XA-000-08-003-000-001-177-10_HW_4_SET_56_26_118_41_VP_0_255_1_NP_100_elect.txt
240711-12:20:26	[INFO]	PSCAN_ASIC_HW_ADDR_7: pscan_240711_1216_XA-000-08-003-000-001-178-10_HW_7_SET_57_26_118_38_VP_0_255_1_NP_100_elect.txt
240711-12:24:29	[INFO]	PSCAN_ASIC_HW_ADDR_6: pscan_240711_1220_XA-000-08-003-000-001-191-10_HW_6_SET_56_25_118_38_VP_0_255_1_NP_100_elect.txt
240711-12:28:37	[INFO]	PSCAN_ASIC_HW_ADDR_7: pscan_240711_1224_XA-000-08-003-000-001-151-04_HW_7_SET_57_21_118_47_VP_0_255_1_NP_100_holes.txt
240711-12:32:43	[INFO]	PSCAN_ASIC_HW_ADDR_6: pscan_240711_1228_XA-000-08-003-000-001-176-10_HW_6_SET_58_24_118_40_VP_0_255_1_NP_100_holes.txt
240711-12:36:47	[INFO]	PSCAN_ASIC_HW_ADDR_5: pscan_240711_1232_XA-000-08-003-000-001-150-04_HW_5_SET_55_22_118_51_VP_0_255_1_NP_100_holes.txt
240711-12:40:52	[INFO]	PSCAN_ASIC_HW_ADDR_4: pscan_240711_1236_XA-000-08-003-000-001-172-13_HW_4_SET_58_24_118_46_VP_0_255_1_NP_100_holes.txt
240711-12:44:59	[INFO]	PSCAN_ASIC_HW_ADDR_3: pscan_240711_1240_XA-000-08-003-000-001-143-03_HW_3_SET_57_21_118_41_VP_0_255_1_NP_100_holes.txt
240711-12:49:19	[INFO]	PSCAN_ASIC_HW_ADDR_2: pscan_240711_1244_XA-000-08-003-000-001-181-10_HW_2_SET_57_21_118_45_VP_0_255_1_NP_100_holes.txt
240711-12:53:53	[INFO]	PSCAN_ASIC_HW_ADDR_1: pscan_240711_1249_XA-000-08-003-000-001-182-10_HW_1_SET_57_23_118_39_VP_0_255_1_NP_100_holes.txt
240711-12:58:12	[INFO]	PSCAN_ASIC_HW_ADDR_0: pscan_240711_1253_XA-000-08-003-000-001-175-13_HW_0_SET_55_19_118_31_VP_0_255_1_NP_100_holes.txt
240711-12:58:12	[INFO]	<<-- FINISHED MEASURING ENC AND CHECKING CALIBRATION
240711-17:23:46	MODULE_ID:	M5UL5B1010181A2_240711_1723
240711-17:23:46	[INFO]	TEST_CENTER: GSI
240711-17:23:46	[INFO]	OPERATOR_ID: Dairon Rodriguez Garces
240711-17:23:46	[INFO]	MODULE ID: 	M5UL5B1010181A2
240711-17:23:46	[INFO]	SENSOR_SIZE [mm]: 	124
240711-17:23:46	[INFO]	SENSOR_QGRADE: 	C
240711-17:25:32	[INFO]	-->> RUNNING SYNCHRONIZATION
240711-17:26:03	[INFO]	<<-- FINISHED SYNCHRONIZATION
240711-17:26:03	[INFO]	-->> READING LV VALUES BEFORE CONFIGURATION
240711-17:26:04	[INFO]	<<-- FINISHED READING LV VALUES BEFORE CONFIGURATION
240711-17:26:04	[INFO]	-->> LOADING STANDARD CONFIGURATION
240711-17:26:11	[INFO]	<<-- FINISHED LOADING STANDARD CONFIGURATION
240711-17:26:11	[INFO]	-->> READING ASICs ID
240711-17:26:12	[INFO]	<<-- FINISHED READING ASICs ID
240711-17:26:12	[INFO]	-->> LOADING DEFAULT TRIM VALUES
240711-17:27:10	[INFO]	<<-- FINISHED LOADING DEFAULT TRIM VALUES
240711-17:27:10	[INFO]	-->> READING LV VALUES AFTER CONFIGURATION
240711-17:27:20	[INFO]	<<-- FINISHED READING LV VALUES AFTER CONFIGURATION
240711-17:27:20	[INFO]	-->> READING VDDM & TEMPERATURE
240711-17:27:23	[INFO]	<<-- FINISHED READING VDDM & TEMPERATURE
240711-17:27:23	[INFO]	--> SETTING THE CALIBRATION TRIM
240711-17:29:23	[INFO]	<<-- FINISHED SETTING THE CALIBRATION TRIM
240711-17:29:23	[INFO]	--> MEASURING ENC AND CHECKING CALIBRATION
240711-17:35:36	MODULE_ID:	M5UL5B1010181A2_240711_1735
240711-17:35:36	[INFO]	TEST_CENTER: GSI
240711-17:35:36	[INFO]	OPERATOR_ID: Dairon Rodriguez Garces
240711-17:35:36	[INFO]	MODULE ID: 	M5UL5B1010181A2
240711-17:35:36	[INFO]	SENSOR_SIZE [mm]: 	124
240711-17:35:36	[INFO]	SENSOR_QGRADE: 	C
240711-17:35:56	[INFO]	-->> RUNNING SYNCHRONIZATION
240711-17:36:26	[INFO]	<<-- FINISHED SYNCHRONIZATION
240711-17:36:26	[INFO]	-->> READING LV VALUES BEFORE CONFIGURATION
240711-17:36:26	[INFO]	<<-- FINISHED READING LV VALUES BEFORE CONFIGURATION
240711-17:36:26	[INFO]	-->> LOADING STANDARD CONFIGURATION
240711-17:36:33	[INFO]	<<-- FINISHED LOADING STANDARD CONFIGURATION
240711-17:36:33	[INFO]	-->> READING ASICs ID
240711-17:36:34	[INFO]	<<-- FINISHED READING ASICs ID
240711-17:36:34	[INFO]	-->> LOADING DEFAULT TRIM VALUES
240711-17:37:27	[INFO]	<<-- FINISHED LOADING DEFAULT TRIM VALUES
240711-17:37:27	[INFO]	-->> READING LV VALUES AFTER CONFIGURATION
240711-17:37:37	[INFO]	<<-- FINISHED READING LV VALUES AFTER CONFIGURATION
240711-17:37:37	[INFO]	-->> READING VDDM & TEMPERATURE
240711-17:37:41	[INFO]	<<-- FINISHED READING VDDM & TEMPERATURE
240711-17:37:41	[INFO]	--> SETTING THE CALIBRATION TRIM
240711-17:39:41	[INFO]	<<-- FINISHED SETTING THE CALIBRATION TRIM
240711-17:39:41	[INFO]	--> MEASURING ENC AND CHECKING CALIBRATION
240711-17:45:54	MODULE_ID:	M5UL5B1010181A2_240711_1745
240711-17:45:54	[INFO]	TEST_CENTER: GSI
240711-17:45:54	[INFO]	OPERATOR_ID: Dairon Rodriguez Garces
240711-17:45:54	[INFO]	MODULE ID: 	M5UL5B1010181A2
240711-17:45:54	[INFO]	SENSOR_SIZE [mm]: 	124
240711-17:45:54	[INFO]	SENSOR_QGRADE: 	C
240711-17:46:12	[INFO]	-->> RUNNING SYNCHRONIZATION
240711-17:46:43	[INFO]	<<-- FINISHED SYNCHRONIZATION
240711-17:46:43	[INFO]	-->> READING LV VALUES BEFORE CONFIGURATION
240711-17:46:43	[INFO]	<<-- FINISHED READING LV VALUES BEFORE CONFIGURATION
240711-17:46:43	[INFO]	-->> LOADING STANDARD CONFIGURATION
240711-17:46:50	[INFO]	<<-- FINISHED LOADING STANDARD CONFIGURATION
240711-17:46:50	[INFO]	-->> READING ASICs ID
240711-17:46:51	[INFO]	<<-- FINISHED READING ASICs ID
240711-17:46:51	[INFO]	-->> LOADING DEFAULT TRIM VALUES
240711-17:47:49	[INFO]	<<-- FINISHED LOADING DEFAULT TRIM VALUES
240711-17:47:49	[INFO]	-->> READING LV VALUES AFTER CONFIGURATION
240711-17:48:00	[INFO]	<<-- FINISHED READING LV VALUES AFTER CONFIGURATION
240711-17:48:00	[INFO]	-->> READING VDDM & TEMPERATURE
240711-17:48:03	[INFO]	<<-- FINISHED READING VDDM & TEMPERATURE
240711-17:48:03	[INFO]	--> SETTING THE CALIBRATION TRIM
240711-17:50:04	[INFO]	<<-- FINISHED SETTING THE CALIBRATION TRIM
240711-17:50:04	[INFO]	--> MEASURING ENC AND CHECKING CALIBRATION
240711-17:58:55	[INFO]	PSCAN_ASIC_HW_ADDR_1: pscan_240711_1750_XA-000-08-003-000-001-171-13_HW_1_SET_57_25_114_40_VP_0_255_1_NP_500_elect.txt
240711-18:07:40	[INFO]	PSCAN_ASIC_HW_ADDR_0: pscan_240711_1758_XA-000-08-003-000-001-169-13_HW_0_SET_57_25_114_42_VP_0_255_1_NP_500_elect.txt
240711-18:16:38	[INFO]	PSCAN_ASIC_HW_ADDR_3: pscan_240711_1807_XA-000-08-003-000-001-170-13_HW_3_SET_57_24_114_40_VP_0_255_1_NP_500_elect.txt
240711-18:25:36	[INFO]	PSCAN_ASIC_HW_ADDR_2: pscan_240711_1816_XA-000-08-003-000-001-173-13_HW_2_SET_57_26_114_38_VP_0_255_1_NP_500_elect.txt
240711-18:34:39	[INFO]	PSCAN_ASIC_HW_ADDR_5: pscan_240711_1825_XA-000-08-003-000-001-174-13_HW_5_SET_56_26_114_36_VP_0_255_1_NP_500_elect.txt
240711-18:43:35	[INFO]	PSCAN_ASIC_HW_ADDR_4: pscan_240711_1834_XA-000-08-003-000-001-177-10_HW_4_SET_56_26_114_41_VP_0_255_1_NP_500_elect.txt
240711-18:52:38	[INFO]	PSCAN_ASIC_HW_ADDR_7: pscan_240711_1843_XA-000-08-003-000-001-178-10_HW_7_SET_57_26_114_38_VP_0_255_1_NP_500_elect.txt
240711-19:01:35	[INFO]	PSCAN_ASIC_HW_ADDR_6: pscan_240711_1852_XA-000-08-003-000-001-191-10_HW_6_SET_56_25_114_38_VP_0_255_1_NP_500_elect.txt
240711-19:10:38	[INFO]	PSCAN_ASIC_HW_ADDR_7: pscan_240711_1901_XA-000-08-003-000-001-151-04_HW_7_SET_57_21_114_47_VP_0_255_1_NP_500_holes.txt
240711-19:19:36	[INFO]	PSCAN_ASIC_HW_ADDR_6: pscan_240711_1910_XA-000-08-003-000-001-176-10_HW_6_SET_58_24_114_40_VP_0_255_1_NP_500_holes.txt
240711-19:28:40	[INFO]	PSCAN_ASIC_HW_ADDR_5: pscan_240711_1919_XA-000-08-003-000-001-150-04_HW_5_SET_55_22_114_51_VP_0_255_1_NP_500_holes.txt
240711-19:37:36	[INFO]	PSCAN_ASIC_HW_ADDR_4: pscan_240711_1928_XA-000-08-003-000-001-172-13_HW_4_SET_58_24_114_46_VP_0_255_1_NP_500_holes.txt
240711-19:46:36	[INFO]	PSCAN_ASIC_HW_ADDR_3: pscan_240711_1937_XA-000-08-003-000-001-143-03_HW_3_SET_57_21_114_41_VP_0_255_1_NP_500_holes.txt
240711-19:55:31	[INFO]	PSCAN_ASIC_HW_ADDR_2: pscan_240711_1946_XA-000-08-003-000-001-181-10_HW_2_SET_57_21_114_45_VP_0_255_1_NP_500_holes.txt
240711-20:04:30	[INFO]	PSCAN_ASIC_HW_ADDR_1: pscan_240711_1955_XA-000-08-003-000-001-182-10_HW_1_SET_57_23_114_39_VP_0_255_1_NP_500_holes.txt
240711-20:13:55	[INFO]	PSCAN_ASIC_HW_ADDR_0: pscan_240711_2004_XA-000-08-003-000-001-175-13_HW_0_SET_55_19_114_31_VP_0_255_1_NP_500_holes.txt
240711-20:13:55	[INFO]	<<-- FINISHED MEASURING ENC AND CHECKING CALIBRATION
