240620-10:50:03	MODULE_ID:	M5UL5T2010182B2
240620-10:50:03	[INFO]	TEST_CENTER: GSI
240620-10:50:03	[INFO]	OPERATOR_ID: Dairon Rodriguez Garces
240620-10:50:03	[INFO]	MODULE ID: 	M5UL5T2010182B2
240620-10:50:03	[INFO]	SENSOR_SIZE [mm]: 	124
240620-10:50:03	[INFO]	SENSOR_QGRADE: 	D
240620-10:52:22	[INFO]	-->> RUNNING SYNCHRONIZATION
240620-10:52:52	[INFO]	<<-- FINISHED SYNCHRONIZATION
240620-10:52:52	[INFO]	-->> READING LV VALUES BEFORE CONFIGURATION
240620-10:52:52	[INFO]	<<-- FINISHED READING LV VALUES BEFORE CONFIGURATION
240620-10:52:52	[INFO]	-->> LOADING STANDARD CONFIGURATION
240620-10:52:59	[INFO]	<<-- FINISHED LOADING STANDARD CONFIGURATION
240620-10:52:59	[INFO]	-->> READING ASICs ID
240620-10:53:01	[INFO]	<<-- FINISHED READING ASICs ID
240620-10:53:01	[INFO]	-->> LOADING DEFAULT TRIM VALUES
240620-10:53:57	[INFO]	<<-- FINISHED LOADING DEFAULT TRIM VALUES
240620-10:53:57	[INFO]	-->> READING LV VALUES AFTER CONFIGURATION
240620-10:54:07	[INFO]	<<-- FINISHED READING LV VALUES AFTER CONFIGURATION
240620-10:54:07	[INFO]	-->> READING VDDM & TEMPERATURE
240620-10:54:11	[INFO]	<<-- FINISHED READING VDDM & TEMPERATURE
240620-10:54:11	[INFO]	-->> LOADING DEFAULT TRIM VALUES
240620-10:55:09	[INFO]	<<-- FINISHED LOADING DEFAULT TRIM VALUES
240620-10:55:09	[INFO]	-->> FINDING VREF_P, VREF_N & THR@_GLB FOR CALIBRATION
240620-11:02:20	[INFO]	<<-- FINISHED FINDING VREF_P, VREF_N & THR@_GLB FOR CALIBRATION
240620-11:02:20	[INFO]	--> SETTING THE CALIBRATION PARAMETERS
240620-11:02:20	[INFO]	<<-- FINISHED SETTING THE CALIBRATION PARAMETERS
240620-11:02:20	[INFO]	-->> CALIBRATING THE MODULE
240620-11:11:44	[INFO]	CAL_ASIC_HW_ADDR_7: ftrim_XA-000-08-003-000-001-250-15_HW_7_SET_57_23_118_53_R_30_247_elect.txt
240620-11:21:13	[INFO]	CAL_ASIC_HW_ADDR_6: ftrim_XA-000-08-003-000-002-012-07_HW_6_SET_57_24_118_62_R_30_247_elect.txt
240620-11:30:42	[INFO]	CAL_ASIC_HW_ADDR_5: ftrim_XA-000-08-003-000-001-251-15_HW_5_SET_58_23_118_60_R_30_247_elect.txt
240620-11:40:10	[INFO]	CAL_ASIC_HW_ADDR_4: ftrim_XA-000-08-003-000-002-011-07_HW_4_SET_58_24_118_50_R_30_247_elect.txt
240620-11:49:36	[INFO]	CAL_ASIC_HW_ADDR_3: ftrim_XA-000-08-003-000-002-047-09_HW_3_SET_57_25_118_45_R_30_247_elect.txt
240620-11:59:04	[INFO]	CAL_ASIC_HW_ADDR_2: ftrim_XA-000-08-003-000-002-014-07_HW_2_SET_58_25_118_59_R_30_247_elect.txt
240620-12:08:25	[INFO]	CAL_ASIC_HW_ADDR_1: ftrim_XA-000-08-003-000-002-013-07_HW_1_SET_58_24_118_55_R_30_247_elect.txt
240620-12:17:49	[INFO]	CAL_ASIC_HW_ADDR_0: ftrim_XA-000-08-003-000-002-015-07_HW_0_SET_56_28_118_46_R_30_247_elect.txt
240620-12:27:16	[INFO]	CAL_ASIC_HW_ADDR_1: ftrim_XA-000-08-003-000-001-240-15_HW_1_SET_56_23_118_10_R_30_247_holes.txt
240620-12:36:46	[INFO]	CAL_ASIC_HW_ADDR_0: ftrim_XA-000-08-003-000-001-243-15_HW_0_SET_57_24_118_10_R_30_247_holes.txt
240620-12:46:15	[INFO]	CAL_ASIC_HW_ADDR_3: ftrim_XA-000-08-003-000-001-241-15_HW_3_SET_55_20_118_51_R_30_247_holes.txt
240620-12:55:58	[INFO]	CAL_ASIC_HW_ADDR_2: ftrim_XA-000-08-003-000-001-247-15_HW_2_SET_58_22_118_50_R_30_247_holes.txt
240620-13:05:38	[INFO]	CAL_ASIC_HW_ADDR_5: ftrim_XA-000-08-003-000-001-245-15_HW_5_SET_57_23_118_44_R_30_247_holes.txt
240620-13:15:15	[INFO]	CAL_ASIC_HW_ADDR_4: ftrim_XA-000-08-003-000-001-248-15_HW_4_SET_54_20_118_58_R_30_247_holes.txt
240620-13:25:01	[INFO]	CAL_ASIC_HW_ADDR_7: ftrim_XA-000-08-003-000-001-244-15_HW_7_SET_58_21_118_45_R_30_247_holes.txt
240620-13:34:49	[INFO]	CAL_ASIC_HW_ADDR_6: ftrim_XA-000-08-003-000-001-249-15_HW_6_SET_58_22_118_54_R_30_247_holes.txt
240620-13:34:49	[INFO]	<<-- FINISHED CALIBRATING THE MODULE
240620-13:34:49	[INFO]	--> SETTING THE CALIBRATION TRIM
240620-13:36:49	[INFO]	<<-- FINISHED SETTING THE CALIBRATION TRIM
240620-13:36:49	[INFO]	--> MEASURING ENC AND CHECKING CALIBRATION
240620-13:44:10	[INFO]	PSCAN_ASIC_HW_ADDR_7: pscan_240620_1336_XA-000-08-003-000-001-250-15_HW_7_SET_57_23_118_53_VP_0_255_1_NP_100_elect.txt
240620-13:51:30	[INFO]	PSCAN_ASIC_HW_ADDR_6: pscan_240620_1344_XA-000-08-003-000-002-012-07_HW_6_SET_57_24_118_62_VP_0_255_1_NP_100_elect.txt
240620-13:58:48	[INFO]	PSCAN_ASIC_HW_ADDR_5: pscan_240620_1351_XA-000-08-003-000-001-251-15_HW_5_SET_58_23_118_60_VP_0_255_1_NP_100_elect.txt
240620-14:06:09	[INFO]	PSCAN_ASIC_HW_ADDR_4: pscan_240620_1358_XA-000-08-003-000-002-011-07_HW_4_SET_58_24_118_50_VP_0_255_1_NP_100_elect.txt
240620-14:13:28	[INFO]	PSCAN_ASIC_HW_ADDR_3: pscan_240620_1406_XA-000-08-003-000-002-047-09_HW_3_SET_57_25_118_45_VP_0_255_1_NP_100_elect.txt
240620-14:20:51	[INFO]	PSCAN_ASIC_HW_ADDR_2: pscan_240620_1413_XA-000-08-003-000-002-014-07_HW_2_SET_58_25_118_59_VP_0_255_1_NP_100_elect.txt
240620-14:28:18	[INFO]	PSCAN_ASIC_HW_ADDR_1: pscan_240620_1420_XA-000-08-003-000-002-013-07_HW_1_SET_58_24_118_55_VP_0_255_1_NP_100_elect.txt
240620-14:35:37	[INFO]	PSCAN_ASIC_HW_ADDR_0: pscan_240620_1428_XA-000-08-003-000-002-015-07_HW_0_SET_56_28_118_46_VP_0_255_1_NP_100_elect.txt
240620-14:42:56	[INFO]	PSCAN_ASIC_HW_ADDR_1: pscan_240620_1435_XA-000-08-003-000-001-240-15_HW_1_SET_56_23_118_10_VP_0_255_1_NP_100_holes.txt
240620-14:50:22	[INFO]	PSCAN_ASIC_HW_ADDR_0: pscan_240620_1442_XA-000-08-003-000-001-243-15_HW_0_SET_57_24_118_10_VP_0_255_1_NP_100_holes.txt
240620-14:57:55	[INFO]	PSCAN_ASIC_HW_ADDR_3: pscan_240620_1450_XA-000-08-003-000-001-241-15_HW_3_SET_55_20_118_51_VP_0_255_1_NP_100_holes.txt
240620-15:05:47	[INFO]	PSCAN_ASIC_HW_ADDR_2: pscan_240620_1457_XA-000-08-003-000-001-247-15_HW_2_SET_58_22_118_50_VP_0_255_1_NP_100_holes.txt
240620-15:13:12	[INFO]	PSCAN_ASIC_HW_ADDR_5: pscan_240620_1505_XA-000-08-003-000-001-245-15_HW_5_SET_57_23_118_44_VP_0_255_1_NP_100_holes.txt
240620-15:20:42	[INFO]	PSCAN_ASIC_HW_ADDR_4: pscan_240620_1513_XA-000-08-003-000-001-248-15_HW_4_SET_54_20_118_58_VP_0_255_1_NP_100_holes.txt
240620-15:28:17	[INFO]	PSCAN_ASIC_HW_ADDR_7: pscan_240620_1520_XA-000-08-003-000-001-244-15_HW_7_SET_58_21_118_45_VP_0_255_1_NP_100_holes.txt
240620-15:36:17	[INFO]	PSCAN_ASIC_HW_ADDR_6: pscan_240620_1528_XA-000-08-003-000-001-249-15_HW_6_SET_58_22_118_54_VP_0_255_1_NP_100_holes.txt
240620-15:36:17	[INFO]	<<-- FINISHED MEASURING ENC AND CHECKING CALIBRATION
240620-15:37:21	MODULE_ID:	M5UL5T2010182B2_240620_1537
240620-15:37:21	[INFO]	TEST_CENTER: GSI
240620-15:37:21	[INFO]	OPERATOR_ID: Dairon Rodriguez Garces
240620-15:37:21	[INFO]	MODULE ID: 	M5UL5T2010182B2
240620-15:37:21	[INFO]	SENSOR_SIZE [mm]: 	124
240620-15:37:21	[INFO]	SENSOR_QGRADE: 	D
240620-15:40:23	[INFO]	-->> RUNNING SYNCHRONIZATION
240620-15:40:54	[INFO]	<<-- FINISHED SYNCHRONIZATION
240620-15:40:54	[INFO]	-->> READING LV VALUES BEFORE CONFIGURATION
240620-15:40:54	[INFO]	<<-- FINISHED READING LV VALUES BEFORE CONFIGURATION
240620-15:40:54	[INFO]	-->> LOADING STANDARD CONFIGURATION
240620-15:41:02	[INFO]	<<-- FINISHED LOADING STANDARD CONFIGURATION
240620-15:41:02	[INFO]	-->> READING ASICs ID
240620-15:41:03	[INFO]	<<-- FINISHED READING ASICs ID
240620-15:41:03	[INFO]	-->> LOADING DEFAULT TRIM VALUES
240620-15:42:03	[INFO]	<<-- FINISHED LOADING DEFAULT TRIM VALUES
240620-15:42:03	[INFO]	-->> READING LV VALUES AFTER CONFIGURATION
240620-15:42:14	[INFO]	<<-- FINISHED READING LV VALUES AFTER CONFIGURATION
240620-15:42:14	[INFO]	-->> READING VDDM & TEMPERATURE
240620-15:42:17	[INFO]	<<-- FINISHED READING VDDM & TEMPERATURE
240620-15:42:17	[INFO]	--> SETTING THE CALIBRATION TRIM
240620-15:44:23	[INFO]	<<-- FINISHED SETTING THE CALIBRATION TRIM
240620-15:44:23	[INFO]	--> CHECKING CHANNELS' CONNECTIVITY
240620-15:44:23	[INFO]	CONN-CHECK_ASIC_HW_ADDR_7: elect
240620-15:44:43	[INFO]	CONN-CHECK_ASIC_HW_ADDR_6: elect
240620-15:45:04	[INFO]	CONN-CHECK_ASIC_HW_ADDR_5: elect
240620-15:45:25	[INFO]	CONN-CHECK_ASIC_HW_ADDR_4: elect
240620-15:45:45	[INFO]	CONN-CHECK_ASIC_HW_ADDR_3: elect
240620-15:46:06	[INFO]	CONN-CHECK_ASIC_HW_ADDR_2: elect
240620-15:46:27	[INFO]	CONN-CHECK_ASIC_HW_ADDR_1: elect
240620-15:46:48	[INFO]	CONN-CHECK_ASIC_HW_ADDR_0: elect
240620-15:47:08	[INFO]	CONN-CHECK_ASIC_HW_ADDR_1: holes
240620-15:47:28	[INFO]	CONN-CHECK_ASIC_HW_ADDR_0: holes
240620-15:47:49	[INFO]	CONN-CHECK_ASIC_HW_ADDR_3: holes
240620-15:48:10	[INFO]	CONN-CHECK_ASIC_HW_ADDR_2: holes
240620-15:48:30	[INFO]	CONN-CHECK_ASIC_HW_ADDR_5: holes
240620-15:48:49	[INFO]	CONN-CHECK_ASIC_HW_ADDR_4: holes
240620-15:49:07	[INFO]	CONN-CHECK_ASIC_HW_ADDR_7: holes
240620-15:49:25	[INFO]	CONN-CHECK_ASIC_HW_ADDR_6: holes
240620-15:49:45	[INFO]	<<-- FINISHED CHECKING CHANNELS' CONNECTIVITY
240620-16:26:44	MODULE_ID:	M5UL5T2010182B2_240620_1626
240620-16:26:44	[INFO]	TEST_CENTER: GSI
240620-16:26:44	[INFO]	OPERATOR_ID: Dairon Rodriguez Garces
240620-16:26:44	[INFO]	MODULE ID: 	M5UL5T2010182B2
240620-16:26:44	[INFO]	SENSOR_SIZE [mm]: 	124
240620-16:26:44	[INFO]	SENSOR_QGRADE: 	D
240620-16:27:11	[INFO]	-->> RUNNING SYNCHRONIZATION
240620-16:27:42	[INFO]	<<-- FINISHED SYNCHRONIZATION
240620-16:27:42	[INFO]	-->> READING LV VALUES BEFORE CONFIGURATION
240620-16:27:42	[INFO]	<<-- FINISHED READING LV VALUES BEFORE CONFIGURATION
240620-16:27:42	[INFO]	-->> LOADING STANDARD CONFIGURATION
240620-16:27:50	[INFO]	<<-- FINISHED LOADING STANDARD CONFIGURATION
240620-16:27:50	[INFO]	-->> READING ASICs ID
240620-16:27:51	[INFO]	<<-- FINISHED READING ASICs ID
240620-16:27:51	[INFO]	-->> LOADING DEFAULT TRIM VALUES
240620-16:28:48	[INFO]	<<-- FINISHED LOADING DEFAULT TRIM VALUES
240620-16:28:48	[INFO]	-->> READING LV VALUES AFTER CONFIGURATION
240620-16:28:59	[INFO]	<<-- FINISHED READING LV VALUES AFTER CONFIGURATION
240620-16:28:59	[INFO]	-->> READING VDDM & TEMPERATURE
240620-16:29:02	[INFO]	<<-- FINISHED READING VDDM & TEMPERATURE
240620-16:29:02	[INFO]	-->> LOADING DEFAULT TRIM VALUES
240620-16:29:59	[INFO]	<<-- FINISHED LOADING DEFAULT TRIM VALUES
240620-16:29:59	[INFO]	-->> FINDING VREF_P, VREF_N & THR@_GLB FOR CALIBRATION
240620-16:37:08	[INFO]	<<-- FINISHED FINDING VREF_P, VREF_N & THR@_GLB FOR CALIBRATION
240620-16:37:08	[INFO]	--> SETTING THE CALIBRATION PARAMETERS
240620-16:37:08	[INFO]	<<-- FINISHED SETTING THE CALIBRATION PARAMETERS
240620-16:37:08	[INFO]	-->> CALIBRATING THE MODULE
240620-16:46:23	[INFO]	CAL_ASIC_HW_ADDR_7: ftrim_XA-000-08-003-000-001-250-15_HW_7_SET_57_23_118_53_R_30_247_elect.txt
240620-16:55:44	[INFO]	CAL_ASIC_HW_ADDR_6: ftrim_XA-000-08-003-000-002-012-07_HW_6_SET_57_24_118_60_R_30_247_elect.txt
240620-17:05:01	[INFO]	CAL_ASIC_HW_ADDR_5: ftrim_XA-000-08-003-000-001-251-15_HW_5_SET_58_23_118_59_R_30_247_elect.txt
240620-17:14:43	[INFO]	CAL_ASIC_HW_ADDR_4: ftrim_XA-000-08-003-000-002-011-07_HW_4_SET_58_24_118_49_R_30_247_elect.txt
240620-17:24:31	[INFO]	CAL_ASIC_HW_ADDR_3: ftrim_XA-000-08-003-000-002-047-09_HW_3_SET_57_25_118_44_R_30_247_elect.txt
240620-17:33:58	[INFO]	CAL_ASIC_HW_ADDR_2: ftrim_XA-000-08-003-000-002-014-07_HW_2_SET_58_25_118_59_R_30_247_elect.txt
240620-17:43:23	[INFO]	CAL_ASIC_HW_ADDR_1: ftrim_XA-000-08-003-000-002-013-07_HW_1_SET_58_23_118_55_R_30_247_elect.txt
240620-17:52:47	[INFO]	CAL_ASIC_HW_ADDR_0: ftrim_XA-000-08-003-000-002-015-07_HW_0_SET_56_28_118_44_R_30_247_elect.txt
240620-18:02:08	[INFO]	CAL_ASIC_HW_ADDR_1: ftrim_XA-000-08-003-000-001-240-15_HW_1_SET_56_23_118_10_R_30_247_holes.txt
240620-18:11:32	[INFO]	CAL_ASIC_HW_ADDR_0: ftrim_XA-000-08-003-000-001-243-15_HW_0_SET_57_23_118_10_R_30_247_holes.txt
240620-18:20:51	[INFO]	CAL_ASIC_HW_ADDR_3: ftrim_XA-000-08-003-000-001-241-15_HW_3_SET_55_20_118_51_R_30_247_holes.txt
240620-18:30:15	[INFO]	CAL_ASIC_HW_ADDR_2: ftrim_XA-000-08-003-000-001-247-15_HW_2_SET_58_21_118_52_R_30_247_holes.txt
240620-18:39:32	[INFO]	CAL_ASIC_HW_ADDR_5: ftrim_XA-000-08-003-000-001-245-15_HW_5_SET_58_23_118_43_R_30_247_holes.txt
240620-18:48:51	[INFO]	CAL_ASIC_HW_ADDR_4: ftrim_XA-000-08-003-000-001-248-15_HW_4_SET_54_20_118_59_R_30_247_holes.txt
240620-18:58:12	[INFO]	CAL_ASIC_HW_ADDR_7: ftrim_XA-000-08-003-000-001-244-15_HW_7_SET_58_21_118_45_R_30_247_holes.txt
240620-19:07:38	[INFO]	CAL_ASIC_HW_ADDR_6: ftrim_XA-000-08-003-000-001-249-15_HW_6_SET_58_22_118_57_R_30_247_holes.txt
240620-19:07:38	[INFO]	<<-- FINISHED CALIBRATING THE MODULE
240620-19:07:38	[INFO]	--> SETTING THE CALIBRATION TRIM
240620-19:09:36	[INFO]	<<-- FINISHED SETTING THE CALIBRATION TRIM
240620-19:09:36	[INFO]	--> MEASURING ENC AND CHECKING CALIBRATION
240620-19:16:57	[INFO]	PSCAN_ASIC_HW_ADDR_7: pscan_240620_1909_XA-000-08-003-000-001-250-15_HW_7_SET_57_23_118_53_VP_0_255_1_NP_100_elect.txt
240620-19:24:22	[INFO]	PSCAN_ASIC_HW_ADDR_6: pscan_240620_1916_XA-000-08-003-000-002-012-07_HW_6_SET_57_24_118_60_VP_0_255_1_NP_100_elect.txt
240620-19:31:43	[INFO]	PSCAN_ASIC_HW_ADDR_5: pscan_240620_1924_XA-000-08-003-000-001-251-15_HW_5_SET_58_23_118_59_VP_0_255_1_NP_100_elect.txt
240620-19:39:01	[INFO]	PSCAN_ASIC_HW_ADDR_4: pscan_240620_1931_XA-000-08-003-000-002-011-07_HW_4_SET_58_24_118_49_VP_0_255_1_NP_100_elect.txt
240620-19:46:19	[INFO]	PSCAN_ASIC_HW_ADDR_3: pscan_240620_1939_XA-000-08-003-000-002-047-09_HW_3_SET_57_25_118_44_VP_0_255_1_NP_100_elect.txt
240620-19:53:39	[INFO]	PSCAN_ASIC_HW_ADDR_2: pscan_240620_1946_XA-000-08-003-000-002-014-07_HW_2_SET_58_25_118_59_VP_0_255_1_NP_100_elect.txt
240620-20:00:55	[INFO]	PSCAN_ASIC_HW_ADDR_1: pscan_240620_1953_XA-000-08-003-000-002-013-07_HW_1_SET_58_23_118_55_VP_0_255_1_NP_100_elect.txt
240620-20:08:13	[INFO]	PSCAN_ASIC_HW_ADDR_0: pscan_240620_2000_XA-000-08-003-000-002-015-07_HW_0_SET_56_28_118_44_VP_0_255_1_NP_100_elect.txt
240620-20:15:31	[INFO]	PSCAN_ASIC_HW_ADDR_1: pscan_240620_2008_XA-000-08-003-000-001-240-15_HW_1_SET_56_23_118_10_VP_0_255_1_NP_100_holes.txt
240620-20:22:48	[INFO]	PSCAN_ASIC_HW_ADDR_0: pscan_240620_2015_XA-000-08-003-000-001-243-15_HW_0_SET_57_23_118_10_VP_0_255_1_NP_100_holes.txt
240620-20:30:03	[INFO]	PSCAN_ASIC_HW_ADDR_3: pscan_240620_2022_XA-000-08-003-000-001-241-15_HW_3_SET_55_20_118_51_VP_0_255_1_NP_100_holes.txt
240620-20:37:14	[INFO]	PSCAN_ASIC_HW_ADDR_2: pscan_240620_2030_XA-000-08-003-000-001-247-15_HW_2_SET_58_21_118_52_VP_0_255_1_NP_100_holes.txt
240620-20:44:24	[INFO]	PSCAN_ASIC_HW_ADDR_5: pscan_240620_2037_XA-000-08-003-000-001-245-15_HW_5_SET_58_23_118_43_VP_0_255_1_NP_100_holes.txt
240620-20:51:32	[INFO]	PSCAN_ASIC_HW_ADDR_4: pscan_240620_2044_XA-000-08-003-000-001-248-15_HW_4_SET_54_20_118_59_VP_0_255_1_NP_100_holes.txt
240620-20:58:47	[INFO]	PSCAN_ASIC_HW_ADDR_7: pscan_240620_2051_XA-000-08-003-000-001-244-15_HW_7_SET_58_21_118_45_VP_0_255_1_NP_100_holes.txt
240620-21:07:08	[INFO]	PSCAN_ASIC_HW_ADDR_6: pscan_240620_2058_XA-000-08-003-000-001-249-15_HW_6_SET_58_22_118_57_VP_0_255_1_NP_100_holes.txt
240620-21:07:08	[INFO]	<<-- FINISHED MEASURING ENC AND CHECKING CALIBRATION
240621-09:31:32	MODULE_ID:	M5UL5T2010182B2_240621_0931
240621-09:31:32	[INFO]	TEST_CENTER: GSI
240621-09:31:32	[INFO]	OPERATOR_ID: Dairon Rodriguez Garces
240621-09:31:32	[INFO]	MODULE ID: 	M5UL5T2010182B2
240621-09:31:32	[INFO]	SENSOR_SIZE [mm]: 	124
240621-09:31:32	[INFO]	SENSOR_QGRADE: 	D
240621-09:31:53	[INFO]	-->> RUNNING SYNCHRONIZATION
240621-09:32:22	[INFO]	<<-- FINISHED SYNCHRONIZATION
240621-09:32:22	[INFO]	-->> READING LV VALUES BEFORE CONFIGURATION
240621-09:32:23	[INFO]	<<-- FINISHED READING LV VALUES BEFORE CONFIGURATION
240621-09:32:23	[INFO]	-->> LOADING STANDARD CONFIGURATION
240621-09:32:30	[INFO]	<<-- FINISHED LOADING STANDARD CONFIGURATION
240621-09:32:30	[INFO]	-->> READING ASICs ID
240621-09:32:31	[INFO]	<<-- FINISHED READING ASICs ID
240621-09:32:31	[INFO]	-->> LOADING DEFAULT TRIM VALUES
240621-09:33:28	[INFO]	<<-- FINISHED LOADING DEFAULT TRIM VALUES
240621-09:33:28	[INFO]	-->> READING LV VALUES AFTER CONFIGURATION
240621-09:33:38	[INFO]	<<-- FINISHED READING LV VALUES AFTER CONFIGURATION
240621-09:33:38	[INFO]	-->> READING VDDM & TEMPERATURE
240621-09:33:42	[INFO]	<<-- FINISHED READING VDDM & TEMPERATURE
240621-09:33:42	[INFO]	--> SETTING THE CALIBRATION TRIM
240621-09:35:38	[INFO]	<<-- FINISHED SETTING THE CALIBRATION TRIM
240621-09:35:38	[INFO]	--> CHECKING CHANNELS' CONNECTIVITY
240621-09:35:38	[INFO]	CONN-CHECK_ASIC_HW_ADDR_7: elect
240621-09:35:57	[INFO]	CONN-CHECK_ASIC_HW_ADDR_6: elect
240621-09:36:15	[INFO]	CONN-CHECK_ASIC_HW_ADDR_5: elect
240621-09:36:33	[INFO]	CONN-CHECK_ASIC_HW_ADDR_4: elect
240621-09:36:52	[INFO]	CONN-CHECK_ASIC_HW_ADDR_3: elect
240621-09:37:10	[INFO]	CONN-CHECK_ASIC_HW_ADDR_2: elect
240621-09:37:28	[INFO]	CONN-CHECK_ASIC_HW_ADDR_1: elect
240621-09:37:47	[INFO]	CONN-CHECK_ASIC_HW_ADDR_0: elect
240621-09:38:05	[INFO]	CONN-CHECK_ASIC_HW_ADDR_1: holes
240621-09:38:24	[INFO]	CONN-CHECK_ASIC_HW_ADDR_0: holes
240621-09:38:42	[INFO]	CONN-CHECK_ASIC_HW_ADDR_3: holes
240621-09:39:00	[INFO]	CONN-CHECK_ASIC_HW_ADDR_2: holes
240621-09:39:18	[INFO]	CONN-CHECK_ASIC_HW_ADDR_5: holes
240621-09:39:39	[INFO]	CONN-CHECK_ASIC_HW_ADDR_4: holes
240621-09:40:02	[INFO]	CONN-CHECK_ASIC_HW_ADDR_7: holes
240621-09:40:25	[INFO]	CONN-CHECK_ASIC_HW_ADDR_6: holes
240621-09:40:49	[INFO]	<<-- FINISHED CHECKING CHANNELS' CONNECTIVITY
240624-17:28:10	MODULE_ID:	M5UL5T2010182B2_240624_1728
240624-17:28:10	[INFO]	TEST_CENTER: GSI
240624-17:28:10	[INFO]	OPERATOR_ID: Dairon Rodriguez Garces
240624-17:28:10	[INFO]	MODULE ID: 	M5UL5T2010182B2
240624-17:28:10	[INFO]	SENSOR_SIZE [mm]: 	124
240624-17:28:10	[INFO]	SENSOR_QGRADE: 	D
240624-17:31:03	[INFO]	-->> RUNNING SYNCHRONIZATION
240624-17:31:32	[INFO]	<<-- FINISHED SYNCHRONIZATION
240624-17:31:32	[INFO]	-->> READING LV VALUES BEFORE CONFIGURATION
240624-17:31:32	[INFO]	<<-- FINISHED READING LV VALUES BEFORE CONFIGURATION
240624-17:31:32	[INFO]	-->> LOADING STANDARD CONFIGURATION
240624-17:31:40	[INFO]	<<-- FINISHED LOADING STANDARD CONFIGURATION
240624-17:31:40	[INFO]	-->> READING ASICs ID
240624-17:31:41	[INFO]	<<-- FINISHED READING ASICs ID
240624-17:31:41	[INFO]	-->> LOADING DEFAULT TRIM VALUES
240624-17:32:35	[INFO]	<<-- FINISHED LOADING DEFAULT TRIM VALUES
240624-17:32:35	[INFO]	-->> READING LV VALUES AFTER CONFIGURATION
240624-17:32:45	[INFO]	<<-- FINISHED READING LV VALUES AFTER CONFIGURATION
240624-17:32:45	[INFO]	-->> READING VDDM & TEMPERATURE
240624-17:32:48	[INFO]	<<-- FINISHED READING VDDM & TEMPERATURE
240624-17:32:48	[INFO]	-->> LOADING DEFAULT TRIM VALUES
240624-17:33:41	[INFO]	<<-- FINISHED LOADING DEFAULT TRIM VALUES
240624-17:33:41	[INFO]	-->> FINDING VREF_P, VREF_N & THR@_GLB FOR CALIBRATION
240624-17:40:39	[INFO]	<<-- FINISHED FINDING VREF_P, VREF_N & THR@_GLB FOR CALIBRATION
240624-17:40:39	[INFO]	--> SETTING THE CALIBRATION PARAMETERS
240624-17:40:39	[INFO]	<<-- FINISHED SETTING THE CALIBRATION PARAMETERS
240624-17:40:39	[INFO]	-->> CALIBRATING THE MODULE
240624-17:49:21	[INFO]	CAL_ASIC_HW_ADDR_7: ftrim_XA-000-08-003-000-001-250-15_HW_7_SET_57_23_118_43_R_30_247_elect.txt
240624-17:58:00	[INFO]	CAL_ASIC_HW_ADDR_6: ftrim_XA-000-08-003-000-002-012-07_HW_6_SET_57_24_118_49_R_30_247_elect.txt
240624-18:06:41	[INFO]	CAL_ASIC_HW_ADDR_5: ftrim_XA-000-08-003-000-001-251-15_HW_5_SET_58_23_118_36_R_30_247_elect.txt
240624-18:15:24	[INFO]	CAL_ASIC_HW_ADDR_4: ftrim_XA-000-08-003-000-002-011-07_HW_4_SET_58_24_118_37_R_30_247_elect.txt
240624-18:24:07	[INFO]	CAL_ASIC_HW_ADDR_3: ftrim_XA-000-08-003-000-002-047-09_HW_3_SET_57_25_118_44_R_30_247_elect.txt
240624-18:32:49	[INFO]	CAL_ASIC_HW_ADDR_2: ftrim_XA-000-08-003-000-002-014-07_HW_2_SET_58_25_118_45_R_30_247_elect.txt
240624-18:41:32	[INFO]	CAL_ASIC_HW_ADDR_1: ftrim_XA-000-08-003-000-002-013-07_HW_1_SET_58_23_118_38_R_30_247_elect.txt
240624-18:50:11	[INFO]	CAL_ASIC_HW_ADDR_0: ftrim_XA-000-08-003-000-002-015-07_HW_0_SET_56_28_118_52_R_30_247_elect.txt
240624-18:58:51	[INFO]	CAL_ASIC_HW_ADDR_1: ftrim_XA-000-08-003-000-001-240-15_HW_1_SET_57_21_118_10_R_30_247_holes.txt
240624-19:07:32	[INFO]	CAL_ASIC_HW_ADDR_0: ftrim_XA-000-08-003-000-001-243-15_HW_0_SET_57_22_118_67_R_30_247_holes.txt
240624-19:16:09	[INFO]	CAL_ASIC_HW_ADDR_3: ftrim_XA-000-08-003-000-001-241-15_HW_3_SET_55_18_118_53_R_30_247_holes.txt
240624-19:24:50	[INFO]	CAL_ASIC_HW_ADDR_2: ftrim_XA-000-08-003-000-001-247-15_HW_2_SET_58_20_118_44_R_30_247_holes.txt
240624-19:33:31	[INFO]	CAL_ASIC_HW_ADDR_5: ftrim_XA-000-08-003-000-001-245-15_HW_5_SET_57_21_118_54_R_30_247_holes.txt
240624-19:42:11	[INFO]	CAL_ASIC_HW_ADDR_4: ftrim_XA-000-08-003-000-001-248-15_HW_4_SET_54_18_118_53_R_30_247_holes.txt
240624-19:50:55	[INFO]	CAL_ASIC_HW_ADDR_7: ftrim_XA-000-08-003-000-001-244-15_HW_7_SET_58_19_118_50_R_30_247_holes.txt
240624-19:59:40	[INFO]	CAL_ASIC_HW_ADDR_6: ftrim_XA-000-08-003-000-001-249-15_HW_6_SET_58_20_118_42_R_30_247_holes.txt
240624-19:59:40	[INFO]	<<-- FINISHED CALIBRATING THE MODULE
240624-19:59:40	[INFO]	--> SETTING THE CALIBRATION TRIM
240624-20:01:27	[INFO]	<<-- FINISHED SETTING THE CALIBRATION TRIM
240624-20:01:27	[INFO]	--> MEASURING ENC AND CHECKING CALIBRATION
240624-20:08:22	[INFO]	PSCAN_ASIC_HW_ADDR_7: pscan_240624_2001_XA-000-08-003-000-001-250-15_HW_7_SET_57_23_118_43_VP_0_255_1_NP_100_elect.txt
240624-20:15:16	[INFO]	PSCAN_ASIC_HW_ADDR_6: pscan_240624_2008_XA-000-08-003-000-002-012-07_HW_6_SET_57_24_118_49_VP_0_255_1_NP_100_elect.txt
240624-20:22:13	[INFO]	PSCAN_ASIC_HW_ADDR_5: pscan_240624_2015_XA-000-08-003-000-001-251-15_HW_5_SET_58_23_118_36_VP_0_255_1_NP_100_elect.txt
240624-20:29:06	[INFO]	PSCAN_ASIC_HW_ADDR_4: pscan_240624_2022_XA-000-08-003-000-002-011-07_HW_4_SET_58_24_118_37_VP_0_255_1_NP_100_elect.txt
240624-20:35:59	[INFO]	PSCAN_ASIC_HW_ADDR_3: pscan_240624_2029_XA-000-08-003-000-002-047-09_HW_3_SET_57_25_118_44_VP_0_255_1_NP_100_elect.txt
240624-20:42:52	[INFO]	PSCAN_ASIC_HW_ADDR_2: pscan_240624_2035_XA-000-08-003-000-002-014-07_HW_2_SET_58_25_118_45_VP_0_255_1_NP_100_elect.txt
240624-20:49:44	[INFO]	PSCAN_ASIC_HW_ADDR_1: pscan_240624_2042_XA-000-08-003-000-002-013-07_HW_1_SET_58_23_118_38_VP_0_255_1_NP_100_elect.txt
240624-20:56:39	[INFO]	PSCAN_ASIC_HW_ADDR_0: pscan_240624_2049_XA-000-08-003-000-002-015-07_HW_0_SET_56_28_118_52_VP_0_255_1_NP_100_elect.txt
240624-21:03:31	[INFO]	PSCAN_ASIC_HW_ADDR_1: pscan_240624_2056_XA-000-08-003-000-001-240-15_HW_1_SET_57_21_118_10_VP_0_255_1_NP_100_holes.txt
240624-21:10:25	[INFO]	PSCAN_ASIC_HW_ADDR_0: pscan_240624_2103_XA-000-08-003-000-001-243-15_HW_0_SET_57_22_118_67_VP_0_255_1_NP_100_holes.txt
240624-21:17:19	[INFO]	PSCAN_ASIC_HW_ADDR_3: pscan_240624_2110_XA-000-08-003-000-001-241-15_HW_3_SET_55_18_118_53_VP_0_255_1_NP_100_holes.txt
240624-21:24:15	[INFO]	PSCAN_ASIC_HW_ADDR_2: pscan_240624_2117_XA-000-08-003-000-001-247-15_HW_2_SET_58_20_118_44_VP_0_255_1_NP_100_holes.txt
240624-21:31:08	[INFO]	PSCAN_ASIC_HW_ADDR_5: pscan_240624_2124_XA-000-08-003-000-001-245-15_HW_5_SET_57_21_118_54_VP_0_255_1_NP_100_holes.txt
240624-21:38:02	[INFO]	PSCAN_ASIC_HW_ADDR_4: pscan_240624_2131_XA-000-08-003-000-001-248-15_HW_4_SET_54_18_118_53_VP_0_255_1_NP_100_holes.txt
240624-21:44:59	[INFO]	PSCAN_ASIC_HW_ADDR_7: pscan_240624_2138_XA-000-08-003-000-001-244-15_HW_7_SET_58_19_118_50_VP_0_255_1_NP_100_holes.txt
240624-21:51:57	[INFO]	PSCAN_ASIC_HW_ADDR_6: pscan_240624_2145_XA-000-08-003-000-001-249-15_HW_6_SET_58_20_118_42_VP_0_255_1_NP_100_holes.txt
240624-21:51:57	[INFO]	<<-- FINISHED MEASURING ENC AND CHECKING CALIBRATION
240625-09:51:43	MODULE_ID:	M5UL5T2010182B2_240625_0951
240625-09:51:43	[INFO]	TEST_CENTER: GSI
240625-09:51:43	[INFO]	OPERATOR_ID: Dairon Rodriguez Garces
240625-09:51:43	[INFO]	MODULE ID: 	M5UL5T2010182B2
240625-09:51:43	[INFO]	SENSOR_SIZE [mm]: 	124
240625-09:51:43	[INFO]	SENSOR_QGRADE: 	D.
240625-09:51:56	[INFO]	-->> RUNNING SYNCHRONIZATION
240625-09:52:25	[INFO]	<<-- FINISHED SYNCHRONIZATION
240625-09:52:25	[INFO]	-->> READING LV VALUES BEFORE CONFIGURATION
240625-09:52:26	[INFO]	<<-- FINISHED READING LV VALUES BEFORE CONFIGURATION
240625-09:52:26	[INFO]	-->> LOADING STANDARD CONFIGURATION
240625-09:52:32	[INFO]	<<-- FINISHED LOADING STANDARD CONFIGURATION
240625-09:52:32	[INFO]	-->> READING ASICs ID
240625-09:52:33	[INFO]	<<-- FINISHED READING ASICs ID
240625-09:52:33	[INFO]	-->> LOADING DEFAULT TRIM VALUES
240625-09:53:28	[INFO]	<<-- FINISHED LOADING DEFAULT TRIM VALUES
240625-09:53:28	[INFO]	-->> READING LV VALUES AFTER CONFIGURATION
240625-09:53:38	[INFO]	<<-- FINISHED READING LV VALUES AFTER CONFIGURATION
240625-09:53:38	[INFO]	-->> READING VDDM & TEMPERATURE
240625-09:53:42	[INFO]	<<-- FINISHED READING VDDM & TEMPERATURE
240625-09:53:42	[INFO]	--> SETTING THE CALIBRATION TRIM
240625-09:55:35	[INFO]	<<-- FINISHED SETTING THE CALIBRATION TRIM
240625-09:55:35	[INFO]	--> CHECKING CHANNELS' CONNECTIVITY
240625-09:55:35	[INFO]	CONN-CHECK_ASIC_HW_ADDR_7: elect
240625-09:55:53	[INFO]	CONN-CHECK_ASIC_HW_ADDR_6: elect
240625-09:56:10	[INFO]	CONN-CHECK_ASIC_HW_ADDR_5: elect
240625-09:56:28	[INFO]	CONN-CHECK_ASIC_HW_ADDR_4: elect
240625-09:56:46	[INFO]	CONN-CHECK_ASIC_HW_ADDR_3: elect
240625-09:57:03	[INFO]	CONN-CHECK_ASIC_HW_ADDR_2: elect
240625-09:57:21	[INFO]	CONN-CHECK_ASIC_HW_ADDR_1: elect
240625-09:57:38	[INFO]	CONN-CHECK_ASIC_HW_ADDR_0: elect
240625-09:57:56	[INFO]	CONN-CHECK_ASIC_HW_ADDR_1: holes
240625-09:58:13	[INFO]	CONN-CHECK_ASIC_HW_ADDR_0: holes
240625-09:58:31	[INFO]	CONN-CHECK_ASIC_HW_ADDR_3: holes
240625-09:58:49	[INFO]	CONN-CHECK_ASIC_HW_ADDR_2: holes
240625-09:59:06	[INFO]	CONN-CHECK_ASIC_HW_ADDR_5: holes
240625-09:59:24	[INFO]	CONN-CHECK_ASIC_HW_ADDR_4: holes
240625-09:59:42	[INFO]	CONN-CHECK_ASIC_HW_ADDR_7: holes
240625-09:59:59	[INFO]	CONN-CHECK_ASIC_HW_ADDR_6: holes
240625-10:00:20	[INFO]	<<-- FINISHED CHECKING CHANNELS' CONNECTIVITY
240628-09:43:46	MODULE_ID:	M5UL5T2010182B2_240628_0943
240628-09:43:46	[INFO]	TEST_CENTER: GSI
240628-09:43:46	[INFO]	OPERATOR_ID: Dairon Rodriguez Garces
240628-09:43:46	[INFO]	MODULE ID: 	M5UL5T2010182B2
240628-09:43:46	[INFO]	SENSOR_SIZE [mm]: 	124
240628-09:43:46	[INFO]	SENSOR_QGRADE: 	D
240712-09:31:31	MODULE_ID:	M5UL5T2010182B2_240712_0931
240712-09:31:31	[INFO]	TEST_CENTER: GSI
240712-09:31:31	[INFO]	OPERATOR_ID: Dairon Rodriguez Garces
240712-09:31:31	[INFO]	MODULE ID: 	M5UL5T2010182B2
240712-09:31:31	[INFO]	SENSOR_SIZE [mm]: 	124
240712-09:31:31	[INFO]	SENSOR_QGRADE: 	D
240712-09:31:49	[INFO]	-->> RUNNING SYNCHRONIZATION
240712-09:32:18	[INFO]	<<-- FINISHED SYNCHRONIZATION
240712-09:32:18	[INFO]	-->> READING LV VALUES BEFORE CONFIGURATION
240712-09:32:18	[INFO]	<<-- FINISHED READING LV VALUES BEFORE CONFIGURATION
240712-09:32:18	[INFO]	-->> LOADING STANDARD CONFIGURATION
240712-09:32:25	[INFO]	<<-- FINISHED LOADING STANDARD CONFIGURATION
240712-09:32:25	[INFO]	-->> READING ASICs ID
240712-09:32:26	[INFO]	<<-- FINISHED READING ASICs ID
240712-09:32:26	[INFO]	-->> LOADING DEFAULT TRIM VALUES
240712-09:32:29	[INFO]	<<-- FINISHED LOADING DEFAULT TRIM VALUES
240712-09:32:29	[INFO]	-->> READING LV VALUES AFTER CONFIGURATION
240712-09:32:39	[INFO]	<<-- FINISHED READING LV VALUES AFTER CONFIGURATION
240712-09:32:39	[INFO]	-->> READING VDDM & TEMPERATURE
240712-09:32:43	[INFO]	<<-- FINISHED READING VDDM & TEMPERATURE
240712-09:32:43	[INFO]	-->> LOADING DEFAULT TRIM VALUES
240712-09:32:46	[INFO]	<<-- FINISHED LOADING DEFAULT TRIM VALUES
240712-09:32:46	[INFO]	-->> FINDING VREF_P, VREF_N & THR@_GLB FOR CALIBRATION
240712-09:33:10	[INFO]	<<-- FINISHED FINDING VREF_P, VREF_N & THR@_GLB FOR CALIBRATION
240712-09:33:10	[INFO]	--> SETTING THE CALIBRATION PARAMETERS
240712-09:33:10	[INFO]	<<-- FINISHED SETTING THE CALIBRATION PARAMETERS
240712-09:33:10	[INFO]	-->> CALIBRATING THE MODULE
240712-09:37:31	MODULE_ID:	M5UL5T2010182B2_240712_0937
240712-09:37:31	[INFO]	TEST_CENTER: GSI
240712-09:37:31	[INFO]	OPERATOR_ID: Dairon Rodriguez Garces
240712-09:37:31	[INFO]	MODULE ID: 	M5UL5T2010182B2
240712-09:37:31	[INFO]	SENSOR_SIZE [mm]: 	124
240712-09:37:31	[INFO]	SENSOR_QGRADE: 	D
240712-09:37:43	[INFO]	-->> RUNNING SYNCHRONIZATION
240712-09:38:12	[INFO]	<<-- FINISHED SYNCHRONIZATION
240712-09:38:12	[INFO]	-->> READING LV VALUES BEFORE CONFIGURATION
240712-09:38:12	[INFO]	<<-- FINISHED READING LV VALUES BEFORE CONFIGURATION
240712-09:38:12	[INFO]	-->> LOADING STANDARD CONFIGURATION
240712-09:38:19	[INFO]	<<-- FINISHED LOADING STANDARD CONFIGURATION
240712-09:38:19	[INFO]	-->> READING ASICs ID
240712-09:38:20	[INFO]	<<-- FINISHED READING ASICs ID
240712-09:38:20	[INFO]	-->> LOADING DEFAULT TRIM VALUES
240712-09:38:23	[INFO]	<<-- FINISHED LOADING DEFAULT TRIM VALUES
240712-09:38:23	[INFO]	-->> READING LV VALUES AFTER CONFIGURATION
240712-09:38:33	[INFO]	<<-- FINISHED READING LV VALUES AFTER CONFIGURATION
240712-09:38:33	[INFO]	-->> READING VDDM & TEMPERATURE
240712-09:38:37	[INFO]	<<-- FINISHED READING VDDM & TEMPERATURE
240712-09:38:37	[INFO]	-->> LOADING DEFAULT TRIM VALUES
240712-09:38:40	[INFO]	<<-- FINISHED LOADING DEFAULT TRIM VALUES
240712-09:38:40	[INFO]	-->> FINDING VREF_P, VREF_N & THR@_GLB FOR CALIBRATION
240712-09:39:05	[INFO]	<<-- FINISHED FINDING VREF_P, VREF_N & THR@_GLB FOR CALIBRATION
240712-09:39:05	[INFO]	--> SETTING THE CALIBRATION PARAMETERS
240712-09:39:05	[INFO]	<<-- FINISHED SETTING THE CALIBRATION PARAMETERS
240712-09:39:05	[INFO]	-->> CALIBRATING THE MODULE
240712-09:40:21	MODULE_ID:	M5UL5T2010182B2_240712_0940
240712-09:40:21	[INFO]	TEST_CENTER: GSI
240712-09:40:21	[INFO]	OPERATOR_ID: Dairon Rodriguez Garces
240712-09:40:21	[INFO]	MODULE ID: 	M5UL5T2010182B2
240712-09:40:21	[INFO]	SENSOR_SIZE [mm]: 	124
240712-09:40:21	[INFO]	SENSOR_QGRADE: 	D
240712-09:40:33	[INFO]	-->> RUNNING SYNCHRONIZATION
240712-09:41:03	[INFO]	<<-- FINISHED SYNCHRONIZATION
240712-09:41:03	[INFO]	-->> READING LV VALUES BEFORE CONFIGURATION
240712-09:41:03	[INFO]	<<-- FINISHED READING LV VALUES BEFORE CONFIGURATION
240712-09:41:03	[INFO]	-->> LOADING STANDARD CONFIGURATION
240712-09:41:09	[INFO]	<<-- FINISHED LOADING STANDARD CONFIGURATION
240712-09:41:09	[INFO]	-->> READING ASICs ID
240712-09:41:11	[INFO]	<<-- FINISHED READING ASICs ID
240712-09:41:11	[INFO]	-->> LOADING DEFAULT TRIM VALUES
240712-09:41:14	[INFO]	<<-- FINISHED LOADING DEFAULT TRIM VALUES
240712-09:41:14	[INFO]	-->> READING LV VALUES AFTER CONFIGURATION
240712-09:41:24	[INFO]	<<-- FINISHED READING LV VALUES AFTER CONFIGURATION
240712-09:41:24	[INFO]	-->> READING VDDM & TEMPERATURE
240712-09:41:28	[INFO]	<<-- FINISHED READING VDDM & TEMPERATURE
240712-09:41:28	[INFO]	-->> LOADING DEFAULT TRIM VALUES
240712-09:41:31	[INFO]	<<-- FINISHED LOADING DEFAULT TRIM VALUES
240712-09:41:31	[INFO]	-->> FINDING VREF_P, VREF_N & THR@_GLB FOR CALIBRATION
240712-09:41:55	[INFO]	<<-- FINISHED FINDING VREF_P, VREF_N & THR@_GLB FOR CALIBRATION
240712-09:41:55	[INFO]	--> SETTING THE CALIBRATION PARAMETERS
240712-09:41:55	[INFO]	<<-- FINISHED SETTING THE CALIBRATION PARAMETERS
240712-09:41:55	[INFO]	-->> CALIBRATING THE MODULE
240712-09:43:42	MODULE_ID:	M5UL5T2010182B2_240712_0943
240712-09:43:42	[INFO]	TEST_CENTER: GSI
240712-09:43:42	[INFO]	OPERATOR_ID: Dairon Rodriguez Garces
240712-09:43:42	[INFO]	MODULE ID: 	M5UL5T2010182B2
240712-09:43:42	[INFO]	SENSOR_SIZE [mm]: 	124
240712-09:43:42	[INFO]	SENSOR_QGRADE: 	D
240712-09:43:52	[INFO]	-->> RUNNING SYNCHRONIZATION
240712-09:44:23	[INFO]	<<-- FINISHED SYNCHRONIZATION
240712-09:44:23	[INFO]	-->> READING LV VALUES BEFORE CONFIGURATION
240712-09:44:24	[INFO]	<<-- FINISHED READING LV VALUES BEFORE CONFIGURATION
240712-09:44:24	[INFO]	-->> LOADING STANDARD CONFIGURATION
240712-09:44:32	[INFO]	<<-- FINISHED LOADING STANDARD CONFIGURATION
240712-09:44:32	[INFO]	-->> READING ASICs ID
240712-09:44:34	[INFO]	<<-- FINISHED READING ASICs ID
240712-09:44:34	[INFO]	-->> LOADING DEFAULT TRIM VALUES
240712-09:44:38	[INFO]	<<-- FINISHED LOADING DEFAULT TRIM VALUES
240712-09:44:38	[INFO]	-->> READING LV VALUES AFTER CONFIGURATION
240712-09:44:48	[INFO]	<<-- FINISHED READING LV VALUES AFTER CONFIGURATION
240712-09:44:48	[INFO]	-->> READING VDDM & TEMPERATURE
240712-09:44:51	[INFO]	<<-- FINISHED READING VDDM & TEMPERATURE
240712-09:44:51	[INFO]	-->> LOADING DEFAULT TRIM VALUES
240712-09:44:55	[INFO]	<<-- FINISHED LOADING DEFAULT TRIM VALUES
240712-09:44:55	[INFO]	-->> FINDING VREF_P, VREF_N & THR@_GLB FOR CALIBRATION
240712-09:45:26	[INFO]	<<-- FINISHED FINDING VREF_P, VREF_N & THR@_GLB FOR CALIBRATION
240712-09:45:26	[INFO]	--> SETTING THE CALIBRATION PARAMETERS
240712-09:45:26	[INFO]	<<-- FINISHED SETTING THE CALIBRATION PARAMETERS
240712-09:45:26	[INFO]	-->> CALIBRATING THE MODULE
240712-09:47:02	MODULE_ID:	M5UL5T2010182B2_240712_0947
240712-09:47:02	[INFO]	TEST_CENTER: GSI
240712-09:47:02	[INFO]	OPERATOR_ID: Dairon Rodriguez Garces
240712-09:47:02	[INFO]	MODULE ID: 	M5UL5T2010182B2
240712-09:47:02	[INFO]	SENSOR_SIZE [mm]: 	124
240712-09:47:02	[INFO]	SENSOR_QGRADE: 	D
240712-09:47:10	[INFO]	-->> RUNNING SYNCHRONIZATION
240712-09:47:41	[INFO]	<<-- FINISHED SYNCHRONIZATION
240712-09:47:41	[INFO]	-->> READING LV VALUES BEFORE CONFIGURATION
240712-09:47:41	[INFO]	<<-- FINISHED READING LV VALUES BEFORE CONFIGURATION
240712-09:47:41	[INFO]	-->> LOADING STANDARD CONFIGURATION
240712-09:47:49	[INFO]	<<-- FINISHED LOADING STANDARD CONFIGURATION
240712-09:47:49	[INFO]	-->> READING ASICs ID
240712-09:47:50	[INFO]	<<-- FINISHED READING ASICs ID
240712-09:47:50	[INFO]	-->> LOADING DEFAULT TRIM VALUES
240712-09:47:53	[INFO]	<<-- FINISHED LOADING DEFAULT TRIM VALUES
240712-09:47:53	[INFO]	-->> READING LV VALUES AFTER CONFIGURATION
240712-09:48:03	[INFO]	<<-- FINISHED READING LV VALUES AFTER CONFIGURATION
240712-09:48:03	[INFO]	-->> READING VDDM & TEMPERATURE
240712-09:48:07	[INFO]	<<-- FINISHED READING VDDM & TEMPERATURE
240712-09:48:07	[INFO]	-->> LOADING DEFAULT TRIM VALUES
240712-09:48:10	[INFO]	<<-- FINISHED LOADING DEFAULT TRIM VALUES
240712-09:48:10	[INFO]	-->> FINDING VREF_P, VREF_N & THR@_GLB FOR CALIBRATION
240712-09:48:36	[INFO]	<<-- FINISHED FINDING VREF_P, VREF_N & THR@_GLB FOR CALIBRATION
240712-09:48:36	[INFO]	--> SETTING THE CALIBRATION PARAMETERS
240712-09:48:36	[INFO]	<<-- FINISHED SETTING THE CALIBRATION PARAMETERS
240712-09:48:36	[INFO]	-->> CALIBRATING THE MODULE
240712-09:49:30	MODULE_ID:	M5UL5T2010182B2_240712_0949
240712-09:49:30	[INFO]	TEST_CENTER: GSI
240712-09:49:30	[INFO]	OPERATOR_ID: Dairon Rodriguez Garces
240712-09:49:30	[INFO]	MODULE ID: 	M5UL5T2010182B2
240712-09:49:30	[INFO]	SENSOR_SIZE [mm]: 	124
240712-09:49:30	[INFO]	SENSOR_QGRADE: 	D
240712-09:49:41	[INFO]	-->> RUNNING SYNCHRONIZATION
240712-09:50:10	[INFO]	<<-- FINISHED SYNCHRONIZATION
240712-09:50:10	[INFO]	-->> READING LV VALUES BEFORE CONFIGURATION
240712-09:50:11	[INFO]	<<-- FINISHED READING LV VALUES BEFORE CONFIGURATION
240712-09:50:11	[INFO]	-->> LOADING STANDARD CONFIGURATION
240712-09:50:17	[INFO]	<<-- FINISHED LOADING STANDARD CONFIGURATION
240712-09:50:17	[INFO]	-->> READING ASICs ID
240712-09:50:18	[INFO]	<<-- FINISHED READING ASICs ID
240712-09:50:18	[INFO]	-->> LOADING DEFAULT TRIM VALUES
240712-09:50:21	[INFO]	<<-- FINISHED LOADING DEFAULT TRIM VALUES
240712-09:50:21	[INFO]	-->> READING LV VALUES AFTER CONFIGURATION
240712-09:50:32	[INFO]	<<-- FINISHED READING LV VALUES AFTER CONFIGURATION
240712-09:50:32	[INFO]	-->> READING VDDM & TEMPERATURE
240712-09:50:35	[INFO]	<<-- FINISHED READING VDDM & TEMPERATURE
240712-09:50:35	[INFO]	-->> LOADING DEFAULT TRIM VALUES
240712-09:50:38	[INFO]	<<-- FINISHED LOADING DEFAULT TRIM VALUES
240712-09:50:38	[INFO]	-->> FINDING VREF_P, VREF_N & THR@_GLB FOR CALIBRATION
240712-09:51:03	[INFO]	<<-- FINISHED FINDING VREF_P, VREF_N & THR@_GLB FOR CALIBRATION
240712-09:51:03	[INFO]	--> SETTING THE CALIBRATION PARAMETERS
240712-09:51:03	[INFO]	<<-- FINISHED SETTING THE CALIBRATION PARAMETERS
240712-09:51:03	[INFO]	-->> CALIBRATING THE MODULE
240712-09:52:42	MODULE_ID:	M5UL5T2010182B2_240712_0952
240712-09:52:42	[INFO]	TEST_CENTER: GSI
240712-09:52:42	[INFO]	OPERATOR_ID: Dairon Rodriguez Garces
240712-09:52:42	[INFO]	MODULE ID: 	M5UL5T2010182B2
240712-09:52:42	[INFO]	SENSOR_SIZE [mm]: 	124
240712-09:52:42	[INFO]	SENSOR_QGRADE: 	D
240712-09:52:51	[INFO]	-->> RUNNING SYNCHRONIZATION
240712-09:53:20	[INFO]	<<-- FINISHED SYNCHRONIZATION
240712-09:53:20	[INFO]	-->> READING LV VALUES BEFORE CONFIGURATION
240712-09:53:21	[INFO]	<<-- FINISHED READING LV VALUES BEFORE CONFIGURATION
240712-09:53:21	[INFO]	-->> LOADING STANDARD CONFIGURATION
240712-09:53:28	[INFO]	<<-- FINISHED LOADING STANDARD CONFIGURATION
240712-09:53:28	[INFO]	-->> READING ASICs ID
240712-09:53:29	[INFO]	<<-- FINISHED READING ASICs ID
240712-09:53:29	[INFO]	-->> LOADING DEFAULT TRIM VALUES
240712-09:53:32	[INFO]	<<-- FINISHED LOADING DEFAULT TRIM VALUES
240712-09:53:32	[INFO]	-->> READING LV VALUES AFTER CONFIGURATION
240712-09:53:42	[INFO]	<<-- FINISHED READING LV VALUES AFTER CONFIGURATION
240712-09:53:42	[INFO]	-->> READING VDDM & TEMPERATURE
240712-09:53:46	[INFO]	<<-- FINISHED READING VDDM & TEMPERATURE
240712-09:53:46	[INFO]	-->> LOADING DEFAULT TRIM VALUES
240712-09:53:49	[INFO]	<<-- FINISHED LOADING DEFAULT TRIM VALUES
240712-09:53:49	[INFO]	-->> FINDING VREF_P, VREF_N & THR@_GLB FOR CALIBRATION
240712-09:54:28	MODULE_ID:	M5UL5T2010182B2_240712_0954
240712-09:54:28	[INFO]	TEST_CENTER: GSI
240712-09:54:28	[INFO]	OPERATOR_ID: Dairon Rodriguez Garces
240712-09:54:28	[INFO]	MODULE ID: 	M5UL5T2010182B2
240712-09:54:28	[INFO]	SENSOR_SIZE [mm]: 	124
240712-09:54:28	[INFO]	SENSOR_QGRADE: 	D
240712-09:54:36	[INFO]	-->> RUNNING SYNCHRONIZATION
240712-09:55:15	MODULE_ID:	M5UL5T2010182B2_240712_0955
240712-09:55:15	[INFO]	TEST_CENTER: GSI
240712-09:55:15	[INFO]	OPERATOR_ID: Dairon Rodriguez Garces
240712-09:55:15	[INFO]	MODULE ID: 	M5UL5T2010182B2
240712-09:55:15	[INFO]	SENSOR_SIZE [mm]: 	124
240712-09:55:15	[INFO]	SENSOR_QGRADE: 	D
240712-09:55:26	[INFO]	-->> RUNNING SYNCHRONIZATION
240712-09:55:56	[INFO]	<<-- FINISHED SYNCHRONIZATION
240712-09:55:56	[INFO]	-->> READING LV VALUES BEFORE CONFIGURATION
240712-09:55:56	[INFO]	<<-- FINISHED READING LV VALUES BEFORE CONFIGURATION
240712-09:55:56	[INFO]	-->> LOADING STANDARD CONFIGURATION
240712-09:56:04	[INFO]	<<-- FINISHED LOADING STANDARD CONFIGURATION
240712-09:56:04	[INFO]	-->> READING ASICs ID
240712-09:56:05	[INFO]	<<-- FINISHED READING ASICs ID
240712-09:56:05	[INFO]	-->> LOADING DEFAULT TRIM VALUES
240712-09:56:09	[INFO]	<<-- FINISHED LOADING DEFAULT TRIM VALUES
240712-09:56:09	[INFO]	-->> READING LV VALUES AFTER CONFIGURATION
240712-09:56:19	[INFO]	<<-- FINISHED READING LV VALUES AFTER CONFIGURATION
240712-09:56:19	[INFO]	-->> READING VDDM & TEMPERATURE
240712-09:56:22	[INFO]	<<-- FINISHED READING VDDM & TEMPERATURE
240712-09:56:22	[INFO]	-->> LOADING DEFAULT TRIM VALUES
240712-09:56:26	[INFO]	<<-- FINISHED LOADING DEFAULT TRIM VALUES
240712-09:56:26	[INFO]	-->> FINDING VREF_P, VREF_N & THR@_GLB FOR CALIBRATION
240712-09:56:51	[INFO]	<<-- FINISHED FINDING VREF_P, VREF_N & THR@_GLB FOR CALIBRATION
240712-09:56:51	[INFO]	--> SETTING THE CALIBRATION PARAMETERS
240712-09:56:51	[INFO]	<<-- FINISHED SETTING THE CALIBRATION PARAMETERS
240712-09:56:51	[INFO]	-->> CALIBRATING THE MODULE
240712-09:58:04	MODULE_ID:	M5UL5T2010182B2_240712_0958
240712-09:58:04	[INFO]	TEST_CENTER: GSI
240712-09:58:04	[INFO]	OPERATOR_ID: Dairon Rodriguez Garces
240712-09:58:04	[INFO]	MODULE ID: 	M5UL5T2010182B2
240712-09:58:04	[INFO]	SENSOR_SIZE [mm]: 	124
240712-09:58:04	[INFO]	SENSOR_QGRADE: 	D
240712-09:58:17	[INFO]	-->> RUNNING SYNCHRONIZATION
240712-09:58:47	[INFO]	<<-- FINISHED SYNCHRONIZATION
240712-09:58:47	[INFO]	-->> READING LV VALUES BEFORE CONFIGURATION
240712-09:58:47	[INFO]	<<-- FINISHED READING LV VALUES BEFORE CONFIGURATION
240712-09:58:47	[INFO]	-->> LOADING STANDARD CONFIGURATION
240712-09:58:55	[INFO]	<<-- FINISHED LOADING STANDARD CONFIGURATION
240712-09:58:55	[INFO]	-->> READING ASICs ID
240712-09:58:56	[INFO]	<<-- FINISHED READING ASICs ID
240712-09:58:56	[INFO]	-->> LOADING DEFAULT TRIM VALUES
240712-09:58:59	[INFO]	<<-- FINISHED LOADING DEFAULT TRIM VALUES
240712-09:58:59	[INFO]	-->> READING LV VALUES AFTER CONFIGURATION
240712-09:59:10	[INFO]	<<-- FINISHED READING LV VALUES AFTER CONFIGURATION
240712-09:59:10	[INFO]	-->> READING VDDM & TEMPERATURE
240712-09:59:13	[INFO]	<<-- FINISHED READING VDDM & TEMPERATURE
240712-09:59:13	[INFO]	-->> LOADING DEFAULT TRIM VALUES
240712-09:59:16	[INFO]	<<-- FINISHED LOADING DEFAULT TRIM VALUES
240712-09:59:16	[INFO]	-->> FINDING VREF_P, VREF_N & THR@_GLB FOR CALIBRATION
240712-09:59:44	[INFO]	<<-- FINISHED FINDING VREF_P, VREF_N & THR@_GLB FOR CALIBRATION
240712-09:59:44	[INFO]	--> SETTING THE CALIBRATION PARAMETERS
240712-09:59:44	[INFO]	<<-- FINISHED SETTING THE CALIBRATION PARAMETERS
240712-09:59:44	[INFO]	-->> CALIBRATING THE MODULE
240712-10:01:54	MODULE_ID:	M5UL5T2010182B2_240712_1001
240712-10:01:54	[INFO]	TEST_CENTER: GSI
240712-10:01:54	[INFO]	OPERATOR_ID: Dairon Rodriguez Garces
240712-10:01:54	[INFO]	MODULE ID: 	M5UL5T2010182B2
240712-10:01:54	[INFO]	SENSOR_SIZE [mm]: 	124
240712-10:01:54	[INFO]	SENSOR_QGRADE: 	D
240712-10:02:10	[INFO]	-->> RUNNING SYNCHRONIZATION
240712-10:02:30	MODULE_ID:	M5UL5T2010182B2_240712_1002
240712-10:02:30	[INFO]	TEST_CENTER: GSI
240712-10:02:30	[INFO]	OPERATOR_ID: Dairon Rodriguez Garces
240712-10:02:30	[INFO]	MODULE ID: 	M5UL5T2010182B2
240712-10:02:30	[INFO]	SENSOR_SIZE [mm]: 	124
240712-10:02:30	[INFO]	SENSOR_QGRADE: 	D
240712-10:02:43	[INFO]	-->> RUNNING SYNCHRONIZATION
240712-10:03:14	[INFO]	<<-- FINISHED SYNCHRONIZATION
240712-10:03:14	[INFO]	-->> READING LV VALUES BEFORE CONFIGURATION
240712-10:03:14	[INFO]	<<-- FINISHED READING LV VALUES BEFORE CONFIGURATION
240712-10:03:14	[INFO]	-->> LOADING STANDARD CONFIGURATION
240712-10:03:22	[INFO]	<<-- FINISHED LOADING STANDARD CONFIGURATION
240712-10:03:22	[INFO]	-->> READING ASICs ID
240712-10:03:23	[INFO]	<<-- FINISHED READING ASICs ID
240712-10:03:23	[INFO]	-->> LOADING DEFAULT TRIM VALUES
240712-10:03:27	[INFO]	<<-- FINISHED LOADING DEFAULT TRIM VALUES
240712-10:03:27	[INFO]	-->> READING LV VALUES AFTER CONFIGURATION
240712-10:03:37	[INFO]	<<-- FINISHED READING LV VALUES AFTER CONFIGURATION
240712-10:03:37	[INFO]	-->> READING VDDM & TEMPERATURE
240712-10:03:40	[INFO]	<<-- FINISHED READING VDDM & TEMPERATURE
240712-10:03:40	[INFO]	-->> LOADING DEFAULT TRIM VALUES
240712-10:03:44	[INFO]	<<-- FINISHED LOADING DEFAULT TRIM VALUES
240712-10:03:44	[INFO]	-->> FINDING VREF_P, VREF_N & THR@_GLB FOR CALIBRATION
240712-10:04:10	[INFO]	<<-- FINISHED FINDING VREF_P, VREF_N & THR@_GLB FOR CALIBRATION
240712-10:04:10	[INFO]	--> SETTING THE CALIBRATION PARAMETERS
240712-10:04:10	[INFO]	<<-- FINISHED SETTING THE CALIBRATION PARAMETERS
240712-10:04:10	[INFO]	-->> CALIBRATING THE MODULE
240712-10:14:17	[INFO]	CAL_ASIC_HW_ADDR_0: ftrim_XA-000-08-003-000-002-015-07_HW_0_SET_56_28_118_47_R_30_247_elect.txt
240712-10:14:17	[INFO]	<<-- FINISHED CALIBRATING THE MODULE
240712-10:14:17	[INFO]	--> SETTING THE CALIBRATION TRIM
240712-10:16:43	MODULE_ID:	M5UL5T2010182B2_240712_1016
240712-10:16:43	[INFO]	TEST_CENTER: GSI
240712-10:16:43	[INFO]	OPERATOR_ID: Dairon Rodriguez Garces
240712-10:16:43	[INFO]	MODULE ID: 	M5UL5T2010182B2
240712-10:16:43	[INFO]	SENSOR_SIZE [mm]: 	124
240712-10:16:43	[INFO]	SENSOR_QGRADE: 	D
240712-10:16:52	[INFO]	-->> RUNNING SYNCHRONIZATION
240712-10:17:21	[INFO]	<<-- FINISHED SYNCHRONIZATION
240712-10:17:21	[INFO]	-->> READING LV VALUES BEFORE CONFIGURATION
240712-10:17:22	[INFO]	<<-- FINISHED READING LV VALUES BEFORE CONFIGURATION
240712-10:17:22	[INFO]	-->> LOADING STANDARD CONFIGURATION
240712-10:17:28	[INFO]	<<-- FINISHED LOADING STANDARD CONFIGURATION
240712-10:17:28	[INFO]	-->> READING ASICs ID
240712-10:17:29	[INFO]	<<-- FINISHED READING ASICs ID
240712-10:17:29	[INFO]	-->> LOADING DEFAULT TRIM VALUES
240712-10:17:33	[INFO]	<<-- FINISHED LOADING DEFAULT TRIM VALUES
240712-10:17:33	[INFO]	-->> READING LV VALUES AFTER CONFIGURATION
240712-10:17:43	[INFO]	<<-- FINISHED READING LV VALUES AFTER CONFIGURATION
240712-10:17:43	[INFO]	-->> READING VDDM & TEMPERATURE
240712-10:17:46	[INFO]	<<-- FINISHED READING VDDM & TEMPERATURE
240712-10:17:46	[INFO]	--> CHECKING CHANNELS' CONNECTIVITY
240712-10:17:46	[INFO]	CONN-CHECK_ASIC_HW_ADDR_0: elect
240712-10:18:09	[INFO]	<<-- FINISHED CHECKING CHANNELS' CONNECTIVITY
