240620-10:50:33	MODULE_ID:	M5UL5T1010181B2
240620-10:50:33	[INFO]	TEST_CENTER: GSI
240620-10:50:33	[INFO]	OPERATOR_ID: Dairon Rodriguez Garces
240620-10:50:33	[INFO]	MODULE ID: 	M5UL5T1010181B2
240620-10:50:33	[INFO]	SENSOR_SIZE [mm]: 	124
240620-10:50:33	[INFO]	SENSOR_QGRADE: 	C
240620-10:52:28	[INFO]	-->> RUNNING SYNCHRONIZATION
240620-10:52:58	[INFO]	<<-- FINISHED SYNCHRONIZATION
240620-10:52:58	[INFO]	-->> READING LV VALUES BEFORE CONFIGURATION
240620-10:52:58	[INFO]	<<-- FINISHED READING LV VALUES BEFORE CONFIGURATION
240620-10:52:58	[INFO]	-->> LOADING STANDARD CONFIGURATION
240620-10:53:05	[INFO]	<<-- FINISHED LOADING STANDARD CONFIGURATION
240620-10:53:05	[INFO]	-->> READING ASICs ID
240620-10:53:06	[INFO]	<<-- FINISHED READING ASICs ID
240620-10:53:06	[INFO]	-->> LOADING DEFAULT TRIM VALUES
240620-10:54:01	[INFO]	<<-- FINISHED LOADING DEFAULT TRIM VALUES
240620-10:54:01	[INFO]	-->> READING LV VALUES AFTER CONFIGURATION
240620-10:54:11	[INFO]	<<-- FINISHED READING LV VALUES AFTER CONFIGURATION
240620-10:54:11	[INFO]	-->> READING VDDM & TEMPERATURE
240620-10:54:14	[INFO]	<<-- FINISHED READING VDDM & TEMPERATURE
240620-10:54:14	[INFO]	-->> LOADING DEFAULT TRIM VALUES
240620-10:55:10	[INFO]	<<-- FINISHED LOADING DEFAULT TRIM VALUES
240620-10:55:10	[INFO]	-->> FINDING VREF_P, VREF_N & THR@_GLB FOR CALIBRATION
240620-11:02:11	[INFO]	<<-- FINISHED FINDING VREF_P, VREF_N & THR@_GLB FOR CALIBRATION
240620-11:02:11	[INFO]	--> SETTING THE CALIBRATION PARAMETERS
240620-11:02:11	[INFO]	<<-- FINISHED SETTING THE CALIBRATION PARAMETERS
240620-11:02:11	[INFO]	-->> CALIBRATING THE MODULE
240620-11:11:19	[INFO]	CAL_ASIC_HW_ADDR_7: ftrim_XA-000-08-003-000-002-003-07_HW_7_SET_53_26_118_10_R_30_247_elect.txt
240620-11:20:32	[INFO]	CAL_ASIC_HW_ADDR_6: ftrim_XA-000-08-003-000-001-252-15_HW_6_SET_47_23_118_10_R_30_247_elect.txt
240620-11:29:45	[INFO]	CAL_ASIC_HW_ADDR_5: ftrim_XA-000-08-003-000-002-001-07_HW_5_SET_51_21_118_43_R_30_247_elect.txt
240620-11:38:58	[INFO]	CAL_ASIC_HW_ADDR_4: ftrim_XA-000-08-003-000-001-253-15_HW_4_SET_51_22_118_10_R_30_247_elect.txt
240620-11:48:09	[INFO]	CAL_ASIC_HW_ADDR_3: ftrim_XA-000-08-003-000-002-000-07_HW_3_SET_47_24_118_10_R_30_247_elect.txt
240620-11:57:19	[INFO]	CAL_ASIC_HW_ADDR_2: ftrim_XA-000-08-003-000-001-254-15_HW_2_SET_51_22_118_10_R_30_247_elect.txt
240620-12:06:22	[INFO]	CAL_ASIC_HW_ADDR_1: ftrim_XA-000-08-003-000-001-255-15_HW_1_SET_53_26_118_10_R_30_247_elect.txt
240620-12:15:29	[INFO]	CAL_ASIC_HW_ADDR_0: ftrim_XA-000-08-003-000-001-239-08_HW_0_SET_50_21_118_10_R_30_247_elect.txt
240620-12:24:40	[INFO]	CAL_ASIC_HW_ADDR_1: ftrim_XA-000-08-003-000-001-227-08_HW_1_SET_50_19_118_10_R_30_247_holes.txt
240620-12:33:54	[INFO]	CAL_ASIC_HW_ADDR_0: ftrim_XA-000-08-003-000-001-196-06_HW_0_SET_49_21_118_10_R_30_247_holes.txt
240620-12:43:01	[INFO]	CAL_ASIC_HW_ADDR_3: ftrim_XA-000-08-003-000-001-228-08_HW_3_SET_49_17_118_10_R_30_247_holes.txt
240620-12:52:31	[INFO]	CAL_ASIC_HW_ADDR_2: ftrim_XA-000-08-003-000-001-201-06_HW_2_SET_51_19_118_10_R_30_247_holes.txt
240620-13:01:51	[INFO]	CAL_ASIC_HW_ADDR_5: ftrim_XA-000-08-003-000-001-198-06_HW_5_SET_50_18_118_10_R_30_247_holes.txt
240620-13:11:10	[INFO]	CAL_ASIC_HW_ADDR_4: ftrim_XA-000-08-003-000-001-200-06_HW_4_SET_50_19_118_10_R_30_247_holes.txt
240620-13:20:39	[INFO]	CAL_ASIC_HW_ADDR_7: ftrim_XA-000-08-003-000-001-197-06_HW_7_SET_50_19_118_10_R_30_247_holes.txt
240620-13:30:09	[INFO]	CAL_ASIC_HW_ADDR_6: ftrim_XA-000-08-003-000-001-199-06_HW_6_SET_52_18_118_10_R_30_247_holes.txt
240620-13:30:09	[INFO]	<<-- FINISHED CALIBRATING THE MODULE
240620-13:30:09	[INFO]	--> SETTING THE CALIBRATION TRIM
240620-13:32:10	[INFO]	<<-- FINISHED SETTING THE CALIBRATION TRIM
240620-13:32:10	[INFO]	--> MEASURING ENC AND CHECKING CALIBRATION
240620-13:39:29	[INFO]	PSCAN_ASIC_HW_ADDR_7: pscan_240620_1332_XA-000-08-003-000-002-003-07_HW_7_SET_53_26_118_10_VP_0_255_1_NP_100_elect.txt
240620-13:46:34	[INFO]	PSCAN_ASIC_HW_ADDR_6: pscan_240620_1339_XA-000-08-003-000-001-252-15_HW_6_SET_47_23_118_10_VP_0_255_1_NP_100_elect.txt
240620-13:53:43	[INFO]	PSCAN_ASIC_HW_ADDR_5: pscan_240620_1346_XA-000-08-003-000-002-001-07_HW_5_SET_51_21_118_43_VP_0_255_1_NP_100_elect.txt
240620-14:00:50	[INFO]	PSCAN_ASIC_HW_ADDR_4: pscan_240620_1353_XA-000-08-003-000-001-253-15_HW_4_SET_51_22_118_10_VP_0_255_1_NP_100_elect.txt
240620-14:07:54	[INFO]	PSCAN_ASIC_HW_ADDR_3: pscan_240620_1400_XA-000-08-003-000-002-000-07_HW_3_SET_47_24_118_10_VP_0_255_1_NP_100_elect.txt
240620-14:15:07	[INFO]	PSCAN_ASIC_HW_ADDR_2: pscan_240620_1407_XA-000-08-003-000-001-254-15_HW_2_SET_51_22_118_10_VP_0_255_1_NP_100_elect.txt
240620-14:22:15	[INFO]	PSCAN_ASIC_HW_ADDR_1: pscan_240620_1415_XA-000-08-003-000-001-255-15_HW_1_SET_53_26_118_10_VP_0_255_1_NP_100_elect.txt
240620-14:29:33	[INFO]	PSCAN_ASIC_HW_ADDR_0: pscan_240620_1422_XA-000-08-003-000-001-239-08_HW_0_SET_50_21_118_10_VP_0_255_1_NP_100_elect.txt
240620-14:36:37	[INFO]	PSCAN_ASIC_HW_ADDR_1: pscan_240620_1429_XA-000-08-003-000-001-227-08_HW_1_SET_50_19_118_10_VP_0_255_1_NP_100_holes.txt
240620-14:43:46	[INFO]	PSCAN_ASIC_HW_ADDR_0: pscan_240620_1436_XA-000-08-003-000-001-196-06_HW_0_SET_49_21_118_10_VP_0_255_1_NP_100_holes.txt
240620-14:50:58	[INFO]	PSCAN_ASIC_HW_ADDR_3: pscan_240620_1443_XA-000-08-003-000-001-228-08_HW_3_SET_49_17_118_10_VP_0_255_1_NP_100_holes.txt
240620-14:58:23	[INFO]	PSCAN_ASIC_HW_ADDR_2: pscan_240620_1450_XA-000-08-003-000-001-201-06_HW_2_SET_51_19_118_10_VP_0_255_1_NP_100_holes.txt
240620-15:06:04	[INFO]	PSCAN_ASIC_HW_ADDR_5: pscan_240620_1458_XA-000-08-003-000-001-198-06_HW_5_SET_50_18_118_10_VP_0_255_1_NP_100_holes.txt
240620-15:13:16	[INFO]	PSCAN_ASIC_HW_ADDR_4: pscan_240620_1506_XA-000-08-003-000-001-200-06_HW_4_SET_50_19_118_10_VP_0_255_1_NP_100_holes.txt
240620-15:20:34	[INFO]	PSCAN_ASIC_HW_ADDR_7: pscan_240620_1513_XA-000-08-003-000-001-197-06_HW_7_SET_50_19_118_10_VP_0_255_1_NP_100_holes.txt
240620-15:27:58	[INFO]	PSCAN_ASIC_HW_ADDR_6: pscan_240620_1520_XA-000-08-003-000-001-199-06_HW_6_SET_52_18_118_10_VP_0_255_1_NP_100_holes.txt
240620-15:27:58	[INFO]	<<-- FINISHED MEASURING ENC AND CHECKING CALIBRATION
240620-15:35:57	MODULE_ID:	M5UL5T1010181B2_240620_1535
240620-15:35:57	[INFO]	TEST_CENTER: GSI
240620-15:35:57	[INFO]	OPERATOR_ID: Dairon Rodriguez Garces
240620-15:35:57	[INFO]	MODULE ID: 	M5UL5T1010181B2
240620-15:35:57	[INFO]	SENSOR_SIZE [mm]: 	124
240620-15:35:57	[INFO]	SENSOR_QGRADE: 	C
240620-15:40:25	[INFO]	-->> RUNNING SYNCHRONIZATION
240620-15:40:55	[INFO]	<<-- FINISHED SYNCHRONIZATION
240620-15:40:55	[INFO]	-->> READING LV VALUES BEFORE CONFIGURATION
240620-15:40:56	[INFO]	<<-- FINISHED READING LV VALUES BEFORE CONFIGURATION
240620-15:40:56	[INFO]	-->> LOADING STANDARD CONFIGURATION
240620-15:41:03	[INFO]	<<-- FINISHED LOADING STANDARD CONFIGURATION
240620-15:41:03	[INFO]	-->> READING ASICs ID
240620-15:41:04	[INFO]	<<-- FINISHED READING ASICs ID
240620-15:41:04	[INFO]	-->> LOADING DEFAULT TRIM VALUES
240620-15:42:03	[INFO]	<<-- FINISHED LOADING DEFAULT TRIM VALUES
240620-15:42:03	[INFO]	-->> READING LV VALUES AFTER CONFIGURATION
240620-15:42:13	[INFO]	<<-- FINISHED READING LV VALUES AFTER CONFIGURATION
240620-15:42:13	[INFO]	-->> READING VDDM & TEMPERATURE
240620-15:42:16	[INFO]	<<-- FINISHED READING VDDM & TEMPERATURE
240620-15:42:16	[INFO]	--> SETTING THE CALIBRATION TRIM
240620-15:44:18	[INFO]	<<-- FINISHED SETTING THE CALIBRATION TRIM
240620-15:44:18	[INFO]	--> CHECKING CHANNELS' CONNECTIVITY
240620-15:44:18	[INFO]	CONN-CHECK_ASIC_HW_ADDR_7: elect
240620-15:44:37	[INFO]	CONN-CHECK_ASIC_HW_ADDR_6: elect
240620-15:44:57	[INFO]	CONN-CHECK_ASIC_HW_ADDR_5: elect
240620-15:45:17	[INFO]	CONN-CHECK_ASIC_HW_ADDR_4: elect
240620-15:45:38	[INFO]	CONN-CHECK_ASIC_HW_ADDR_3: elect
240620-15:45:58	[INFO]	CONN-CHECK_ASIC_HW_ADDR_2: elect
240620-15:46:18	[INFO]	CONN-CHECK_ASIC_HW_ADDR_1: elect
240620-15:46:38	[INFO]	CONN-CHECK_ASIC_HW_ADDR_0: elect
240620-15:46:58	[INFO]	CONN-CHECK_ASIC_HW_ADDR_1: holes
240620-15:47:17	[INFO]	CONN-CHECK_ASIC_HW_ADDR_0: holes
240620-15:47:37	[INFO]	CONN-CHECK_ASIC_HW_ADDR_3: holes
240620-15:47:58	[INFO]	CONN-CHECK_ASIC_HW_ADDR_2: holes
240620-15:48:18	[INFO]	CONN-CHECK_ASIC_HW_ADDR_5: holes
240620-15:48:36	[INFO]	CONN-CHECK_ASIC_HW_ADDR_4: holes
240620-15:48:54	[INFO]	CONN-CHECK_ASIC_HW_ADDR_7: holes
240620-15:49:12	[INFO]	CONN-CHECK_ASIC_HW_ADDR_6: holes
240620-15:49:29	[INFO]	<<-- FINISHED CHECKING CHANNELS' CONNECTIVITY
240620-16:27:23	MODULE_ID:	M5UL5T1010181B2_240620_1627
240620-16:27:23	[INFO]	TEST_CENTER: GSI
240620-16:27:23	[INFO]	OPERATOR_ID: Dairon Rodriguez Garces
240620-16:27:23	[INFO]	MODULE ID: 	M5UL5T1010181B2
240620-16:27:23	[INFO]	SENSOR_SIZE [mm]: 	124
240620-16:27:23	[INFO]	SENSOR_QGRADE: 	C
240620-16:27:42	[INFO]	-->> RUNNING SYNCHRONIZATION
240620-16:28:12	[INFO]	<<-- FINISHED SYNCHRONIZATION
240620-16:28:12	[INFO]	-->> READING LV VALUES BEFORE CONFIGURATION
240620-16:28:12	[INFO]	<<-- FINISHED READING LV VALUES BEFORE CONFIGURATION
240620-16:28:12	[INFO]	-->> LOADING STANDARD CONFIGURATION
240620-16:28:19	[INFO]	<<-- FINISHED LOADING STANDARD CONFIGURATION
240620-16:28:19	[INFO]	-->> READING ASICs ID
240620-16:28:20	[INFO]	<<-- FINISHED READING ASICs ID
240620-16:28:20	[INFO]	-->> LOADING DEFAULT TRIM VALUES
240620-16:29:16	[INFO]	<<-- FINISHED LOADING DEFAULT TRIM VALUES
240620-16:29:16	[INFO]	-->> READING LV VALUES AFTER CONFIGURATION
240620-16:29:26	[INFO]	<<-- FINISHED READING LV VALUES AFTER CONFIGURATION
240620-16:29:26	[INFO]	-->> READING VDDM & TEMPERATURE
240620-16:29:29	[INFO]	<<-- FINISHED READING VDDM & TEMPERATURE
240620-16:29:29	[INFO]	-->> LOADING DEFAULT TRIM VALUES
240620-16:30:24	[INFO]	<<-- FINISHED LOADING DEFAULT TRIM VALUES
240620-16:30:24	[INFO]	-->> FINDING VREF_P, VREF_N & THR@_GLB FOR CALIBRATION
240620-16:37:22	[INFO]	<<-- FINISHED FINDING VREF_P, VREF_N & THR@_GLB FOR CALIBRATION
240620-16:37:22	[INFO]	--> SETTING THE CALIBRATION PARAMETERS
240620-16:37:23	[INFO]	<<-- FINISHED SETTING THE CALIBRATION PARAMETERS
240620-16:37:23	[INFO]	-->> CALIBRATING THE MODULE
240620-16:46:21	[INFO]	CAL_ASIC_HW_ADDR_7: ftrim_XA-000-08-003-000-002-003-07_HW_7_SET_53_26_118_10_R_30_247_elect.txt
240620-16:55:26	[INFO]	CAL_ASIC_HW_ADDR_6: ftrim_XA-000-08-003-000-001-252-15_HW_6_SET_49_23_118_10_R_30_247_elect.txt
240620-17:04:26	[INFO]	CAL_ASIC_HW_ADDR_5: ftrim_XA-000-08-003-000-002-001-07_HW_5_SET_50_21_118_10_R_30_247_elect.txt
240620-17:13:47	[INFO]	CAL_ASIC_HW_ADDR_4: ftrim_XA-000-08-003-000-001-253-15_HW_4_SET_51_22_118_10_R_30_247_elect.txt
240620-17:23:22	[INFO]	CAL_ASIC_HW_ADDR_3: ftrim_XA-000-08-003-000-002-000-07_HW_3_SET_49_24_118_10_R_30_247_elect.txt
240620-17:32:34	[INFO]	CAL_ASIC_HW_ADDR_2: ftrim_XA-000-08-003-000-001-254-15_HW_2_SET_50_22_118_10_R_30_247_elect.txt
240620-17:41:44	[INFO]	CAL_ASIC_HW_ADDR_1: ftrim_XA-000-08-003-000-001-255-15_HW_1_SET_52_26_118_10_R_30_247_elect.txt
240620-17:50:53	[INFO]	CAL_ASIC_HW_ADDR_0: ftrim_XA-000-08-003-000-001-239-08_HW_0_SET_50_21_118_10_R_30_247_elect.txt
240620-17:59:59	[INFO]	CAL_ASIC_HW_ADDR_1: ftrim_XA-000-08-003-000-001-227-08_HW_1_SET_50_19_118_10_R_30_247_holes.txt
240620-18:09:07	[INFO]	CAL_ASIC_HW_ADDR_0: ftrim_XA-000-08-003-000-001-196-06_HW_0_SET_49_20_118_10_R_30_247_holes.txt
240620-18:18:13	[INFO]	CAL_ASIC_HW_ADDR_3: ftrim_XA-000-08-003-000-001-228-08_HW_3_SET_50_17_118_10_R_30_247_holes.txt
240620-18:27:19	[INFO]	CAL_ASIC_HW_ADDR_2: ftrim_XA-000-08-003-000-001-201-06_HW_2_SET_52_20_118_10_R_30_247_holes.txt
240620-18:36:19	[INFO]	CAL_ASIC_HW_ADDR_5: ftrim_XA-000-08-003-000-001-198-06_HW_5_SET_51_17_118_10_R_30_247_holes.txt
240620-18:45:21	[INFO]	CAL_ASIC_HW_ADDR_4: ftrim_XA-000-08-003-000-001-200-06_HW_4_SET_50_19_118_10_R_30_247_holes.txt
240620-18:54:25	[INFO]	CAL_ASIC_HW_ADDR_7: ftrim_XA-000-08-003-000-001-197-06_HW_7_SET_47_19_118_10_R_30_247_holes.txt
240620-19:03:35	[INFO]	CAL_ASIC_HW_ADDR_6: ftrim_XA-000-08-003-000-001-199-06_HW_6_SET_52_18_118_10_R_30_247_holes.txt
240620-19:03:35	[INFO]	<<-- FINISHED CALIBRATING THE MODULE
240620-19:03:35	[INFO]	--> SETTING THE CALIBRATION TRIM
240620-19:05:28	[INFO]	<<-- FINISHED SETTING THE CALIBRATION TRIM
240620-19:05:28	[INFO]	--> MEASURING ENC AND CHECKING CALIBRATION
240620-19:12:34	[INFO]	PSCAN_ASIC_HW_ADDR_7: pscan_240620_1905_XA-000-08-003-000-002-003-07_HW_7_SET_53_26_118_10_VP_0_255_1_NP_100_elect.txt
240620-19:19:48	[INFO]	PSCAN_ASIC_HW_ADDR_6: pscan_240620_1912_XA-000-08-003-000-001-252-15_HW_6_SET_49_23_118_10_VP_0_255_1_NP_100_elect.txt
240620-19:26:57	[INFO]	PSCAN_ASIC_HW_ADDR_5: pscan_240620_1919_XA-000-08-003-000-002-001-07_HW_5_SET_50_21_118_10_VP_0_255_1_NP_100_elect.txt
240620-19:34:07	[INFO]	PSCAN_ASIC_HW_ADDR_4: pscan_240620_1926_XA-000-08-003-000-001-253-15_HW_4_SET_51_22_118_10_VP_0_255_1_NP_100_elect.txt
240620-19:41:13	[INFO]	PSCAN_ASIC_HW_ADDR_3: pscan_240620_1934_XA-000-08-003-000-002-000-07_HW_3_SET_49_24_118_10_VP_0_255_1_NP_100_elect.txt
240620-19:48:21	[INFO]	PSCAN_ASIC_HW_ADDR_2: pscan_240620_1941_XA-000-08-003-000-001-254-15_HW_2_SET_50_22_118_10_VP_0_255_1_NP_100_elect.txt
240620-19:55:28	[INFO]	PSCAN_ASIC_HW_ADDR_1: pscan_240620_1948_XA-000-08-003-000-001-255-15_HW_1_SET_52_26_118_10_VP_0_255_1_NP_100_elect.txt
240620-20:02:35	[INFO]	PSCAN_ASIC_HW_ADDR_0: pscan_240620_1955_XA-000-08-003-000-001-239-08_HW_0_SET_50_21_118_10_VP_0_255_1_NP_100_elect.txt
240620-20:09:42	[INFO]	PSCAN_ASIC_HW_ADDR_1: pscan_240620_2002_XA-000-08-003-000-001-227-08_HW_1_SET_50_19_118_10_VP_0_255_1_NP_100_holes.txt
240620-20:16:46	[INFO]	PSCAN_ASIC_HW_ADDR_0: pscan_240620_2009_XA-000-08-003-000-001-196-06_HW_0_SET_49_20_118_10_VP_0_255_1_NP_100_holes.txt
240620-20:23:51	[INFO]	PSCAN_ASIC_HW_ADDR_3: pscan_240620_2016_XA-000-08-003-000-001-228-08_HW_3_SET_50_17_118_10_VP_0_255_1_NP_100_holes.txt
240620-20:30:58	[INFO]	PSCAN_ASIC_HW_ADDR_2: pscan_240620_2023_XA-000-08-003-000-001-201-06_HW_2_SET_52_20_118_10_VP_0_255_1_NP_100_holes.txt
240620-20:37:56	[INFO]	PSCAN_ASIC_HW_ADDR_5: pscan_240620_2030_XA-000-08-003-000-001-198-06_HW_5_SET_51_17_118_10_VP_0_255_1_NP_100_holes.txt
240620-20:44:55	[INFO]	PSCAN_ASIC_HW_ADDR_4: pscan_240620_2037_XA-000-08-003-000-001-200-06_HW_4_SET_50_19_118_10_VP_0_255_1_NP_100_holes.txt
240620-20:51:52	[INFO]	PSCAN_ASIC_HW_ADDR_7: pscan_240620_2044_XA-000-08-003-000-001-197-06_HW_7_SET_47_19_118_10_VP_0_255_1_NP_100_holes.txt
240620-20:58:55	[INFO]	PSCAN_ASIC_HW_ADDR_6: pscan_240620_2051_XA-000-08-003-000-001-199-06_HW_6_SET_52_18_118_10_VP_0_255_1_NP_100_holes.txt
240620-20:58:55	[INFO]	<<-- FINISHED MEASURING ENC AND CHECKING CALIBRATION
240621-09:30:56	MODULE_ID:	M5UL5T1010181B2_240621_0930
240621-09:30:56	[INFO]	TEST_CENTER: GSI
240621-09:30:56	[INFO]	OPERATOR_ID: Dairon Rodriguez Garces
240621-09:30:56	[INFO]	MODULE ID: 	M5UL5T1010181B2
240621-09:30:56	[INFO]	SENSOR_SIZE [mm]: 	124
240621-09:30:56	[INFO]	SENSOR_QGRADE: 	C
240621-09:31:08	[INFO]	-->> RUNNING SYNCHRONIZATION
240621-09:31:38	[INFO]	<<-- FINISHED SYNCHRONIZATION
240621-09:31:38	[INFO]	-->> READING LV VALUES BEFORE CONFIGURATION
240621-09:31:38	[INFO]	<<-- FINISHED READING LV VALUES BEFORE CONFIGURATION
240621-09:31:38	[INFO]	-->> LOADING STANDARD CONFIGURATION
240621-09:31:45	[INFO]	<<-- FINISHED LOADING STANDARD CONFIGURATION
240621-09:31:45	[INFO]	-->> READING ASICs ID
240621-09:31:46	[INFO]	<<-- FINISHED READING ASICs ID
240621-09:31:46	[INFO]	-->> LOADING DEFAULT TRIM VALUES
240621-09:32:42	[INFO]	<<-- FINISHED LOADING DEFAULT TRIM VALUES
240621-09:32:42	[INFO]	-->> READING LV VALUES AFTER CONFIGURATION
240621-09:32:53	[INFO]	<<-- FINISHED READING LV VALUES AFTER CONFIGURATION
240621-09:32:53	[INFO]	-->> READING VDDM & TEMPERATURE
240621-09:32:56	[INFO]	<<-- FINISHED READING VDDM & TEMPERATURE
240621-09:32:56	[INFO]	--> SETTING THE CALIBRATION TRIM
240621-09:34:47	[INFO]	<<-- FINISHED SETTING THE CALIBRATION TRIM
240621-09:34:47	[INFO]	--> CHECKING CHANNELS' CONNECTIVITY
240621-09:34:47	[INFO]	CONN-CHECK_ASIC_HW_ADDR_7: elect
240621-09:35:05	[INFO]	CONN-CHECK_ASIC_HW_ADDR_6: elect
240621-09:35:22	[INFO]	CONN-CHECK_ASIC_HW_ADDR_5: elect
240621-09:35:40	[INFO]	CONN-CHECK_ASIC_HW_ADDR_4: elect
240621-09:35:58	[INFO]	CONN-CHECK_ASIC_HW_ADDR_3: elect
240621-09:36:16	[INFO]	CONN-CHECK_ASIC_HW_ADDR_2: elect
240621-09:36:33	[INFO]	CONN-CHECK_ASIC_HW_ADDR_1: elect
240621-09:36:51	[INFO]	CONN-CHECK_ASIC_HW_ADDR_0: elect
240621-09:37:09	[INFO]	CONN-CHECK_ASIC_HW_ADDR_1: holes
240621-09:37:26	[INFO]	CONN-CHECK_ASIC_HW_ADDR_0: holes
240621-09:37:44	[INFO]	CONN-CHECK_ASIC_HW_ADDR_3: holes
240621-09:38:02	[INFO]	CONN-CHECK_ASIC_HW_ADDR_2: holes
240621-09:38:19	[INFO]	CONN-CHECK_ASIC_HW_ADDR_5: holes
240621-09:38:37	[INFO]	CONN-CHECK_ASIC_HW_ADDR_4: holes
240621-09:38:55	[INFO]	CONN-CHECK_ASIC_HW_ADDR_7: holes
240621-09:39:12	[INFO]	CONN-CHECK_ASIC_HW_ADDR_6: holes
240621-09:39:30	[INFO]	<<-- FINISHED CHECKING CHANNELS' CONNECTIVITY
240624-17:26:40	MODULE_ID:	M5UL5T1010181B2_240624_1726
240624-17:26:40	[INFO]	TEST_CENTER: GSI
240624-17:26:40	[INFO]	OPERATOR_ID: Dairon Rodriguez Garces
240624-17:26:40	[INFO]	MODULE ID: 	M5UL5T1010181B2
240624-17:26:40	[INFO]	SENSOR_SIZE [mm]: 	124
240624-17:26:40	[INFO]	SENSOR_QGRADE: 	C
240624-17:30:49	[INFO]	-->> RUNNING SYNCHRONIZATION
240624-17:31:21	[INFO]	<<-- FINISHED SYNCHRONIZATION
240624-17:31:21	[INFO]	-->> READING LV VALUES BEFORE CONFIGURATION
240624-17:31:21	[INFO]	<<-- FINISHED READING LV VALUES BEFORE CONFIGURATION
240624-17:31:21	[INFO]	-->> LOADING STANDARD CONFIGURATION
240624-17:31:27	[INFO]	<<-- FINISHED LOADING STANDARD CONFIGURATION
240624-17:31:27	[INFO]	-->> READING ASICs ID
240624-17:31:28	[INFO]	<<-- FINISHED READING ASICs ID
240624-17:31:28	[INFO]	-->> READING LV VALUES AFTER CONFIGURATION
240624-17:31:39	[INFO]	<<-- FINISHED READING LV VALUES AFTER CONFIGURATION
240624-17:31:39	[INFO]	-->> READING VDDM & TEMPERATURE
240624-17:31:42	[INFO]	<<-- FINISHED READING VDDM & TEMPERATURE
240624-17:31:42	[INFO]	-->> LOADING DEFAULT TRIM VALUES
240624-17:32:36	[INFO]	<<-- FINISHED LOADING DEFAULT TRIM VALUES
240624-17:32:36	[INFO]	-->> FINDING VREF_P, VREF_N & THR@_GLB FOR CALIBRATION
240624-17:39:32	[INFO]	<<-- FINISHED FINDING VREF_P, VREF_N & THR@_GLB FOR CALIBRATION
240624-17:39:32	[INFO]	--> SETTING THE CALIBRATION PARAMETERS
240624-17:39:32	[INFO]	<<-- FINISHED SETTING THE CALIBRATION PARAMETERS
240624-17:39:32	[INFO]	-->> CALIBRATING THE MODULE
240624-17:48:15	[INFO]	CAL_ASIC_HW_ADDR_7: ftrim_XA-000-08-003-000-002-003-07_HW_7_SET_54_27_118_10_R_30_247_elect.txt
240624-17:56:56	[INFO]	CAL_ASIC_HW_ADDR_6: ftrim_XA-000-08-003-000-001-252-15_HW_6_SET_50_24_118_10_R_30_247_elect.txt
240624-18:05:37	[INFO]	CAL_ASIC_HW_ADDR_5: ftrim_XA-000-08-003-000-002-001-07_HW_5_SET_53_23_118_10_R_30_247_elect.txt
240624-18:14:19	[INFO]	CAL_ASIC_HW_ADDR_4: ftrim_XA-000-08-003-000-001-253-15_HW_4_SET_53_23_118_10_R_30_247_elect.txt
240624-18:23:04	[INFO]	CAL_ASIC_HW_ADDR_3: ftrim_XA-000-08-003-000-002-000-07_HW_3_SET_51_25_118_10_R_30_247_elect.txt
240624-18:31:46	[INFO]	CAL_ASIC_HW_ADDR_2: ftrim_XA-000-08-003-000-001-254-15_HW_2_SET_52_24_118_10_R_30_247_elect.txt
240624-18:40:30	[INFO]	CAL_ASIC_HW_ADDR_1: ftrim_XA-000-08-003-000-001-255-15_HW_1_SET_54_27_118_10_R_30_247_elect.txt
240624-18:49:10	[INFO]	CAL_ASIC_HW_ADDR_0: ftrim_XA-000-08-003-000-001-239-08_HW_0_SET_52_22_118_10_R_30_247_elect.txt
240624-18:57:48	[INFO]	CAL_ASIC_HW_ADDR_1: ftrim_XA-000-08-003-000-001-227-08_HW_1_SET_51_21_118_24_R_30_247_holes.txt
240624-19:06:30	[INFO]	CAL_ASIC_HW_ADDR_0: ftrim_XA-000-08-003-000-001-196-06_HW_0_SET_49_22_118_10_R_30_247_holes.txt
240624-19:15:09	[INFO]	CAL_ASIC_HW_ADDR_3: ftrim_XA-000-08-003-000-001-228-08_HW_3_SET_51_19_118_10_R_30_247_holes.txt
240624-19:23:49	[INFO]	CAL_ASIC_HW_ADDR_2: ftrim_XA-000-08-003-000-001-201-06_HW_2_SET_53_21_118_61_R_30_247_holes.txt
240624-19:32:32	[INFO]	CAL_ASIC_HW_ADDR_5: ftrim_XA-000-08-003-000-001-198-06_HW_5_SET_51_19_118_10_R_30_247_holes.txt
240624-19:41:11	[INFO]	CAL_ASIC_HW_ADDR_4: ftrim_XA-000-08-003-000-001-200-06_HW_4_SET_52_21_118_10_R_30_247_holes.txt
240624-19:49:56	[INFO]	CAL_ASIC_HW_ADDR_7: ftrim_XA-000-08-003-000-001-197-06_HW_7_SET_49_21_118_10_R_30_247_holes.txt
240624-19:58:39	[INFO]	CAL_ASIC_HW_ADDR_6: ftrim_XA-000-08-003-000-001-199-06_HW_6_SET_52_20_118_10_R_30_247_holes.txt
240624-19:58:39	[INFO]	<<-- FINISHED CALIBRATING THE MODULE
240624-19:58:39	[INFO]	--> SETTING THE CALIBRATION TRIM
240624-20:00:26	[INFO]	<<-- FINISHED SETTING THE CALIBRATION TRIM
240624-20:00:26	[INFO]	--> MEASURING ENC AND CHECKING CALIBRATION
240624-20:07:20	[INFO]	PSCAN_ASIC_HW_ADDR_7: pscan_240624_2000_XA-000-08-003-000-002-003-07_HW_7_SET_53_26_118_10_VP_0_255_1_NP_100_elect.txt
240624-20:14:15	[INFO]	PSCAN_ASIC_HW_ADDR_6: pscan_240624_2007_XA-000-08-003-000-001-252-15_HW_6_SET_49_23_118_10_VP_0_255_1_NP_100_elect.txt
240624-20:21:11	[INFO]	PSCAN_ASIC_HW_ADDR_5: pscan_240624_2014_XA-000-08-003-000-002-001-07_HW_5_SET_50_21_118_10_VP_0_255_1_NP_100_elect.txt
240624-20:28:05	[INFO]	PSCAN_ASIC_HW_ADDR_4: pscan_240624_2021_XA-000-08-003-000-001-253-15_HW_4_SET_53_23_118_10_VP_0_255_1_NP_100_elect.txt
240624-20:34:58	[INFO]	PSCAN_ASIC_HW_ADDR_3: pscan_240624_2028_XA-000-08-003-000-002-000-07_HW_3_SET_51_25_118_10_VP_0_255_1_NP_100_elect.txt
240624-20:41:53	[INFO]	PSCAN_ASIC_HW_ADDR_2: pscan_240624_2034_XA-000-08-003-000-001-254-15_HW_2_SET_52_24_118_10_VP_0_255_1_NP_100_elect.txt
240624-20:48:46	[INFO]	PSCAN_ASIC_HW_ADDR_1: pscan_240624_2041_XA-000-08-003-000-001-255-15_HW_1_SET_54_27_118_10_VP_0_255_1_NP_100_elect.txt
240624-20:55:41	[INFO]	PSCAN_ASIC_HW_ADDR_0: pscan_240624_2048_XA-000-08-003-000-001-239-08_HW_0_SET_52_22_118_10_VP_0_255_1_NP_100_elect.txt
240624-21:02:35	[INFO]	PSCAN_ASIC_HW_ADDR_1: pscan_240624_2055_XA-000-08-003-000-001-227-08_HW_1_SET_50_19_118_10_VP_0_255_1_NP_100_holes.txt
240624-21:09:31	[INFO]	PSCAN_ASIC_HW_ADDR_0: pscan_240624_2102_XA-000-08-003-000-001-196-06_HW_0_SET_49_22_118_10_VP_0_255_1_NP_100_holes.txt
240624-21:16:25	[INFO]	PSCAN_ASIC_HW_ADDR_3: pscan_240624_2109_XA-000-08-003-000-001-228-08_HW_3_SET_51_19_118_10_VP_0_255_1_NP_100_holes.txt
240624-21:23:23	[INFO]	PSCAN_ASIC_HW_ADDR_2: pscan_240624_2116_XA-000-08-003-000-001-201-06_HW_2_SET_53_21_118_61_VP_0_255_1_NP_100_holes.txt
240624-21:30:18	[INFO]	PSCAN_ASIC_HW_ADDR_5: pscan_240624_2123_XA-000-08-003-000-001-198-06_HW_5_SET_51_17_118_10_VP_0_255_1_NP_100_holes.txt
240624-21:37:12	[INFO]	PSCAN_ASIC_HW_ADDR_4: pscan_240624_2130_XA-000-08-003-000-001-200-06_HW_4_SET_52_21_118_10_VP_0_255_1_NP_100_holes.txt
240624-21:44:09	[INFO]	PSCAN_ASIC_HW_ADDR_7: pscan_240624_2137_XA-000-08-003-000-001-197-06_HW_7_SET_47_19_118_10_VP_0_255_1_NP_100_holes.txt
240624-21:51:06	[INFO]	PSCAN_ASIC_HW_ADDR_6: pscan_240624_2144_XA-000-08-003-000-001-199-06_HW_6_SET_52_20_118_10_VP_0_255_1_NP_100_holes.txt
240624-21:51:06	[INFO]	<<-- FINISHED MEASURING ENC AND CHECKING CALIBRATION
240625-09:50:45	MODULE_ID:	M5UL5T1010181B2_240625_0950
240625-09:50:45	[INFO]	TEST_CENTER: GSI
240625-09:50:45	[INFO]	OPERATOR_ID: Dairon Rodriguez Garces
240625-09:50:45	[INFO]	MODULE ID: 	M5UL5T1010181B2
240625-09:50:45	[INFO]	SENSOR_SIZE [mm]: 	124
240625-09:50:45	[INFO]	SENSOR_QGRADE: 	C
240625-09:51:00	[INFO]	-->> RUNNING SYNCHRONIZATION
240625-09:51:30	[INFO]	<<-- FINISHED SYNCHRONIZATION
240625-09:51:30	[INFO]	-->> READING LV VALUES BEFORE CONFIGURATION
240625-09:51:30	[INFO]	<<-- FINISHED READING LV VALUES BEFORE CONFIGURATION
240625-09:51:30	[INFO]	-->> LOADING STANDARD CONFIGURATION
240625-09:51:39	[INFO]	<<-- FINISHED LOADING STANDARD CONFIGURATION
240625-09:51:39	[INFO]	-->> READING ASICs ID
240625-09:51:40	[INFO]	<<-- FINISHED READING ASICs ID
240625-09:51:40	[INFO]	-->> READING LV VALUES AFTER CONFIGURATION
240625-09:51:50	[INFO]	<<-- FINISHED READING LV VALUES AFTER CONFIGURATION
240625-09:51:50	[INFO]	-->> READING VDDM & TEMPERATURE
240625-09:51:53	[INFO]	<<-- FINISHED READING VDDM & TEMPERATURE
240625-09:51:53	[INFO]	--> SETTING THE CALIBRATION TRIM
240625-09:53:44	[INFO]	<<-- FINISHED SETTING THE CALIBRATION TRIM
240625-09:53:44	[INFO]	--> CHECKING CHANNELS' CONNECTIVITY
240625-09:53:44	[INFO]	CONN-CHECK_ASIC_HW_ADDR_7: elect
240625-09:54:02	[INFO]	CONN-CHECK_ASIC_HW_ADDR_6: elect
240625-09:54:20	[INFO]	CONN-CHECK_ASIC_HW_ADDR_5: elect
240625-09:54:38	[INFO]	CONN-CHECK_ASIC_HW_ADDR_4: elect
240625-09:54:56	[INFO]	CONN-CHECK_ASIC_HW_ADDR_3: elect
240625-09:55:13	[INFO]	CONN-CHECK_ASIC_HW_ADDR_2: elect
240625-09:55:30	[INFO]	CONN-CHECK_ASIC_HW_ADDR_1: elect
240625-09:55:48	[INFO]	CONN-CHECK_ASIC_HW_ADDR_0: elect
240625-09:56:05	[INFO]	CONN-CHECK_ASIC_HW_ADDR_1: holes
240625-09:56:23	[INFO]	CONN-CHECK_ASIC_HW_ADDR_0: holes
240625-09:56:41	[INFO]	CONN-CHECK_ASIC_HW_ADDR_3: holes
240625-09:56:58	[INFO]	CONN-CHECK_ASIC_HW_ADDR_2: holes
240625-09:57:16	[INFO]	CONN-CHECK_ASIC_HW_ADDR_5: holes
240625-09:57:33	[INFO]	CONN-CHECK_ASIC_HW_ADDR_4: holes
240625-09:57:51	[INFO]	CONN-CHECK_ASIC_HW_ADDR_7: holes
240625-09:58:09	[INFO]	CONN-CHECK_ASIC_HW_ADDR_6: holes
240625-09:58:26	[INFO]	<<-- FINISHED CHECKING CHANNELS' CONNECTIVITY
240710-17:56:25	MODULE_ID:	M5UL5T1010181B2_240710_1756
240710-17:56:25	[INFO]	TEST_CENTER: GSI
240710-17:56:25	[INFO]	OPERATOR_ID: Dairon Rodriguez Garces
240710-17:56:25	[INFO]	MODULE ID: 	M5UL5T1010181B2
240710-17:56:25	[INFO]	SENSOR_SIZE [mm]: 	124
240710-17:56:25	[INFO]	SENSOR_QGRADE: 	C
240710-18:02:26	[INFO]	-->> RUNNING SYNCHRONIZATION
240710-18:02:56	[INFO]	<<-- FINISHED SYNCHRONIZATION
240710-18:02:56	[INFO]	-->> READING LV VALUES BEFORE CONFIGURATION
240710-18:02:56	[INFO]	<<-- FINISHED READING LV VALUES BEFORE CONFIGURATION
240710-18:02:56	[INFO]	-->> LOADING STANDARD CONFIGURATION
240710-18:03:03	[INFO]	<<-- FINISHED LOADING STANDARD CONFIGURATION
240710-18:03:03	[INFO]	-->> READING ASICs ID
240710-18:03:04	[INFO]	<<-- FINISHED READING ASICs ID
240710-18:03:04	[INFO]	-->> READING LV VALUES AFTER CONFIGURATION
240710-18:03:14	[INFO]	<<-- FINISHED READING LV VALUES AFTER CONFIGURATION
240710-18:03:14	[INFO]	-->> READING VDDM & TEMPERATURE
240710-18:03:17	[INFO]	<<-- FINISHED READING VDDM & TEMPERATURE
240710-18:03:17	[INFO]	-->> LOADING DEFAULT TRIM VALUES
240710-18:04:11	[INFO]	<<-- FINISHED LOADING DEFAULT TRIM VALUES
240710-18:04:11	[INFO]	-->> FINDING VREF_P, VREF_N & THR@_GLB FOR CALIBRATION
240710-18:11:06	[INFO]	<<-- FINISHED FINDING VREF_P, VREF_N & THR@_GLB FOR CALIBRATION
240710-18:11:06	[INFO]	--> SETTING THE CALIBRATION PARAMETERS
240710-18:11:07	[INFO]	<<-- FINISHED SETTING THE CALIBRATION PARAMETERS
240710-18:11:07	[INFO]	-->> CALIBRATING THE MODULE
240710-18:20:02	[INFO]	CAL_ASIC_HW_ADDR_7: ftrim_XA-000-08-003-000-002-003-07_HW_7_SET_58_26_118_38_R_30_247_elect.txt
240710-18:28:52	[INFO]	CAL_ASIC_HW_ADDR_6: ftrim_XA-000-08-003-000-001-252-15_HW_6_SET_55_23_118_51_R_30_247_elect.txt
240710-18:37:43	[INFO]	CAL_ASIC_HW_ADDR_5: ftrim_XA-000-08-003-000-002-001-07_HW_5_SET_57_21_118_34_R_30_247_elect.txt
240710-18:46:36	[INFO]	CAL_ASIC_HW_ADDR_4: ftrim_XA-000-08-003-000-001-253-15_HW_4_SET_58_22_118_37_R_30_247_elect.txt
240710-18:55:27	[INFO]	CAL_ASIC_HW_ADDR_3: ftrim_XA-000-08-003-000-002-000-07_HW_3_SET_55_24_118_38_R_30_247_elect.txt
240710-19:04:18	[INFO]	CAL_ASIC_HW_ADDR_2: ftrim_XA-000-08-003-000-001-254-15_HW_2_SET_57_22_118_43_R_30_247_elect.txt
240710-19:13:12	[INFO]	CAL_ASIC_HW_ADDR_1: ftrim_XA-000-08-003-000-001-255-15_HW_1_SET_58_26_118_39_R_30_247_elect.txt
240710-19:22:04	[INFO]	CAL_ASIC_HW_ADDR_0: ftrim_XA-000-08-003-000-001-239-08_HW_0_SET_55_21_118_53_R_30_247_elect.txt
240710-19:30:58	[INFO]	CAL_ASIC_HW_ADDR_1: ftrim_XA-000-08-003-000-001-227-08_HW_1_SET_57_20_118_69_R_30_247_holes.txt
240710-19:39:54	[INFO]	CAL_ASIC_HW_ADDR_0: ftrim_XA-000-08-003-000-001-196-06_HW_0_SET_57_21_118_10_R_30_247_holes.txt
240710-19:48:48	[INFO]	CAL_ASIC_HW_ADDR_3: ftrim_XA-000-08-003-000-001-228-08_HW_3_SET_56_17_118_61_R_30_247_holes.txt
240710-19:57:48	[INFO]	CAL_ASIC_HW_ADDR_2: ftrim_XA-000-08-003-000-001-201-06_HW_2_SET_58_20_118_61_R_30_247_holes.txt
240710-20:06:45	[INFO]	CAL_ASIC_HW_ADDR_5: ftrim_XA-000-08-003-000-001-198-06_HW_5_SET_57_18_118_52_R_30_247_holes.txt
240710-20:15:41	[INFO]	CAL_ASIC_HW_ADDR_4: ftrim_XA-000-08-003-000-001-200-06_HW_4_SET_57_19_118_57_R_30_247_holes.txt
240710-20:24:38	[INFO]	CAL_ASIC_HW_ADDR_7: ftrim_XA-000-08-003-000-001-197-06_HW_7_SET_56_19_118_52_R_30_247_holes.txt
240710-20:33:37	[INFO]	CAL_ASIC_HW_ADDR_6: ftrim_XA-000-08-003-000-001-199-06_HW_6_SET_58_18_118_38_R_30_247_holes.txt
240710-20:33:37	[INFO]	<<-- FINISHED CALIBRATING THE MODULE
240710-20:33:37	[INFO]	--> SETTING THE CALIBRATION TRIM
240710-20:35:26	[INFO]	<<-- FINISHED SETTING THE CALIBRATION TRIM
240710-20:35:26	[INFO]	--> MEASURING ENC AND CHECKING CALIBRATION
240710-20:42:37	[INFO]	PSCAN_ASIC_HW_ADDR_7: pscan_240710_2035_XA-000-08-003-000-002-003-07_HW_7_SET_58_26_118_38_VP_0_255_1_NP_100_elect.txt
240710-20:49:55	[INFO]	PSCAN_ASIC_HW_ADDR_6: pscan_240710_2042_XA-000-08-003-000-001-252-15_HW_6_SET_55_23_118_51_VP_0_255_1_NP_100_elect.txt
240710-20:57:13	[INFO]	PSCAN_ASIC_HW_ADDR_5: pscan_240710_2049_XA-000-08-003-000-002-001-07_HW_5_SET_57_21_118_34_VP_0_255_1_NP_100_elect.txt
240710-21:04:32	[INFO]	PSCAN_ASIC_HW_ADDR_4: pscan_240710_2057_XA-000-08-003-000-001-253-15_HW_4_SET_58_22_118_37_VP_0_255_1_NP_100_elect.txt
240710-21:11:52	[INFO]	PSCAN_ASIC_HW_ADDR_3: pscan_240710_2104_XA-000-08-003-000-002-000-07_HW_3_SET_55_24_118_38_VP_0_255_1_NP_100_elect.txt
240710-21:19:13	[INFO]	PSCAN_ASIC_HW_ADDR_2: pscan_240710_2111_XA-000-08-003-000-001-254-15_HW_2_SET_57_22_118_43_VP_0_255_1_NP_100_elect.txt
240710-21:26:28	[INFO]	PSCAN_ASIC_HW_ADDR_1: pscan_240710_2119_XA-000-08-003-000-001-255-15_HW_1_SET_58_26_118_39_VP_0_255_1_NP_100_elect.txt
240710-21:33:43	[INFO]	PSCAN_ASIC_HW_ADDR_0: pscan_240710_2126_XA-000-08-003-000-001-239-08_HW_0_SET_55_21_118_53_VP_0_255_1_NP_100_elect.txt
240710-21:41:00	[INFO]	PSCAN_ASIC_HW_ADDR_1: pscan_240710_2133_XA-000-08-003-000-001-227-08_HW_1_SET_57_20_118_69_VP_0_255_1_NP_100_holes.txt
240710-21:48:20	[INFO]	PSCAN_ASIC_HW_ADDR_0: pscan_240710_2141_XA-000-08-003-000-001-196-06_HW_0_SET_57_21_118_10_VP_0_255_1_NP_100_holes.txt
240710-21:55:42	[INFO]	PSCAN_ASIC_HW_ADDR_3: pscan_240710_2148_XA-000-08-003-000-001-228-08_HW_3_SET_56_17_118_61_VP_0_255_1_NP_100_holes.txt
240710-22:03:02	[INFO]	PSCAN_ASIC_HW_ADDR_2: pscan_240710_2155_XA-000-08-003-000-001-201-06_HW_2_SET_58_20_118_61_VP_0_255_1_NP_100_holes.txt
240710-22:10:19	[INFO]	PSCAN_ASIC_HW_ADDR_5: pscan_240710_2203_XA-000-08-003-000-001-198-06_HW_5_SET_57_18_118_52_VP_0_255_1_NP_100_holes.txt
240710-22:17:39	[INFO]	PSCAN_ASIC_HW_ADDR_4: pscan_240710_2210_XA-000-08-003-000-001-200-06_HW_4_SET_57_19_118_57_VP_0_255_1_NP_100_holes.txt
240710-22:24:56	[INFO]	PSCAN_ASIC_HW_ADDR_7: pscan_240710_2217_XA-000-08-003-000-001-197-06_HW_7_SET_56_19_118_52_VP_0_255_1_NP_100_holes.txt
240710-22:32:13	[INFO]	PSCAN_ASIC_HW_ADDR_6: pscan_240710_2224_XA-000-08-003-000-001-199-06_HW_6_SET_58_18_118_38_VP_0_255_1_NP_100_holes.txt
240710-22:32:13	[INFO]	<<-- FINISHED MEASURING ENC AND CHECKING CALIBRATION
240711-09:34:49	MODULE_ID:	M5UL5T1010181B2_240711_0934
240711-09:34:49	[INFO]	TEST_CENTER: GSI
240711-09:34:49	[INFO]	OPERATOR_ID: Dairon Rodriguez Garces
240711-09:34:49	[INFO]	MODULE ID: 	M5UL5T1010181B2
240711-09:34:49	[INFO]	SENSOR_SIZE [mm]: 	124
240711-09:34:49	[INFO]	SENSOR_QGRADE: 	C
240711-09:35:07	[INFO]	-->> RUNNING SYNCHRONIZATION
240711-09:35:37	[INFO]	<<-- FINISHED SYNCHRONIZATION
240711-09:35:37	[INFO]	-->> READING LV VALUES BEFORE CONFIGURATION
240711-09:35:37	[INFO]	<<-- FINISHED READING LV VALUES BEFORE CONFIGURATION
240711-09:35:37	[INFO]	-->> LOADING STANDARD CONFIGURATION
240711-09:35:45	[INFO]	<<-- FINISHED LOADING STANDARD CONFIGURATION
240711-09:35:45	[INFO]	-->> READING ASICs ID
240711-09:35:46	[INFO]	<<-- FINISHED READING ASICs ID
240711-09:35:46	[INFO]	-->> READING LV VALUES AFTER CONFIGURATION
240711-09:35:56	[INFO]	<<-- FINISHED READING LV VALUES AFTER CONFIGURATION
240711-09:35:56	[INFO]	-->> READING VDDM & TEMPERATURE
240711-09:35:59	[INFO]	<<-- FINISHED READING VDDM & TEMPERATURE
240711-09:35:59	[INFO]	--> SETTING THE CALIBRATION TRIM
240711-09:37:51	[INFO]	<<-- FINISHED SETTING THE CALIBRATION TRIM
240711-09:37:51	[INFO]	--> CHECKING CHANNELS' CONNECTIVITY
240711-09:37:51	[INFO]	CONN-CHECK_ASIC_HW_ADDR_7: elect
240711-09:38:09	[INFO]	CONN-CHECK_ASIC_HW_ADDR_6: elect
240711-09:38:26	[INFO]	CONN-CHECK_ASIC_HW_ADDR_5: elect
240711-09:38:44	[INFO]	CONN-CHECK_ASIC_HW_ADDR_4: elect
240711-09:39:02	[INFO]	CONN-CHECK_ASIC_HW_ADDR_3: elect
240711-09:39:19	[INFO]	CONN-CHECK_ASIC_HW_ADDR_2: elect
240711-09:39:37	[INFO]	CONN-CHECK_ASIC_HW_ADDR_1: elect
240711-09:39:54	[INFO]	CONN-CHECK_ASIC_HW_ADDR_0: elect
240711-09:40:12	[INFO]	CONN-CHECK_ASIC_HW_ADDR_1: holes
240711-09:40:30	[INFO]	CONN-CHECK_ASIC_HW_ADDR_0: holes
240711-09:40:48	[INFO]	CONN-CHECK_ASIC_HW_ADDR_3: holes
240711-09:41:06	[INFO]	CONN-CHECK_ASIC_HW_ADDR_2: holes
240711-09:41:24	[INFO]	CONN-CHECK_ASIC_HW_ADDR_5: holes
240711-09:41:42	[INFO]	CONN-CHECK_ASIC_HW_ADDR_4: holes
240711-09:42:00	[INFO]	CONN-CHECK_ASIC_HW_ADDR_7: holes
240711-09:42:17	[INFO]	CONN-CHECK_ASIC_HW_ADDR_6: holes
240711-09:42:35	[INFO]	<<-- FINISHED CHECKING CHANNELS' CONNECTIVITY
240711-11:40:38	MODULE_ID:	M5UL5T1010181B2_240711_1140
240711-11:40:38	[INFO]	TEST_CENTER: GSI
240711-11:40:38	[INFO]	OPERATOR_ID: Dairon Rodriguez Garces
240711-11:40:38	[INFO]	MODULE ID: 	M5UL5T1010181B2
240711-11:40:38	[INFO]	SENSOR_SIZE [mm]: 	124
240711-11:40:38	[INFO]	SENSOR_QGRADE: 	C
240711-11:41:37	[INFO]	-->> RUNNING SYNCHRONIZATION
240711-11:42:10	[INFO]	<<-- FINISHED SYNCHRONIZATION
240711-11:42:10	[INFO]	-->> READING LV VALUES BEFORE CONFIGURATION
240711-11:42:10	[INFO]	<<-- FINISHED READING LV VALUES BEFORE CONFIGURATION
240711-11:42:10	[INFO]	-->> LOADING STANDARD CONFIGURATION
240711-11:42:19	[INFO]	<<-- FINISHED LOADING STANDARD CONFIGURATION
240711-11:42:19	[INFO]	-->> READING ASICs ID
240711-11:42:21	[INFO]	<<-- FINISHED READING ASICs ID
240711-11:42:21	[INFO]	-->> READING LV VALUES AFTER CONFIGURATION
240711-11:42:31	[INFO]	<<-- FINISHED READING LV VALUES AFTER CONFIGURATION
240711-11:42:31	[INFO]	-->> READING VDDM & TEMPERATURE
240711-11:42:34	[INFO]	<<-- FINISHED READING VDDM & TEMPERATURE
240711-11:42:34	[INFO]	--> SETTING THE CALIBRATION TRIM
240711-11:44:45	[INFO]	<<-- FINISHED SETTING THE CALIBRATION TRIM
240711-11:44:45	[INFO]	--> MEASURING ENC AND CHECKING CALIBRATION
240711-11:48:57	[INFO]	PSCAN_ASIC_HW_ADDR_7: pscan_240711_1144_XA-000-08-003-000-002-003-07_HW_7_SET_58_26_118_38_VP_0_255_1_NP_100_elect.txt
240711-11:52:56	[INFO]	PSCAN_ASIC_HW_ADDR_6: pscan_240711_1148_XA-000-08-003-000-001-252-15_HW_6_SET_55_23_118_51_VP_0_255_1_NP_100_elect.txt
240711-11:56:51	[INFO]	PSCAN_ASIC_HW_ADDR_5: pscan_240711_1152_XA-000-08-003-000-002-001-07_HW_5_SET_57_21_118_34_VP_0_255_1_NP_100_elect.txt
240711-12:00:50	[INFO]	PSCAN_ASIC_HW_ADDR_4: pscan_240711_1156_XA-000-08-003-000-001-253-15_HW_4_SET_58_22_118_37_VP_0_255_1_NP_100_elect.txt
240711-12:04:46	[INFO]	PSCAN_ASIC_HW_ADDR_3: pscan_240711_1200_XA-000-08-003-000-002-000-07_HW_3_SET_55_24_118_38_VP_0_255_1_NP_100_elect.txt
240711-12:08:40	[INFO]	PSCAN_ASIC_HW_ADDR_2: pscan_240711_1204_XA-000-08-003-000-001-254-15_HW_2_SET_57_22_118_43_VP_0_255_1_NP_100_elect.txt
240711-12:12:34	[INFO]	PSCAN_ASIC_HW_ADDR_1: pscan_240711_1208_XA-000-08-003-000-001-255-15_HW_1_SET_58_26_118_39_VP_0_255_1_NP_100_elect.txt
240711-12:16:30	[INFO]	PSCAN_ASIC_HW_ADDR_0: pscan_240711_1212_XA-000-08-003-000-001-239-08_HW_0_SET_55_21_118_53_VP_0_255_1_NP_100_elect.txt
240711-12:20:27	[INFO]	PSCAN_ASIC_HW_ADDR_1: pscan_240711_1216_XA-000-08-003-000-001-227-08_HW_1_SET_57_20_118_69_VP_0_255_1_NP_100_holes.txt
240711-12:24:19	[INFO]	PSCAN_ASIC_HW_ADDR_0: pscan_240711_1220_XA-000-08-003-000-001-196-06_HW_0_SET_57_21_118_10_VP_0_255_1_NP_100_holes.txt
240711-12:28:17	[INFO]	PSCAN_ASIC_HW_ADDR_3: pscan_240711_1224_XA-000-08-003-000-001-228-08_HW_3_SET_56_17_118_61_VP_0_255_1_NP_100_holes.txt
240711-12:32:15	[INFO]	PSCAN_ASIC_HW_ADDR_2: pscan_240711_1228_XA-000-08-003-000-001-201-06_HW_2_SET_58_20_118_61_VP_0_255_1_NP_100_holes.txt
240711-12:36:11	[INFO]	PSCAN_ASIC_HW_ADDR_5: pscan_240711_1232_XA-000-08-003-000-001-198-06_HW_5_SET_57_18_118_52_VP_0_255_1_NP_100_holes.txt
240711-12:40:07	[INFO]	PSCAN_ASIC_HW_ADDR_4: pscan_240711_1236_XA-000-08-003-000-001-200-06_HW_4_SET_57_19_118_57_VP_0_255_1_NP_100_holes.txt
240711-12:44:05	[INFO]	PSCAN_ASIC_HW_ADDR_7: pscan_240711_1240_XA-000-08-003-000-001-197-06_HW_7_SET_56_19_118_52_VP_0_255_1_NP_100_holes.txt
240711-12:48:02	[INFO]	PSCAN_ASIC_HW_ADDR_6: pscan_240711_1244_XA-000-08-003-000-001-199-06_HW_6_SET_58_18_118_38_VP_0_255_1_NP_100_holes.txt
240711-12:48:02	[INFO]	<<-- FINISHED MEASURING ENC AND CHECKING CALIBRATION
240711-16:34:41	MODULE_ID:	M5UL5T1010181B2_240711_1634
240711-16:34:41	[INFO]	TEST_CENTER: GSI
240711-16:34:41	[INFO]	OPERATOR_ID: Dairon Rodriguez Garces
240711-16:34:41	[INFO]	MODULE ID: 	M5UL5T1010181B2
240711-16:34:41	[INFO]	SENSOR_SIZE [mm]: 	124
240711-16:34:41	[INFO]	SENSOR_QGRADE: 	C
240711-16:35:00	[INFO]	-->> RUNNING SYNCHRONIZATION
240711-16:35:28	[INFO]	<<-- FINISHED SYNCHRONIZATION
240711-16:35:28	[INFO]	-->> READING LV VALUES BEFORE CONFIGURATION
240711-16:35:28	[INFO]	<<-- FINISHED READING LV VALUES BEFORE CONFIGURATION
240711-16:35:28	[INFO]	-->> LOADING STANDARD CONFIGURATION
240711-16:35:35	[INFO]	<<-- FINISHED LOADING STANDARD CONFIGURATION
240711-16:35:35	[INFO]	-->> READING ASICs ID
240711-16:35:36	[INFO]	<<-- FINISHED READING ASICs ID
240711-16:35:36	[INFO]	-->> READING LV VALUES AFTER CONFIGURATION
240711-16:35:46	[INFO]	<<-- FINISHED READING LV VALUES AFTER CONFIGURATION
240711-16:35:46	[INFO]	-->> READING VDDM & TEMPERATURE
240711-16:35:50	[INFO]	<<-- FINISHED READING VDDM & TEMPERATURE
240711-16:35:50	[INFO]	--> SETTING THE CALIBRATION TRIM
240711-16:37:34	[INFO]	<<-- FINISHED SETTING THE CALIBRATION TRIM
240711-16:37:34	[INFO]	--> MEASURING ENC AND CHECKING CALIBRATION
240711-16:44:18	MODULE_ID:	M5UL5T1010181B2_240711_1644
240711-16:44:18	[INFO]	TEST_CENTER: GSI
240711-16:44:18	[INFO]	OPERATOR_ID: Dairon Rodriguez Garces
240711-16:44:18	[INFO]	MODULE ID: 	M5UL5T1010181B2
240711-16:44:18	[INFO]	SENSOR_SIZE [mm]: 	124
240711-16:44:18	[INFO]	SENSOR_QGRADE: 	C
240711-16:44:31	[INFO]	-->> RUNNING SYNCHRONIZATION
240711-16:45:00	[INFO]	<<-- FINISHED SYNCHRONIZATION
240711-16:45:00	[INFO]	-->> READING LV VALUES BEFORE CONFIGURATION
240711-16:45:00	[INFO]	<<-- FINISHED READING LV VALUES BEFORE CONFIGURATION
240711-16:45:00	[INFO]	-->> LOADING STANDARD CONFIGURATION
240711-16:45:07	[INFO]	<<-- FINISHED LOADING STANDARD CONFIGURATION
240711-16:45:07	[INFO]	-->> READING ASICs ID
240711-16:45:08	[INFO]	<<-- FINISHED READING ASICs ID
240711-16:45:08	[INFO]	-->> READING LV VALUES AFTER CONFIGURATION
240711-16:45:18	[INFO]	<<-- FINISHED READING LV VALUES AFTER CONFIGURATION
240711-16:45:18	[INFO]	-->> READING VDDM & TEMPERATURE
240711-16:45:21	[INFO]	<<-- FINISHED READING VDDM & TEMPERATURE
240711-16:45:21	[INFO]	--> SETTING THE CALIBRATION TRIM
240711-16:47:06	[INFO]	<<-- FINISHED SETTING THE CALIBRATION TRIM
240711-16:47:06	[INFO]	--> MEASURING ENC AND CHECKING CALIBRATION
240711-16:49:42	MODULE_ID:	M5UL5T1010181B2_240711_1649
240711-16:49:42	[INFO]	TEST_CENTER: GSI
240711-16:49:42	[INFO]	OPERATOR_ID: Dairon Rodriguez Garces
240711-16:49:42	[INFO]	MODULE ID: 	M5UL5T1010181B2
240711-16:49:42	[INFO]	SENSOR_SIZE [mm]: 	124
240711-16:49:42	[INFO]	SENSOR_QGRADE: 	C
240711-16:52:23	MODULE_ID:	M5UL5T1010181B2_240711_1652
240711-16:52:23	[INFO]	TEST_CENTER: GSI
240711-16:52:23	[INFO]	OPERATOR_ID: Dairon Rodriguez Garces
240711-16:52:23	[INFO]	MODULE ID: 	M5UL5T1010181B2
240711-16:52:23	[INFO]	SENSOR_SIZE [mm]: 	124
240711-16:52:23	[INFO]	SENSOR_QGRADE: 	C
240711-16:52:34	[INFO]	-->> RUNNING SYNCHRONIZATION
240711-16:53:04	[INFO]	<<-- FINISHED SYNCHRONIZATION
240711-16:53:04	[INFO]	-->> READING LV VALUES BEFORE CONFIGURATION
240711-16:53:05	[INFO]	<<-- FINISHED READING LV VALUES BEFORE CONFIGURATION
240711-16:53:05	[INFO]	-->> LOADING STANDARD CONFIGURATION
240711-16:53:12	[INFO]	<<-- FINISHED LOADING STANDARD CONFIGURATION
240711-16:53:12	[INFO]	-->> READING ASICs ID
240711-16:53:13	[INFO]	<<-- FINISHED READING ASICs ID
240711-16:53:13	[INFO]	-->> READING LV VALUES AFTER CONFIGURATION
240711-16:53:23	[INFO]	<<-- FINISHED READING LV VALUES AFTER CONFIGURATION
240711-16:53:23	[INFO]	-->> READING VDDM & TEMPERATURE
240711-16:53:27	[INFO]	<<-- FINISHED READING VDDM & TEMPERATURE
240711-16:53:27	[INFO]	--> SETTING THE CALIBRATION TRIM
240711-16:55:22	[INFO]	<<-- FINISHED SETTING THE CALIBRATION TRIM
240711-16:55:22	[INFO]	--> MEASURING ENC AND CHECKING CALIBRATION
240711-17:07:37	MODULE_ID:	M5UL5T1010181B2_240711_1707
240711-17:07:37	[INFO]	TEST_CENTER: GSI
240711-17:07:37	[INFO]	OPERATOR_ID: Dairon Rodriguez Garces
240711-17:07:37	[INFO]	MODULE ID: 	M5UL5T1010181B2
240711-17:07:37	[INFO]	SENSOR_SIZE [mm]: 	124
240711-17:07:37	[INFO]	SENSOR_QGRADE: 	C
240711-17:07:46	[INFO]	-->> RUNNING SYNCHRONIZATION
240711-17:08:19	[INFO]	<<-- FINISHED SYNCHRONIZATION
240711-17:08:19	[INFO]	-->> READING LV VALUES BEFORE CONFIGURATION
240711-17:08:19	[INFO]	<<-- FINISHED READING LV VALUES BEFORE CONFIGURATION
240711-17:08:19	[INFO]	-->> LOADING STANDARD CONFIGURATION
240711-17:08:26	[INFO]	<<-- FINISHED LOADING STANDARD CONFIGURATION
240711-17:08:26	[INFO]	-->> READING ASICs ID
240711-17:08:26	[INFO]	<<-- FINISHED READING ASICs ID
240711-17:08:26	[INFO]	-->> READING LV VALUES AFTER CONFIGURATION
240711-17:08:37	[INFO]	<<-- FINISHED READING LV VALUES AFTER CONFIGURATION
240711-17:08:37	[INFO]	-->> READING VDDM & TEMPERATURE
240711-17:08:40	[INFO]	<<-- FINISHED READING VDDM & TEMPERATURE
240711-17:08:40	[INFO]	--> SETTING THE CALIBRATION TRIM
240711-17:10:49	[INFO]	<<-- FINISHED SETTING THE CALIBRATION TRIM
240711-17:10:49	[INFO]	--> MEASURING ENC AND CHECKING CALIBRATION
240711-17:21:00	[INFO]	PSCAN_ASIC_HW_ADDR_7: pscan_240711_1710_XA-000-08-003-000-002-003-07_HW_7_SET_58_26_116_38_VP_0_255_1_NP_500_elect.txt
240711-17:30:36	[INFO]	PSCAN_ASIC_HW_ADDR_6: pscan_240711_1721_XA-000-08-003-000-001-252-15_HW_6_SET_55_23_116_51_VP_0_255_1_NP_500_elect.txt
240711-17:37:43	MODULE_ID:	M5UL5T1010181B2_240711_1737
240711-17:37:43	[INFO]	TEST_CENTER: GSI
240711-17:37:43	[INFO]	OPERATOR_ID: Dairon Rodriguez Garces
240711-17:37:43	[INFO]	MODULE ID: 	M5UL5T1010181B2
240711-17:37:43	[INFO]	SENSOR_SIZE [mm]: 	124
240711-17:37:43	[INFO]	SENSOR_QGRADE: 	C
240711-17:37:55	[INFO]	-->> RUNNING SYNCHRONIZATION
240711-17:38:25	[INFO]	<<-- FINISHED SYNCHRONIZATION
240711-17:38:25	[INFO]	-->> READING LV VALUES BEFORE CONFIGURATION
240711-17:38:25	[INFO]	<<-- FINISHED READING LV VALUES BEFORE CONFIGURATION
240711-17:38:25	[INFO]	-->> LOADING STANDARD CONFIGURATION
240711-17:38:33	[INFO]	<<-- FINISHED LOADING STANDARD CONFIGURATION
240711-17:38:33	[INFO]	-->> READING ASICs ID
240711-17:38:34	[INFO]	<<-- FINISHED READING ASICs ID
240711-17:38:34	[INFO]	-->> READING LV VALUES AFTER CONFIGURATION
240711-17:38:44	[INFO]	<<-- FINISHED READING LV VALUES AFTER CONFIGURATION
240711-17:38:44	[INFO]	-->> READING VDDM & TEMPERATURE
240711-17:38:47	[INFO]	<<-- FINISHED READING VDDM & TEMPERATURE
240711-17:38:47	[INFO]	--> SETTING THE CALIBRATION TRIM
240711-17:40:41	[INFO]	<<-- FINISHED SETTING THE CALIBRATION TRIM
240711-17:40:41	[INFO]	--> MEASURING ENC AND CHECKING CALIBRATION
240711-17:43:52	MODULE_ID:	M5UL5T1010181B2_240711_1743
240711-17:43:52	[INFO]	TEST_CENTER: GSI
240711-17:43:52	[INFO]	OPERATOR_ID: Dairon Rodriguez Garces
240711-17:43:52	[INFO]	MODULE ID: 	M5UL5T1010181B2
240711-17:43:52	[INFO]	SENSOR_SIZE [mm]: 	124
240711-17:43:52	[INFO]	SENSOR_QGRADE: 	C
240711-17:44:12	[INFO]	-->> RUNNING SYNCHRONIZATION
240711-17:44:43	[INFO]	<<-- FINISHED SYNCHRONIZATION
240711-17:44:43	[INFO]	-->> READING LV VALUES BEFORE CONFIGURATION
240711-17:44:43	[INFO]	<<-- FINISHED READING LV VALUES BEFORE CONFIGURATION
240711-17:44:43	[INFO]	-->> LOADING STANDARD CONFIGURATION
240711-17:44:50	[INFO]	<<-- FINISHED LOADING STANDARD CONFIGURATION
240711-17:44:50	[INFO]	-->> READING ASICs ID
240711-17:44:51	[INFO]	<<-- FINISHED READING ASICs ID
240711-17:44:51	[INFO]	-->> READING LV VALUES AFTER CONFIGURATION
240711-17:45:02	[INFO]	<<-- FINISHED READING LV VALUES AFTER CONFIGURATION
240711-17:45:02	[INFO]	-->> READING VDDM & TEMPERATURE
240711-17:45:05	[INFO]	<<-- FINISHED READING VDDM & TEMPERATURE
240711-17:45:05	[INFO]	--> SETTING THE CALIBRATION TRIM
240711-17:47:11	[INFO]	<<-- FINISHED SETTING THE CALIBRATION TRIM
240711-17:47:11	[INFO]	--> MEASURING ENC AND CHECKING CALIBRATION
240711-17:55:57	[INFO]	PSCAN_ASIC_HW_ADDR_7: pscan_240711_1747_XA-000-08-003-000-002-003-07_HW_7_SET_58_26_114_38_VP_0_255_1_NP_500_elect.txt
240711-18:04:21	[INFO]	PSCAN_ASIC_HW_ADDR_6: pscan_240711_1755_XA-000-08-003-000-001-252-15_HW_6_SET_55_23_114_51_VP_0_255_1_NP_500_elect.txt
240711-18:13:03	[INFO]	PSCAN_ASIC_HW_ADDR_5: pscan_240711_1804_XA-000-08-003-000-002-001-07_HW_5_SET_57_21_114_34_VP_0_255_1_NP_500_elect.txt
240711-18:21:47	[INFO]	PSCAN_ASIC_HW_ADDR_4: pscan_240711_1813_XA-000-08-003-000-001-253-15_HW_4_SET_58_22_114_37_VP_0_255_1_NP_500_elect.txt
240711-18:30:33	[INFO]	PSCAN_ASIC_HW_ADDR_3: pscan_240711_1821_XA-000-08-003-000-002-000-07_HW_3_SET_55_24_114_38_VP_0_255_1_NP_500_elect.txt
240711-18:39:15	[INFO]	PSCAN_ASIC_HW_ADDR_2: pscan_240711_1830_XA-000-08-003-000-001-254-15_HW_2_SET_57_22_114_43_VP_0_255_1_NP_500_elect.txt
240711-18:47:58	[INFO]	PSCAN_ASIC_HW_ADDR_1: pscan_240711_1839_XA-000-08-003-000-001-255-15_HW_1_SET_58_26_114_39_VP_0_255_1_NP_500_elect.txt
240711-18:56:37	[INFO]	PSCAN_ASIC_HW_ADDR_0: pscan_240711_1848_XA-000-08-003-000-001-239-08_HW_0_SET_55_21_114_53_VP_0_255_1_NP_500_elect.txt
240711-19:05:23	[INFO]	PSCAN_ASIC_HW_ADDR_1: pscan_240711_1856_XA-000-08-003-000-001-227-08_HW_1_SET_57_20_114_69_VP_0_255_1_NP_500_holes.txt
240711-19:14:06	[INFO]	PSCAN_ASIC_HW_ADDR_0: pscan_240711_1905_XA-000-08-003-000-001-196-06_HW_0_SET_57_21_114_10_VP_0_255_1_NP_500_holes.txt
240711-19:22:51	[INFO]	PSCAN_ASIC_HW_ADDR_3: pscan_240711_1914_XA-000-08-003-000-001-228-08_HW_3_SET_56_17_114_61_VP_0_255_1_NP_500_holes.txt
240711-19:31:35	[INFO]	PSCAN_ASIC_HW_ADDR_2: pscan_240711_1922_XA-000-08-003-000-001-201-06_HW_2_SET_58_20_114_61_VP_0_255_1_NP_500_holes.txt
240711-19:40:22	[INFO]	PSCAN_ASIC_HW_ADDR_5: pscan_240711_1931_XA-000-08-003-000-001-198-06_HW_5_SET_57_18_114_52_VP_0_255_1_NP_500_holes.txt
240711-19:49:02	[INFO]	PSCAN_ASIC_HW_ADDR_4: pscan_240711_1940_XA-000-08-003-000-001-200-06_HW_4_SET_57_19_114_57_VP_0_255_1_NP_500_holes.txt
240711-19:57:42	[INFO]	PSCAN_ASIC_HW_ADDR_7: pscan_240711_1949_XA-000-08-003-000-001-197-06_HW_7_SET_56_19_114_52_VP_0_255_1_NP_500_holes.txt
240711-20:06:29	[INFO]	PSCAN_ASIC_HW_ADDR_6: pscan_240711_1957_XA-000-08-003-000-001-199-06_HW_6_SET_58_18_114_38_VP_0_255_1_NP_500_holes.txt
240711-20:06:29	[INFO]	<<-- FINISHED MEASURING ENC AND CHECKING CALIBRATION
