240823-11:47:04	MODULE_ID:	M7DL7T1001261A2
240823-11:47:04	[INFO]	TEST_CENTER: GSI
240823-11:47:04	[INFO]	OPERATOR_ID: Dairon Rodriguez Garces
240823-11:47:04	[INFO]	MODULE ID: 	M7DL7T1001261A2
240823-11:47:04	[INFO]	SENSOR_SIZE [mm]: 	124
240823-11:47:04	[INFO]	SENSOR_QGRADE: 	D
240823-11:48:19	[INFO]	-->> RUNNING SYNCHRONIZATION
240823-11:48:49	[INFO]	<<-- FINISHED SYNCHRONIZATION
240823-11:48:49	[INFO]	-->> READING LV VALUES BEFORE CONFIGURATION
240823-11:48:49	[INFO]	<<-- FINISHED READING LV VALUES BEFORE CONFIGURATION
240823-11:48:49	[INFO]	-->> LOADING STANDARD CONFIGURATION
240823-11:48:57	[INFO]	<<-- FINISHED LOADING STANDARD CONFIGURATION
240823-11:48:57	[INFO]	-->> READING ASICs ID
240823-11:48:58	[INFO]	<<-- FINISHED READING ASICs ID
240823-11:48:58	[INFO]	-->> READING LV VALUES AFTER CONFIGURATION
240823-11:49:08	[INFO]	<<-- FINISHED READING LV VALUES AFTER CONFIGURATION
240823-11:49:08	[INFO]	-->> READING VDDM & TEMPERATURE
240823-11:49:11	[INFO]	<<-- FINISHED READING VDDM & TEMPERATURE
240823-11:49:11	[INFO]	-->> LOADING DEFAULT TRIM VALUES
240823-11:50:11	[INFO]	<<-- FINISHED LOADING DEFAULT TRIM VALUES
240823-11:50:11	[INFO]	-->> FINDING VREF_P, VREF_N & THR@_GLB FOR CALIBRATION
240823-11:57:10	[INFO]	<<-- FINISHED FINDING VREF_P, VREF_N & THR@_GLB FOR CALIBRATION
240823-11:57:10	[INFO]	--> SETTING THE CALIBRATION PARAMETERS
240823-11:57:10	[INFO]	<<-- FINISHED SETTING THE CALIBRATION PARAMETERS
240823-11:57:10	[INFO]	-->> CALIBRATING THE MODULE
240823-12:06:16	[INFO]	CAL_ASIC_HW_ADDR_1: ftrim_XA-000-08-002-000-008-186-01_HW_1_SET_58_25_118_37_R_30_247_elect.txt
240823-12:15:18	[INFO]	CAL_ASIC_HW_ADDR_0: ftrim_XA-000-08-002-000-008-076-07_HW_0_SET_56_24_118_37_R_30_247_elect.txt
240823-12:24:23	[INFO]	CAL_ASIC_HW_ADDR_3: ftrim_XA-000-08-002-000-008-144-15_HW_3_SET_57_26_118_36_R_30_247_elect.txt
240823-12:33:29	[INFO]	CAL_ASIC_HW_ADDR_2: ftrim_XA-000-08-002-000-008-154-15_HW_2_SET_56_21_118_40_R_30_247_elect.txt
240823-12:42:37	[INFO]	CAL_ASIC_HW_ADDR_5: ftrim_XA-000-08-002-000-008-166-06_HW_5_SET_58_26_118_37_R_30_247_elect.txt
240823-12:51:38	[INFO]	CAL_ASIC_HW_ADDR_4: ftrim_XA-000-08-002-000-008-183-01_HW_4_SET_55_24_118_39_R_30_247_elect.txt
240823-13:00:49	[INFO]	CAL_ASIC_HW_ADDR_7: ftrim_XA-000-08-002-000-008-073-07_HW_7_SET_56_23_118_34_R_30_247_elect.txt
240823-13:09:58	[INFO]	CAL_ASIC_HW_ADDR_6: ftrim_XA-000-08-002-000-008-185-01_HW_6_SET_56_26_118_37_R_30_247_elect.txt
240823-13:19:03	[INFO]	CAL_ASIC_HW_ADDR_7: ftrim_XA-000-08-002-000-008-045-12_HW_7_SET_56_22_118_30_R_30_247_holes.txt
240823-13:28:12	[INFO]	CAL_ASIC_HW_ADDR_6: ftrim_XA-000-08-002-000-008-189-01_HW_6_SET_58_21_118_39_R_30_247_holes.txt
240823-13:37:22	[INFO]	CAL_ASIC_HW_ADDR_5: ftrim_XA-000-08-002-000-008-079-07_HW_5_SET_57_20_118_49_R_30_247_holes.txt
240823-13:46:35	[INFO]	CAL_ASIC_HW_ADDR_4: ftrim_XA-000-08-002-000-008-177-01_HW_4_SET_57_20_118_38_R_30_247_holes.txt
240823-13:55:45	[INFO]	CAL_ASIC_HW_ADDR_3: ftrim_XA-000-08-002-000-008-172-06_HW_3_SET_57_21_118_47_R_30_247_holes.txt
240823-14:04:54	[INFO]	CAL_ASIC_HW_ADDR_2: ftrim_XA-000-08-002-000-008-191-01_HW_2_SET_55_18_118_38_R_30_247_holes.txt
240823-14:14:05	[INFO]	CAL_ASIC_HW_ADDR_1: ftrim_XA-000-08-002-000-008-141-08_HW_1_SET_55_20_118_32_R_30_247_holes.txt
240823-14:23:10	[INFO]	CAL_ASIC_HW_ADDR_0: ftrim_XA-000-08-002-000-008-070-07_HW_0_SET_57_18_118_32_R_30_247_holes.txt
240823-14:23:10	[INFO]	<<-- FINISHED CALIBRATING THE MODULE
240823-14:23:10	[INFO]	--> SETTING THE CALIBRATION TRIM
240823-14:25:07	[INFO]	<<-- FINISHED SETTING THE CALIBRATION TRIM
240823-14:25:07	[INFO]	--> MEASURING ENC AND CHECKING CALIBRATION
240823-14:32:19	[INFO]	PSCAN_ASIC_HW_ADDR_1: pscan_240823_1425_XA-000-08-002-000-008-186-01_HW_1_SET_58_25_118_37_VP_0_255_1_NP_100_elect.txt
240823-14:39:22	[INFO]	PSCAN_ASIC_HW_ADDR_0: pscan_240823_1432_XA-000-08-002-000-008-076-07_HW_0_SET_56_24_118_37_VP_0_255_1_NP_100_elect.txt
240823-14:46:24	[INFO]	PSCAN_ASIC_HW_ADDR_3: pscan_240823_1439_XA-000-08-002-000-008-144-15_HW_3_SET_57_26_118_36_VP_0_255_1_NP_100_elect.txt
240823-14:53:24	[INFO]	PSCAN_ASIC_HW_ADDR_2: pscan_240823_1446_XA-000-08-002-000-008-154-15_HW_2_SET_56_21_118_40_VP_0_255_1_NP_100_elect.txt
240823-15:00:28	[INFO]	PSCAN_ASIC_HW_ADDR_5: pscan_240823_1453_XA-000-08-002-000-008-166-06_HW_5_SET_58_26_118_37_VP_0_255_1_NP_100_elect.txt
240823-15:07:36	[INFO]	PSCAN_ASIC_HW_ADDR_4: pscan_240823_1500_XA-000-08-002-000-008-183-01_HW_4_SET_55_24_118_39_VP_0_255_1_NP_100_elect.txt
240823-15:14:39	[INFO]	PSCAN_ASIC_HW_ADDR_7: pscan_240823_1507_XA-000-08-002-000-008-073-07_HW_7_SET_56_23_118_34_VP_0_255_1_NP_100_elect.txt
240823-15:21:40	[INFO]	PSCAN_ASIC_HW_ADDR_6: pscan_240823_1514_XA-000-08-002-000-008-185-01_HW_6_SET_56_26_118_37_VP_0_255_1_NP_100_elect.txt
240823-15:28:50	[INFO]	PSCAN_ASIC_HW_ADDR_7: pscan_240823_1521_XA-000-08-002-000-008-045-12_HW_7_SET_56_22_118_30_VP_0_255_1_NP_100_holes.txt
240823-15:36:03	[INFO]	PSCAN_ASIC_HW_ADDR_6: pscan_240823_1528_XA-000-08-002-000-008-189-01_HW_6_SET_58_21_118_39_VP_0_255_1_NP_100_holes.txt
240823-15:43:30	[INFO]	PSCAN_ASIC_HW_ADDR_5: pscan_240823_1536_XA-000-08-002-000-008-079-07_HW_5_SET_57_20_118_49_VP_0_255_1_NP_100_holes.txt
240823-15:50:48	[INFO]	PSCAN_ASIC_HW_ADDR_4: pscan_240823_1543_XA-000-08-002-000-008-177-01_HW_4_SET_57_20_118_38_VP_0_255_1_NP_100_holes.txt
240823-15:57:52	[INFO]	PSCAN_ASIC_HW_ADDR_3: pscan_240823_1550_XA-000-08-002-000-008-172-06_HW_3_SET_57_21_118_47_VP_0_255_1_NP_100_holes.txt
240823-16:05:00	[INFO]	PSCAN_ASIC_HW_ADDR_2: pscan_240823_1557_XA-000-08-002-000-008-191-01_HW_2_SET_55_18_118_38_VP_0_255_1_NP_100_holes.txt
240823-16:12:02	[INFO]	PSCAN_ASIC_HW_ADDR_1: pscan_240823_1605_XA-000-08-002-000-008-141-08_HW_1_SET_55_20_118_32_VP_0_255_1_NP_100_holes.txt
240823-16:19:08	[INFO]	PSCAN_ASIC_HW_ADDR_0: pscan_240823_1612_XA-000-08-002-000-008-070-07_HW_0_SET_57_18_118_32_VP_0_255_1_NP_100_holes.txt
240823-16:19:08	[INFO]	<<-- FINISHED MEASURING ENC AND CHECKING CALIBRATION
240826-09:44:48	MODULE_ID:	M7DL7T1001261A2_240826_0944
240826-09:44:48	[INFO]	TEST_CENTER: GSI
240826-09:44:48	[INFO]	OPERATOR_ID: Dairon Rodriguez Garces
240826-09:44:48	[INFO]	MODULE ID: 	M7DL7T1001261A2
240826-09:44:48	[INFO]	SENSOR_SIZE [mm]: 	124
240826-09:44:48	[INFO]	SENSOR_QGRADE: 	D
240826-09:48:37	[INFO]	-->> RUNNING SYNCHRONIZATION
240826-09:49:08	[INFO]	<<-- FINISHED SYNCHRONIZATION
240826-09:49:08	[INFO]	-->> READING LV VALUES BEFORE CONFIGURATION
240826-09:49:08	[INFO]	<<-- FINISHED READING LV VALUES BEFORE CONFIGURATION
240826-09:49:08	[INFO]	-->> LOADING STANDARD CONFIGURATION
240826-09:49:15	[INFO]	<<-- FINISHED LOADING STANDARD CONFIGURATION
240826-09:49:15	[INFO]	-->> READING ASICs ID
240826-09:49:16	[INFO]	<<-- FINISHED READING ASICs ID
240826-09:49:16	[INFO]	-->> READING LV VALUES AFTER CONFIGURATION
240826-09:49:26	[INFO]	<<-- FINISHED READING LV VALUES AFTER CONFIGURATION
240826-09:49:26	[INFO]	-->> READING VDDM & TEMPERATURE
240826-09:49:30	[INFO]	<<-- FINISHED READING VDDM & TEMPERATURE
240826-09:49:30	[INFO]	--> SETTING THE CALIBRATION TRIM
240826-09:51:23	[INFO]	<<-- FINISHED SETTING THE CALIBRATION TRIM
240826-09:51:23	[INFO]	--> CHECKING CHANNELS' CONNECTIVITY
240826-09:51:23	[INFO]	CONN-CHECK_ASIC_HW_ADDR_1: elect
240826-09:51:41	[INFO]	CONN-CHECK_ASIC_HW_ADDR_0: elect
240826-09:51:58	[INFO]	CONN-CHECK_ASIC_HW_ADDR_3: elect
240826-09:52:15	[INFO]	CONN-CHECK_ASIC_HW_ADDR_2: elect
240826-09:52:33	[INFO]	CONN-CHECK_ASIC_HW_ADDR_5: elect
240826-09:52:50	[INFO]	CONN-CHECK_ASIC_HW_ADDR_4: elect
240826-09:53:09	[INFO]	CONN-CHECK_ASIC_HW_ADDR_7: elect
240826-09:53:29	[INFO]	CONN-CHECK_ASIC_HW_ADDR_6: elect
240826-09:53:47	[INFO]	CONN-CHECK_ASIC_HW_ADDR_7: holes
240826-09:54:04	[INFO]	CONN-CHECK_ASIC_HW_ADDR_6: holes
240826-09:54:21	[INFO]	CONN-CHECK_ASIC_HW_ADDR_5: holes
240826-09:54:40	[INFO]	CONN-CHECK_ASIC_HW_ADDR_4: holes
240826-09:55:00	[INFO]	CONN-CHECK_ASIC_HW_ADDR_3: holes
240826-09:55:18	[INFO]	CONN-CHECK_ASIC_HW_ADDR_2: holes
240826-09:55:36	[INFO]	CONN-CHECK_ASIC_HW_ADDR_1: holes
240826-09:55:53	[INFO]	CONN-CHECK_ASIC_HW_ADDR_0: holes
240826-09:56:11	[INFO]	<<-- FINISHED CHECKING CHANNELS' CONNECTIVITY
