240624-10:41:34	MODULE_ID:	M5UL5T0010180B2
240624-10:41:34	[INFO]	TEST_CENTER: GSI
240624-10:41:34	[INFO]	OPERATOR_ID: Dairon Rodriguez Garces
240624-10:41:34	[INFO]	MODULE ID: 	M5UL5T0010180B2
240624-10:41:34	[INFO]	SENSOR_SIZE [mm]: 	62
240624-10:41:34	[INFO]	SENSOR_QGRADE: 	C
240624-10:42:25	[INFO]	-->> RUNNING SYNCHRONIZATION
240624-10:42:55	[INFO]	<<-- FINISHED SYNCHRONIZATION
240624-10:42:55	[INFO]	-->> READING LV VALUES BEFORE CONFIGURATION
240624-10:42:55	[INFO]	<<-- FINISHED READING LV VALUES BEFORE CONFIGURATION
240624-10:42:55	[INFO]	-->> LOADING STANDARD CONFIGURATION
240624-10:43:02	[INFO]	<<-- FINISHED LOADING STANDARD CONFIGURATION
240624-10:43:02	[INFO]	-->> READING ASICs ID
240624-10:43:03	[INFO]	<<-- FINISHED READING ASICs ID
240624-10:43:03	[INFO]	-->> LOADING DEFAULT TRIM VALUES
240624-10:44:03	[INFO]	<<-- FINISHED LOADING DEFAULT TRIM VALUES
240624-10:44:03	[INFO]	-->> READING LV VALUES AFTER CONFIGURATION
240624-10:44:14	[INFO]	<<-- FINISHED READING LV VALUES AFTER CONFIGURATION
240624-10:44:14	[INFO]	-->> READING VDDM & TEMPERATURE
240624-10:44:17	[INFO]	<<-- FINISHED READING VDDM & TEMPERATURE
240624-10:44:17	[INFO]	-->> LOADING DEFAULT TRIM VALUES
240624-10:45:14	[INFO]	<<-- FINISHED LOADING DEFAULT TRIM VALUES
240624-10:45:14	[INFO]	-->> FINDING VREF_P, VREF_N & THR@_GLB FOR CALIBRATION
240624-10:52:42	[INFO]	<<-- FINISHED FINDING VREF_P, VREF_N & THR@_GLB FOR CALIBRATION
240624-10:52:42	[INFO]	--> SETTING THE CALIBRATION PARAMETERS
240624-10:52:42	[INFO]	<<-- FINISHED SETTING THE CALIBRATION PARAMETERS
240624-10:52:42	[INFO]	-->> CALIBRATING THE MODULE
240624-11:02:10	[INFO]	CAL_ASIC_HW_ADDR_7: ftrim_XA-000-08-003-000-001-231-08_HW_7_SET_57_25_118_62_R_30_247_elect.txt
240624-11:11:27	[INFO]	CAL_ASIC_HW_ADDR_6: ftrim_XA-000-08-003-000-001-236-08_HW_6_SET_57_22_118_64_R_30_247_elect.txt
240624-11:20:49	[INFO]	CAL_ASIC_HW_ADDR_5: ftrim_XA-000-08-003-000-001-234-08_HW_5_SET_56_24_118_63_R_30_247_elect.txt
240624-11:30:08	[INFO]	CAL_ASIC_HW_ADDR_4: ftrim_XA-000-08-003-000-001-212-01_HW_4_SET_57_24_118_10_R_30_247_elect.txt
240624-11:39:50	[INFO]	CAL_ASIC_HW_ADDR_3: ftrim_XA-000-08-003-000-001-232-08_HW_3_SET_54_23_118_67_R_30_247_elect.txt
240624-11:49:44	[INFO]	CAL_ASIC_HW_ADDR_2: ftrim_XA-000-08-003-000-001-238-08_HW_2_SET_56_23_118_68_R_30_247_elect.txt
240624-11:59:12	[INFO]	CAL_ASIC_HW_ADDR_1: ftrim_XA-000-08-003-000-001-235-08_HW_1_SET_57_25_118_61_R_30_247_elect.txt
240624-12:08:26	[INFO]	CAL_ASIC_HW_ADDR_0: ftrim_XA-000-08-003-000-001-213-01_HW_0_SET_56_22_118_10_R_30_247_elect.txt
240624-12:17:33	[INFO]	CAL_ASIC_HW_ADDR_1: ftrim_XA-000-08-003-000-001-214-01_HW_1_SET_57_22_118_10_R_30_247_holes.txt
240624-12:26:40	[INFO]	CAL_ASIC_HW_ADDR_0: ftrim_XA-000-08-003-000-001-222-01_HW_0_SET_57_20_118_10_R_30_247_holes.txt
240624-12:35:44	[INFO]	CAL_ASIC_HW_ADDR_3: ftrim_XA-000-08-003-000-001-215-01_HW_3_SET_56_21_118_61_R_30_247_holes.txt
240624-12:44:55	[INFO]	CAL_ASIC_HW_ADDR_2: ftrim_XA-000-08-003-000-001-223-01_HW_2_SET_56_21_118_10_R_30_247_holes.txt
240624-12:54:12	[INFO]	CAL_ASIC_HW_ADDR_5: ftrim_XA-000-08-003-000-001-217-01_HW_5_SET_57_23_118_10_R_30_247_holes.txt
240624-13:03:22	[INFO]	CAL_ASIC_HW_ADDR_4: ftrim_XA-000-08-003-000-001-224-08_HW_4_SET_55_23_118_10_R_30_247_holes.txt
240624-13:12:30	[INFO]	CAL_ASIC_HW_ADDR_7: ftrim_XA-000-08-003-000-001-220-01_HW_7_SET_57_21_118_67_R_30_247_holes.txt
240624-13:21:43	[INFO]	CAL_ASIC_HW_ADDR_6: ftrim_XA-000-08-003-000-001-226-08_HW_6_SET_57_23_118_10_R_30_247_holes.txt
240624-13:21:43	[INFO]	<<-- FINISHED CALIBRATING THE MODULE
240624-13:21:43	[INFO]	--> SETTING THE CALIBRATION TRIM
240624-13:23:40	[INFO]	<<-- FINISHED SETTING THE CALIBRATION TRIM
240624-13:23:40	[INFO]	--> MEASURING ENC AND CHECKING CALIBRATION
240624-13:31:01	[INFO]	PSCAN_ASIC_HW_ADDR_7: pscan_240624_1323_XA-000-08-003-000-001-231-08_HW_7_SET_57_25_118_62_VP_0_255_1_NP_100_elect.txt
240624-13:38:26	[INFO]	PSCAN_ASIC_HW_ADDR_6: pscan_240624_1331_XA-000-08-003-000-001-236-08_HW_6_SET_57_22_118_64_VP_0_255_1_NP_100_elect.txt
240624-13:45:48	[INFO]	PSCAN_ASIC_HW_ADDR_5: pscan_240624_1338_XA-000-08-003-000-001-234-08_HW_5_SET_56_24_118_63_VP_0_255_1_NP_100_elect.txt
240624-13:53:11	[INFO]	PSCAN_ASIC_HW_ADDR_4: pscan_240624_1345_XA-000-08-003-000-001-212-01_HW_4_SET_57_24_118_10_VP_0_255_1_NP_100_elect.txt
240624-14:00:28	[INFO]	PSCAN_ASIC_HW_ADDR_3: pscan_240624_1353_XA-000-08-003-000-001-232-08_HW_3_SET_54_23_118_67_VP_0_255_1_NP_100_elect.txt
240624-14:07:45	[INFO]	PSCAN_ASIC_HW_ADDR_2: pscan_240624_1400_XA-000-08-003-000-001-238-08_HW_2_SET_56_23_118_68_VP_0_255_1_NP_100_elect.txt
240624-14:14:59	[INFO]	PSCAN_ASIC_HW_ADDR_1: pscan_240624_1407_XA-000-08-003-000-001-235-08_HW_1_SET_57_25_118_61_VP_0_255_1_NP_100_elect.txt
240624-14:22:13	[INFO]	PSCAN_ASIC_HW_ADDR_0: pscan_240624_1414_XA-000-08-003-000-001-213-01_HW_0_SET_56_22_118_10_VP_0_255_1_NP_100_elect.txt
240624-14:29:27	[INFO]	PSCAN_ASIC_HW_ADDR_1: pscan_240624_1422_XA-000-08-003-000-001-214-01_HW_1_SET_57_22_118_10_VP_0_255_1_NP_100_holes.txt
240624-14:36:43	[INFO]	PSCAN_ASIC_HW_ADDR_0: pscan_240624_1429_XA-000-08-003-000-001-222-01_HW_0_SET_57_20_118_10_VP_0_255_1_NP_100_holes.txt
240624-14:44:04	[INFO]	PSCAN_ASIC_HW_ADDR_3: pscan_240624_1436_XA-000-08-003-000-001-215-01_HW_3_SET_56_21_118_61_VP_0_255_1_NP_100_holes.txt
240624-14:51:24	[INFO]	PSCAN_ASIC_HW_ADDR_2: pscan_240624_1444_XA-000-08-003-000-001-223-01_HW_2_SET_56_21_118_10_VP_0_255_1_NP_100_holes.txt
240624-14:58:44	[INFO]	PSCAN_ASIC_HW_ADDR_5: pscan_240624_1451_XA-000-08-003-000-001-217-01_HW_5_SET_57_23_118_10_VP_0_255_1_NP_100_holes.txt
240624-15:06:08	[INFO]	PSCAN_ASIC_HW_ADDR_4: pscan_240624_1458_XA-000-08-003-000-001-224-08_HW_4_SET_55_23_118_10_VP_0_255_1_NP_100_holes.txt
240624-15:13:40	[INFO]	PSCAN_ASIC_HW_ADDR_7: pscan_240624_1506_XA-000-08-003-000-001-220-01_HW_7_SET_57_21_118_67_VP_0_255_1_NP_100_holes.txt
240624-15:21:46	[INFO]	PSCAN_ASIC_HW_ADDR_6: pscan_240624_1513_XA-000-08-003-000-001-226-08_HW_6_SET_57_23_118_10_VP_0_255_1_NP_100_holes.txt
240624-15:21:46	[INFO]	<<-- FINISHED MEASURING ENC AND CHECKING CALIBRATION
240624-15:44:41	MODULE_ID:	M5UL5T0010180B2_240624_1544
240624-15:44:41	[INFO]	TEST_CENTER: GSI
240624-15:44:41	[INFO]	OPERATOR_ID: Dairon Rodriguez Garces
240624-15:44:41	[INFO]	MODULE ID: 	M5UL5T0010180B2
240624-15:44:41	[INFO]	SENSOR_SIZE [mm]: 	62
240624-15:44:41	[INFO]	SENSOR_QGRADE: 	C
240624-15:45:09	[INFO]	-->> RUNNING SYNCHRONIZATION
240624-15:45:39	[INFO]	<<-- FINISHED SYNCHRONIZATION
240624-15:45:39	[INFO]	-->> READING LV VALUES BEFORE CONFIGURATION
240624-15:45:39	[INFO]	<<-- FINISHED READING LV VALUES BEFORE CONFIGURATION
240624-15:45:39	[INFO]	-->> LOADING STANDARD CONFIGURATION
240624-15:45:47	[INFO]	<<-- FINISHED LOADING STANDARD CONFIGURATION
240624-15:45:47	[INFO]	-->> READING ASICs ID
240624-15:45:48	[INFO]	<<-- FINISHED READING ASICs ID
240624-15:45:48	[INFO]	-->> LOADING DEFAULT TRIM VALUES
240624-15:46:52	[INFO]	<<-- FINISHED LOADING DEFAULT TRIM VALUES
240624-15:46:52	[INFO]	-->> READING LV VALUES AFTER CONFIGURATION
240624-15:47:02	[INFO]	<<-- FINISHED READING LV VALUES AFTER CONFIGURATION
240624-15:47:02	[INFO]	-->> READING VDDM & TEMPERATURE
240624-15:47:06	[INFO]	<<-- FINISHED READING VDDM & TEMPERATURE
240624-15:47:06	[INFO]	--> SETTING THE CALIBRATION TRIM
240624-15:49:05	[INFO]	<<-- FINISHED SETTING THE CALIBRATION TRIM
240624-15:49:05	[INFO]	--> CHECKING CHANNELS' CONNECTIVITY
240624-15:49:05	[INFO]	CONN-CHECK_ASIC_HW_ADDR_7: elect
240624-15:49:24	[INFO]	CONN-CHECK_ASIC_HW_ADDR_6: elect
240624-15:49:44	[INFO]	CONN-CHECK_ASIC_HW_ADDR_5: elect
240624-15:50:04	[INFO]	CONN-CHECK_ASIC_HW_ADDR_4: elect
240624-15:50:26	[INFO]	CONN-CHECK_ASIC_HW_ADDR_3: elect
240624-15:50:47	[INFO]	CONN-CHECK_ASIC_HW_ADDR_2: elect
240624-15:51:09	[INFO]	CONN-CHECK_ASIC_HW_ADDR_1: elect
240624-15:51:28	[INFO]	CONN-CHECK_ASIC_HW_ADDR_0: elect
240624-15:51:47	[INFO]	CONN-CHECK_ASIC_HW_ADDR_1: holes
240624-15:52:07	[INFO]	CONN-CHECK_ASIC_HW_ADDR_0: holes
240624-15:52:26	[INFO]	CONN-CHECK_ASIC_HW_ADDR_3: holes
240624-15:52:44	[INFO]	CONN-CHECK_ASIC_HW_ADDR_2: holes
240624-15:53:03	[INFO]	CONN-CHECK_ASIC_HW_ADDR_5: holes
240624-15:53:23	[INFO]	CONN-CHECK_ASIC_HW_ADDR_4: holes
240624-15:53:42	[INFO]	CONN-CHECK_ASIC_HW_ADDR_7: holes
240624-15:54:02	[INFO]	CONN-CHECK_ASIC_HW_ADDR_6: holes
240624-15:54:23	[INFO]	<<-- FINISHED CHECKING CHANNELS' CONNECTIVITY
